20211226T175447
linux-5.4.0-91-generic-x86-64-x86-64
metrics-4.1.22
mvn -Dmaven.repo.local=/mnt/ramdisk/.m2/repository -T 8 clean test package
[INFO] Scanning for projects...
[INFO] ------------------------------------------------------------------------
[INFO] Reactor Build Order:
[INFO] 
[INFO] Metrics Parent                                                     [pom]
[INFO] Metrics Documentation                                              [jar]
[INFO] Metrics BOM                                                        [pom]
[INFO] Annotations for Metrics                                         [bundle]
[INFO] Metrics Core                                                    [bundle]
[INFO] Benchmarks for Metrics                                             [jar]
[INFO] Metrics Integration for Caffeine                                [bundle]
[INFO] Metrics Integration for Collectd                                [bundle]
[INFO] Metrics Integration for Ehcache                                 [bundle]
[INFO] Graphite Integration for Metrics                                [bundle]
[INFO] JVM Integration for Metrics                                     [bundle]
[INFO] Metrics Health Checks                                           [bundle]
[INFO] Metrics Integration for Apache HttpClient                       [bundle]
[INFO] Metrics Integration for Apache HttpClient 5.x                   [bundle]
[INFO] Metrics Integration for Apache HttpAsyncClient                  [bundle]
[INFO] Metrics Integration for JCache                                  [bundle]
[INFO] Metrics JCStress tests                                             [jar]
[INFO] Metrics Integration for JDBI                                    [bundle]
[INFO] Metrics Integration for JDBI3                                   [bundle]
[INFO] Metrics Integration for Jersey 2.x                              [bundle]
[INFO] Metrics Integration for Jetty 9.3 and higher                    [bundle]
[INFO] Metrics Integration with JMX                                    [bundle]
[INFO] Jackson Integration for Metrics                                 [bundle]
[INFO] Metrics Integration for Log4j 2.x                               [bundle]
[INFO] Metrics Integration for Logback                                 [bundle]
[INFO] Metrics Integration for Servlets                                [bundle]
[INFO] Metrics Utility Servlets                                        [bundle]
[INFO] 
[INFO] Using the MultiThreadedBuilder implementation with a thread count of 8
[INFO] 
[INFO] ----------------< io.dropwizard.metrics:metrics-parent >----------------
[INFO] Building Metrics Parent 4.1.22                                    [1/27]
[INFO] --------------------------------[ pom ]---------------------------------
[INFO] 
[INFO] --- maven-clean-plugin:2.5:clean (default-clean) @ metrics-parent ---
[INFO] 
[INFO] --- maven-enforcer-plugin:1.4.1:enforce (enforce) @ metrics-parent ---
[INFO] 
[INFO] --- jacoco-maven-plugin:0.8.7:prepare-agent (prepare-agent) @ metrics-parent ---
[INFO] argLine set to -javaagent:/mnt/ramdisk/.m2/repository/org/jacoco/org.jacoco.agent/0.8.7/org.jacoco.agent-0.8.7-runtime.jar=destfile=/mnt/ramdisk/build-bench/metrics-4.1.22/target/jacoco.exec
[INFO] 
[INFO] --- maven-enforcer-plugin:1.4.1:enforce (enforce) @ metrics-parent ---
[INFO] 
[INFO] --- jacoco-maven-plugin:0.8.7:prepare-agent (prepare-agent) @ metrics-parent ---
[INFO] argLine set to -javaagent:/mnt/ramdisk/.m2/repository/org/jacoco/org.jacoco.agent/0.8.7/org.jacoco.agent-0.8.7-runtime.jar=destfile=/mnt/ramdisk/build-bench/metrics-4.1.22/target/jacoco.exec
[INFO] 
[INFO] 
[INFO] -----------------< io.dropwizard.metrics:metrics-bom >------------------
[INFO] ---------------------< io.dropwizard.metrics:docs >---------------------
[INFO] Building Metrics BOM 4.1.22                                       [2/27]
[INFO] Building Metrics Documentation 4.1.22                             [3/27]
[INFO] --------------------------------[ pom ]---------------------------------
[INFO] --------------------------------[ jar ]---------------------------------
[INFO] 
[INFO] 
[INFO] -----------------< io.dropwizard.metrics:metrics-core >-----------------
[INFO] Building Metrics Core 4.1.22                                      [4/27]
[INFO] -------------------------------[ bundle ]-------------------------------
[INFO] --------------< io.dropwizard.metrics:metrics-annotation >--------------
[INFO] Building Annotations for Metrics 4.1.22                           [5/27]
[INFO] -------------------------------[ bundle ]-------------------------------
[INFO] 
[INFO] --- maven-clean-plugin:2.5:clean (default-clean) @ metrics-bom ---
[INFO] 
[INFO] --- maven-enforcer-plugin:1.4.1:enforce (enforce) @ metrics-bom ---
[INFO] 
[INFO] --- jacoco-maven-plugin:0.8.7:prepare-agent (prepare-agent) @ metrics-bom ---
[INFO] argLine set to -javaagent:/mnt/ramdisk/.m2/repository/org/jacoco/org.jacoco.agent/0.8.7/org.jacoco.agent-0.8.7-runtime.jar=destfile=/mnt/ramdisk/build-bench/metrics-4.1.22/metrics-bom/target/jacoco.exec
[INFO] 
[INFO] --- maven-enforcer-plugin:1.4.1:enforce (enforce) @ metrics-bom ---
[INFO] 
[INFO] --- jacoco-maven-plugin:0.8.7:prepare-agent (prepare-agent) @ metrics-bom ---
[INFO] 
[INFO] --- maven-clean-plugin:2.5:clean (default-clean) @ metrics-annotation ---
[INFO] 
[INFO] --- maven-clean-plugin:2.5:clean (default-clean) @ docs ---
[INFO] argLine set to -javaagent:/mnt/ramdisk/.m2/repository/org/jacoco/org.jacoco.agent/0.8.7/org.jacoco.agent-0.8.7-runtime.jar=destfile=/mnt/ramdisk/build-bench/metrics-4.1.22/metrics-bom/target/jacoco.exec
[INFO] 
[INFO] --- maven-clean-plugin:2.5:clean (default-clean) @ metrics-core ---
[INFO] Deleting /mnt/ramdisk/build-bench/metrics-4.1.22/docs/target
[INFO] Deleting /mnt/ramdisk/build-bench/metrics-4.1.22/metrics-core/target
[INFO] Deleting /mnt/ramdisk/build-bench/metrics-4.1.22/metrics-annotation/target
[INFO] 
[INFO] --- maven-enforcer-plugin:1.4.1:enforce (enforce) @ metrics-annotation ---
[INFO] 
[INFO] --- maven-enforcer-plugin:1.4.1:enforce (enforce) @ metrics-core ---
[INFO] 
[INFO] --- jacoco-maven-plugin:0.8.7:prepare-agent (prepare-agent) @ metrics-annotation ---
[INFO] argLine set to -javaagent:/mnt/ramdisk/.m2/repository/org/jacoco/org.jacoco.agent/0.8.7/org.jacoco.agent-0.8.7-runtime.jar=destfile=/mnt/ramdisk/build-bench/metrics-4.1.22/metrics-annotation/target/jacoco.exec
[INFO] 
[INFO] --- maven-enforcer-plugin:1.4.1:enforce (enforce) @ docs ---
[INFO] 
[INFO] --- jacoco-maven-plugin:0.8.7:prepare-agent (prepare-agent) @ docs ---
[INFO] argLine set to -javaagent:/mnt/ramdisk/.m2/repository/org/jacoco/org.jacoco.agent/0.8.7/org.jacoco.agent-0.8.7-runtime.jar=destfile=/mnt/ramdisk/build-bench/metrics-4.1.22/docs/target/jacoco.exec
[INFO] 
[INFO] --- jacoco-maven-plugin:0.8.7:prepare-agent (prepare-agent) @ metrics-core ---
[INFO] argLine set to -javaagent:/mnt/ramdisk/.m2/repository/org/jacoco/org.jacoco.agent/0.8.7/org.jacoco.agent-0.8.7-runtime.jar=destfile=/mnt/ramdisk/build-bench/metrics-4.1.22/metrics-core/target/jacoco.exec
[INFO] 
[INFO] --- maven-resources-plugin:3.2.0:resources (default-resources) @ metrics-annotation ---
[INFO] 
[INFO] --- maven-resources-plugin:3.2.0:resources (default-resources) @ metrics-core ---
[INFO] 
[INFO] --- build-helper-maven-plugin:3.2.0:parse-version (parse-version) @ docs ---
[INFO] Using 'UTF-8' encoding to copy filtered resources.
[INFO] Using 'UTF-8' encoding to copy filtered properties files.
[INFO] skip non existing resourceDirectory /mnt/ramdisk/build-bench/metrics-4.1.22/metrics-annotation/src/main/resources
[INFO] 
[INFO] --- maven-compiler-plugin:3.8.1:compile (default-compile) @ metrics-annotation ---
[INFO] Using 'UTF-8' encoding to copy filtered resources.
[INFO] Using 'UTF-8' encoding to copy filtered properties files.
[INFO] skip non existing resourceDirectory /mnt/ramdisk/build-bench/metrics-4.1.22/metrics-core/src/main/resources
[INFO] 
[INFO] --- maven-compiler-plugin:3.8.1:compile (default-compile) @ metrics-core ---
[INFO] 
[INFO] --- maven-resources-plugin:3.2.0:resources (process-resources) @ docs ---
[INFO] Using 'UTF-8' encoding to copy filtered resources.
[INFO] Using 'UTF-8' encoding to copy filtered properties files.
[INFO] Copying 72 resources
[INFO] Changes detected - recompiling the module!
[INFO] Compiling 8 source files to /mnt/ramdisk/build-bench/metrics-4.1.22/metrics-annotation/target/classes
[INFO] Changes detected - recompiling the module!
[INFO] Compiling 44 source files to /mnt/ramdisk/build-bench/metrics-4.1.22/metrics-core/target/classes
[INFO] 
[INFO] --- maven-resources-plugin:3.2.0:resources (default-resources) @ docs ---
[INFO] Using 'UTF-8' encoding to copy filtered resources.
[INFO] Using 'UTF-8' encoding to copy filtered properties files.
[INFO] Copying 72 resources
[INFO] 
[INFO] --- maven-compiler-plugin:3.8.1:compile (default-compile) @ docs ---
[INFO] No sources to compile
[INFO] 
[INFO] --- maven-resources-plugin:3.2.0:testResources (default-testResources) @ docs ---
[INFO] Using 'UTF-8' encoding to copy filtered resources.
[INFO] Using 'UTF-8' encoding to copy filtered properties files.
[INFO] skip non existing resourceDirectory /mnt/ramdisk/build-bench/metrics-4.1.22/docs/src/test/resources
[INFO] 
[INFO] --- maven-compiler-plugin:3.8.1:testCompile (default-testCompile) @ docs ---
[INFO] No sources to compile
[INFO] 
[INFO] --- maven-surefire-plugin:2.22.2:test (default-test) @ docs ---
[INFO] No tests to run.
[INFO] 
[INFO] --- maven-enforcer-plugin:1.4.1:enforce (enforce) @ docs ---
[INFO] 
[INFO] --- jacoco-maven-plugin:0.8.7:prepare-agent (prepare-agent) @ docs ---
[INFO] argLine set to -javaagent:/mnt/ramdisk/.m2/repository/org/jacoco/org.jacoco.agent/0.8.7/org.jacoco.agent-0.8.7-runtime.jar=destfile=/mnt/ramdisk/build-bench/metrics-4.1.22/docs/target/jacoco.exec
[INFO] 
[INFO] --- build-helper-maven-plugin:3.2.0:parse-version (parse-version) @ docs ---
[INFO] 
[INFO] --- maven-resources-plugin:3.2.0:resources (process-resources) @ docs ---
[INFO] Using 'UTF-8' encoding to copy filtered resources.
[INFO] Using 'UTF-8' encoding to copy filtered properties files.
[INFO] Copying 72 resources
[INFO] 
[INFO] --- maven-resources-plugin:3.2.0:resources (default-resources) @ docs ---
[INFO] Using 'UTF-8' encoding to copy filtered resources.
[INFO] Using 'UTF-8' encoding to copy filtered properties files.
[INFO] Copying 72 resources
[INFO] 
[INFO] --- maven-compiler-plugin:3.8.1:compile (default-compile) @ docs ---
[INFO] No sources to compile
[INFO] 
[INFO] --- maven-resources-plugin:3.2.0:testResources (default-testResources) @ docs ---
[INFO] Using 'UTF-8' encoding to copy filtered resources.
[INFO] Using 'UTF-8' encoding to copy filtered properties files.
[INFO] skip non existing resourceDirectory /mnt/ramdisk/build-bench/metrics-4.1.22/docs/src/test/resources
[INFO] 
[INFO] --- maven-compiler-plugin:3.8.1:testCompile (default-testCompile) @ docs ---
[INFO] No sources to compile
[INFO] 
[INFO] --- maven-surefire-plugin:2.22.2:test (default-test) @ docs ---
[INFO] No tests to run.
[INFO] Skipping execution of surefire because it has already been run for this configuration
[INFO] 
[INFO] --- maven-jar-plugin:3.2.0:jar (default-jar) @ docs ---
WARNING: An illegal reflective access operation has occurred
WARNING: Illegal reflective access by com.google.errorprone.util.ErrorProneTokens$CommentSavingTokenizer (file:/mnt/ramdisk/.m2/repository/com/google/errorprone/error_prone_check_api/2.7.1/error_prone_check_api-2.7.1.jar) to field com.sun.tools.javac.parser.JavaTokenizer.reader
WARNING: Please consider reporting this to the maintainers of com.google.errorprone.util.ErrorProneTokens$CommentSavingTokenizer
WARNING: Use --illegal-access=warn to enable warnings of further illegal reflective access operations
WARNING: All illegal access operations will be denied in a future release
[INFO] Building jar: /mnt/ramdisk/build-bench/metrics-4.1.22/docs/target/docs-4.1.22.jar
[WARNING] bootstrap class path not set in conjunction with -source 8
[WARNING] /mnt/ramdisk/build-bench/metrics-4.1.22/metrics-annotation/src/main/java/com/codahale/metrics/annotation/Metric.java:[38,8] [MissingSummary] A summary fragment is required; consider using the value of the @return block as a summary fragment instead.
    (see https://google.github.io/styleguide/javaguide.html#s7.2-summary-fragment)
  Did you mean '*Returns the name of the metric.'?
[WARNING] /mnt/ramdisk/build-bench/metrics-4.1.22/metrics-annotation/src/main/java/com/codahale/metrics/annotation/Metric.java:[43,8] [MissingSummary] A summary fragment is required; consider using the value of the @return block as a summary fragment instead.
    (see https://google.github.io/styleguide/javaguide.html#s7.2-summary-fragment)
  Did you mean '*Returns if {@code true}, use the given name as an absolute name. If {@code false},'?
[WARNING] /mnt/ramdisk/build-bench/metrics-4.1.22/metrics-annotation/src/main/java/com/codahale/metrics/annotation/CachedGauge.java:[33,8] [MissingSummary] A summary fragment is required; consider using the value of the @return block as a summary fragment instead.
    (see https://google.github.io/styleguide/javaguide.html#s7.2-summary-fragment)
  Did you mean '*Returns the name of the counter.'?
[WARNING] /mnt/ramdisk/build-bench/metrics-4.1.22/metrics-annotation/src/main/java/com/codahale/metrics/annotation/CachedGauge.java:[38,8] [MissingSummary] A summary fragment is required; consider using the value of the @return block as a summary fragment instead.
    (see https://google.github.io/styleguide/javaguide.html#s7.2-summary-fragment)
  Did you mean '*Returns if {@code true}, use the given name as an absolute name. If {@code false}, use the given name'?
[WARNING] /mnt/ramdisk/build-bench/metrics-4.1.22/metrics-annotation/src/main/java/com/codahale/metrics/annotation/CachedGauge.java:[44,8] [MissingSummary] A summary fragment is required; consider using the value of the @return block as a summary fragment instead.
    (see https://google.github.io/styleguide/javaguide.html#s7.2-summary-fragment)
  Did you mean '*Returns the amount of time to cache the result.'?
[WARNING] /mnt/ramdisk/build-bench/metrics-4.1.22/metrics-annotation/src/main/java/com/codahale/metrics/annotation/CachedGauge.java:[49,8] [MissingSummary] A summary fragment is required; consider using the value of the @return block as a summary fragment instead.
    (see https://google.github.io/styleguide/javaguide.html#s7.2-summary-fragment)
  Did you mean '*Returns the unit of timeout.'?
[WARNING] /mnt/ramdisk/build-bench/metrics-4.1.22/metrics-annotation/src/main/java/com/codahale/metrics/annotation/ExceptionMetered.java:[50,8] [MissingSummary] A summary fragment is required; consider using the value of the @return block as a summary fragment instead.
    (see https://google.github.io/styleguide/javaguide.html#s7.2-summary-fragment)
  Did you mean '*Returns the name of the meter. If not specified, the meter will be given a name based on the method'?
[WARNING] /mnt/ramdisk/build-bench/metrics-4.1.22/metrics-annotation/src/main/java/com/codahale/metrics/annotation/ExceptionMetered.java:[56,8] [MissingSummary] A summary fragment is required; consider using the value of the @return block as a summary fragment instead.
    (see https://google.github.io/styleguide/javaguide.html#s7.2-summary-fragment)
  Did you mean '*Returns if {@code true}, use the given name as an absolute name. If {@code false}, use the given name'?
[WARNING] /mnt/ramdisk/build-bench/metrics-4.1.22/metrics-annotation/src/main/java/com/codahale/metrics/annotation/ExceptionMetered.java:[62,8] [MissingSummary] A summary fragment is required; consider using the value of the @return block as a summary fragment instead.
    (see https://google.github.io/styleguide/javaguide.html#s7.2-summary-fragment)
  Did you mean '*Returns the type of exceptions that the meter will catch and count.'?
[WARNING] /mnt/ramdisk/build-bench/metrics-4.1.22/metrics-annotation/src/main/java/com/codahale/metrics/annotation/Timed.java:[30,8] [MissingSummary] A summary fragment is required; consider using the value of the @return block as a summary fragment instead.
    (see https://google.github.io/styleguide/javaguide.html#s7.2-summary-fragment)
  Did you mean '*Returns the name of the timer.'?
[WARNING] /mnt/ramdisk/build-bench/metrics-4.1.22/metrics-annotation/src/main/java/com/codahale/metrics/annotation/Timed.java:[35,8] [MissingSummary] A summary fragment is required; consider using the value of the @return block as a summary fragment instead.
    (see https://google.github.io/styleguide/javaguide.html#s7.2-summary-fragment)
  Did you mean '*Returns if {@code true}, use the given name as an absolute name. If {@code false}, use the given name'?
[WARNING] /mnt/ramdisk/build-bench/metrics-4.1.22/metrics-annotation/src/main/java/com/codahale/metrics/annotation/Metered.java:[30,8] [MissingSummary] A summary fragment is required; consider using the value of the @return block as a summary fragment instead.
    (see https://google.github.io/styleguide/javaguide.html#s7.2-summary-fragment)
  Did you mean '*Returns the name of the meter.'?
[WARNING] /mnt/ramdisk/build-bench/metrics-4.1.22/metrics-annotation/src/main/java/com/codahale/metrics/annotation/Metered.java:[35,8] [MissingSummary] A summary fragment is required; consider using the value of the @return block as a summary fragment instead.
    (see https://google.github.io/styleguide/javaguide.html#s7.2-summary-fragment)
  Did you mean '*Returns if {@code true}, use the given name as an absolute name. If {@code false}, use the given name'?
[WARNING] /mnt/ramdisk/build-bench/metrics-4.1.22/metrics-annotation/src/main/java/com/codahale/metrics/annotation/ResponseMetered.java:[30,8] [MissingSummary] A summary fragment is required; consider using the value of the @return block as a summary fragment instead.
    (see https://google.github.io/styleguide/javaguide.html#s7.2-summary-fragment)
  Did you mean '*Returns the name of the meter.'?
[WARNING] /mnt/ramdisk/build-bench/metrics-4.1.22/metrics-annotation/src/main/java/com/codahale/metrics/annotation/ResponseMetered.java:[35,8] [MissingSummary] A summary fragment is required; consider using the value of the @return block as a summary fragment instead.
    (see https://google.github.io/styleguide/javaguide.html#s7.2-summary-fragment)
  Did you mean '*Returns if {@code true}, use the given name as an absolute name. If {@code false}, use the given name'?
[WARNING] /mnt/ramdisk/build-bench/metrics-4.1.22/metrics-annotation/src/main/java/com/codahale/metrics/annotation/Gauge.java:[26,8] [MissingSummary] A summary fragment is required; consider using the value of the @return block as a summary fragment instead.
    (see https://google.github.io/styleguide/javaguide.html#s7.2-summary-fragment)
  Did you mean '*Returns the gauge's name.'?
[WARNING] /mnt/ramdisk/build-bench/metrics-4.1.22/metrics-annotation/src/main/java/com/codahale/metrics/annotation/Gauge.java:[31,8] [MissingSummary] A summary fragment is required; consider using the value of the @return block as a summary fragment instead.
    (see https://google.github.io/styleguide/javaguide.html#s7.2-summary-fragment)
  Did you mean '*Returns if {@code true}, use the given name as an absolute name. If {@code false}, use the given name'?
[WARNING] /mnt/ramdisk/build-bench/metrics-4.1.22/metrics-annotation/src/main/java/com/codahale/metrics/annotation/Counted.java:[34,8] [MissingSummary] A summary fragment is required; consider using the value of the @return block as a summary fragment instead.
    (see https://google.github.io/styleguide/javaguide.html#s7.2-summary-fragment)
  Did you mean '*Returns the name of the counter.'?
[WARNING] /mnt/ramdisk/build-bench/metrics-4.1.22/metrics-annotation/src/main/java/com/codahale/metrics/annotation/Counted.java:[39,8] [MissingSummary] A summary fragment is required; consider using the value of the @return block as a summary fragment instead.
    (see https://google.github.io/styleguide/javaguide.html#s7.2-summary-fragment)
  Did you mean '*Returns if {@code true}, use the given name as an absolute name. If {@code false}, use the given name'?
[WARNING] /mnt/ramdisk/build-bench/metrics-4.1.22/metrics-annotation/src/main/java/com/codahale/metrics/annotation/Counted.java:[45,8] [MissingSummary] A summary fragment is required; consider using the value of the @return block as a summary fragment instead.
    (see https://google.github.io/styleguide/javaguide.html#s7.2-summary-fragment)
  Did you mean '*Returns if {@code false} (default), the counter is decremented when the annotated'?
[INFO] 
[INFO] --- maven-resources-plugin:3.2.0:testResources (default-testResources) @ metrics-annotation ---
[INFO] Using 'UTF-8' encoding to copy filtered resources.
[INFO] Using 'UTF-8' encoding to copy filtered properties files.
[INFO] skip non existing resourceDirectory /mnt/ramdisk/build-bench/metrics-4.1.22/metrics-annotation/src/test/resources
[INFO] 
[INFO] --- maven-compiler-plugin:3.8.1:testCompile (default-testCompile) @ metrics-annotation ---
[INFO] No sources to compile
[INFO] 
[INFO] --- maven-surefire-plugin:2.22.2:test (default-test) @ metrics-annotation ---
[INFO] No tests to run.
[INFO] 
[INFO] --- maven-enforcer-plugin:1.4.1:enforce (enforce) @ metrics-annotation ---
[INFO] 
[INFO] --- jacoco-maven-plugin:0.8.7:prepare-agent (prepare-agent) @ metrics-annotation ---
[INFO] argLine set to -javaagent:/mnt/ramdisk/.m2/repository/org/jacoco/org.jacoco.agent/0.8.7/org.jacoco.agent-0.8.7-runtime.jar=destfile=/mnt/ramdisk/build-bench/metrics-4.1.22/metrics-annotation/target/jacoco.exec
[INFO] 
[INFO] --- maven-resources-plugin:3.2.0:resources (default-resources) @ metrics-annotation ---
[INFO] Using 'UTF-8' encoding to copy filtered resources.
[INFO] Using 'UTF-8' encoding to copy filtered properties files.
[INFO] skip non existing resourceDirectory /mnt/ramdisk/build-bench/metrics-4.1.22/metrics-annotation/src/main/resources
[INFO] 
[INFO] --- maven-compiler-plugin:3.8.1:compile (default-compile) @ metrics-annotation ---
[INFO] Changes detected - recompiling the module!
[INFO] Compiling 8 source files to /mnt/ramdisk/build-bench/metrics-4.1.22/metrics-annotation/target/classes
[WARNING] bootstrap class path not set in conjunction with -source 8
[WARNING] /mnt/ramdisk/build-bench/metrics-4.1.22/metrics-annotation/src/main/java/com/codahale/metrics/annotation/Metric.java:[38,8] [MissingSummary] A summary fragment is required; consider using the value of the @return block as a summary fragment instead.
    (see https://google.github.io/styleguide/javaguide.html#s7.2-summary-fragment)
  Did you mean '*Returns the name of the metric.'?
[WARNING] /mnt/ramdisk/build-bench/metrics-4.1.22/metrics-annotation/src/main/java/com/codahale/metrics/annotation/Metric.java:[43,8] [MissingSummary] A summary fragment is required; consider using the value of the @return block as a summary fragment instead.
    (see https://google.github.io/styleguide/javaguide.html#s7.2-summary-fragment)
  Did you mean '*Returns if {@code true}, use the given name as an absolute name. If {@code false},'?
[WARNING] /mnt/ramdisk/build-bench/metrics-4.1.22/metrics-annotation/src/main/java/com/codahale/metrics/annotation/CachedGauge.java:[33,8] [MissingSummary] A summary fragment is required; consider using the value of the @return block as a summary fragment instead.
    (see https://google.github.io/styleguide/javaguide.html#s7.2-summary-fragment)
  Did you mean '*Returns the name of the counter.'?
[WARNING] /mnt/ramdisk/build-bench/metrics-4.1.22/metrics-annotation/src/main/java/com/codahale/metrics/annotation/CachedGauge.java:[38,8] [MissingSummary] A summary fragment is required; consider using the value of the @return block as a summary fragment instead.
    (see https://google.github.io/styleguide/javaguide.html#s7.2-summary-fragment)
  Did you mean '*Returns if {@code true}, use the given name as an absolute name. If {@code false}, use the given name'?
[WARNING] /mnt/ramdisk/build-bench/metrics-4.1.22/metrics-annotation/src/main/java/com/codahale/metrics/annotation/CachedGauge.java:[44,8] [MissingSummary] A summary fragment is required; consider using the value of the @return block as a summary fragment instead.
    (see https://google.github.io/styleguide/javaguide.html#s7.2-summary-fragment)
  Did you mean '*Returns the amount of time to cache the result.'?
[WARNING] /mnt/ramdisk/build-bench/metrics-4.1.22/metrics-annotation/src/main/java/com/codahale/metrics/annotation/CachedGauge.java:[49,8] [MissingSummary] A summary fragment is required; consider using the value of the @return block as a summary fragment instead.
    (see https://google.github.io/styleguide/javaguide.html#s7.2-summary-fragment)
  Did you mean '*Returns the unit of timeout.'?
[WARNING] /mnt/ramdisk/build-bench/metrics-4.1.22/metrics-annotation/src/main/java/com/codahale/metrics/annotation/ExceptionMetered.java:[50,8] [MissingSummary] A summary fragment is required; consider using the value of the @return block as a summary fragment instead.
    (see https://google.github.io/styleguide/javaguide.html#s7.2-summary-fragment)
  Did you mean '*Returns the name of the meter. If not specified, the meter will be given a name based on the method'?
[WARNING] /mnt/ramdisk/build-bench/metrics-4.1.22/metrics-annotation/src/main/java/com/codahale/metrics/annotation/ExceptionMetered.java:[56,8] [MissingSummary] A summary fragment is required; consider using the value of the @return block as a summary fragment instead.
    (see https://google.github.io/styleguide/javaguide.html#s7.2-summary-fragment)
  Did you mean '*Returns if {@code true}, use the given name as an absolute name. If {@code false}, use the given name'?
[WARNING] /mnt/ramdisk/build-bench/metrics-4.1.22/metrics-annotation/src/main/java/com/codahale/metrics/annotation/ExceptionMetered.java:[62,8] [MissingSummary] A summary fragment is required; consider using the value of the @return block as a summary fragment instead.
    (see https://google.github.io/styleguide/javaguide.html#s7.2-summary-fragment)
  Did you mean '*Returns the type of exceptions that the meter will catch and count.'?
[WARNING] /mnt/ramdisk/build-bench/metrics-4.1.22/metrics-annotation/src/main/java/com/codahale/metrics/annotation/Timed.java:[30,8] [MissingSummary] A summary fragment is required; consider using the value of the @return block as a summary fragment instead.
    (see https://google.github.io/styleguide/javaguide.html#s7.2-summary-fragment)
  Did you mean '*Returns the name of the timer.'?
[WARNING] /mnt/ramdisk/build-bench/metrics-4.1.22/metrics-annotation/src/main/java/com/codahale/metrics/annotation/Timed.java:[35,8] [MissingSummary] A summary fragment is required; consider using the value of the @return block as a summary fragment instead.
    (see https://google.github.io/styleguide/javaguide.html#s7.2-summary-fragment)
  Did you mean '*Returns if {@code true}, use the given name as an absolute name. If {@code false}, use the given name'?
[WARNING] /mnt/ramdisk/build-bench/metrics-4.1.22/metrics-annotation/src/main/java/com/codahale/metrics/annotation/Metered.java:[30,8] [MissingSummary] A summary fragment is required; consider using the value of the @return block as a summary fragment instead.
    (see https://google.github.io/styleguide/javaguide.html#s7.2-summary-fragment)
  Did you mean '*Returns the name of the meter.'?
[WARNING] /mnt/ramdisk/build-bench/metrics-4.1.22/metrics-annotation/src/main/java/com/codahale/metrics/annotation/Metered.java:[35,8] [MissingSummary] A summary fragment is required; consider using the value of the @return block as a summary fragment instead.
    (see https://google.github.io/styleguide/javaguide.html#s7.2-summary-fragment)
  Did you mean '*Returns if {@code true}, use the given name as an absolute name. If {@code false}, use the given name'?
[WARNING] /mnt/ramdisk/build-bench/metrics-4.1.22/metrics-annotation/src/main/java/com/codahale/metrics/annotation/ResponseMetered.java:[30,8] [MissingSummary] A summary fragment is required; consider using the value of the @return block as a summary fragment instead.
    (see https://google.github.io/styleguide/javaguide.html#s7.2-summary-fragment)
  Did you mean '*Returns the name of the meter.'?
[WARNING] /mnt/ramdisk/build-bench/metrics-4.1.22/metrics-annotation/src/main/java/com/codahale/metrics/annotation/ResponseMetered.java:[35,8] [MissingSummary] A summary fragment is required; consider using the value of the @return block as a summary fragment instead.
    (see https://google.github.io/styleguide/javaguide.html#s7.2-summary-fragment)
  Did you mean '*Returns if {@code true}, use the given name as an absolute name. If {@code false}, use the given name'?
[WARNING] /mnt/ramdisk/build-bench/metrics-4.1.22/metrics-annotation/src/main/java/com/codahale/metrics/annotation/Gauge.java:[26,8] [MissingSummary] A summary fragment is required; consider using the value of the @return block as a summary fragment instead.
    (see https://google.github.io/styleguide/javaguide.html#s7.2-summary-fragment)
  Did you mean '*Returns the gauge's name.'?
[WARNING] /mnt/ramdisk/build-bench/metrics-4.1.22/metrics-annotation/src/main/java/com/codahale/metrics/annotation/Gauge.java:[31,8] [MissingSummary] A summary fragment is required; consider using the value of the @return block as a summary fragment instead.
    (see https://google.github.io/styleguide/javaguide.html#s7.2-summary-fragment)
  Did you mean '*Returns if {@code true}, use the given name as an absolute name. If {@code false}, use the given name'?
[WARNING] /mnt/ramdisk/build-bench/metrics-4.1.22/metrics-annotation/src/main/java/com/codahale/metrics/annotation/Counted.java:[34,8] [MissingSummary] A summary fragment is required; consider using the value of the @return block as a summary fragment instead.
    (see https://google.github.io/styleguide/javaguide.html#s7.2-summary-fragment)
  Did you mean '*Returns the name of the counter.'?
[WARNING] /mnt/ramdisk/build-bench/metrics-4.1.22/metrics-annotation/src/main/java/com/codahale/metrics/annotation/Counted.java:[39,8] [MissingSummary] A summary fragment is required; consider using the value of the @return block as a summary fragment instead.
    (see https://google.github.io/styleguide/javaguide.html#s7.2-summary-fragment)
  Did you mean '*Returns if {@code true}, use the given name as an absolute name. If {@code false}, use the given name'?
[WARNING] /mnt/ramdisk/build-bench/metrics-4.1.22/metrics-annotation/src/main/java/com/codahale/metrics/annotation/Counted.java:[45,8] [MissingSummary] A summary fragment is required; consider using the value of the @return block as a summary fragment instead.
    (see https://google.github.io/styleguide/javaguide.html#s7.2-summary-fragment)
  Did you mean '*Returns if {@code false} (default), the counter is decremented when the annotated'?
[INFO] 
[INFO] --- maven-resources-plugin:3.2.0:testResources (default-testResources) @ metrics-annotation ---
[INFO] Using 'UTF-8' encoding to copy filtered resources.
[INFO] Using 'UTF-8' encoding to copy filtered properties files.
[INFO] skip non existing resourceDirectory /mnt/ramdisk/build-bench/metrics-4.1.22/metrics-annotation/src/test/resources
[INFO] 
[INFO] --- maven-compiler-plugin:3.8.1:testCompile (default-testCompile) @ metrics-annotation ---
[INFO] No sources to compile
[INFO] 
[INFO] --- maven-surefire-plugin:2.22.2:test (default-test) @ metrics-annotation ---
[INFO] No tests to run.
[INFO] Skipping execution of surefire because it has already been run for this configuration
[INFO] 
[INFO] --- maven-bundle-plugin:5.1.2:bundle (default-bundle) @ metrics-annotation ---
[WARNING] Bundle io.dropwizard.metrics:metrics-annotation:bundle:4.1.22 : Unused Import-Package instructions: [javax.servlet*, org.slf4j*, sun.misc.*, com.sun.management.*] 
[WARNING] bootstrap class path not set in conjunction with -source 8
[WARNING] /mnt/ramdisk/build-bench/metrics-4.1.22/metrics-core/src/main/java/com/codahale/metrics/MovingAverages.java:[24,8] [EmptyBlockTag] A block tag (@param, @return, @throws, @deprecated) has an empty description. Block tags without descriptions don't add much value for future readers of the code; consider removing the tag entirely or adding a description.
    (see https://google.github.io/styleguide/javaguide.html#s7.1.3-javadoc-block-tags)
  Did you mean '*'?
[WARNING] /mnt/ramdisk/build-bench/metrics-4.1.22/metrics-core/src/main/java/com/codahale/metrics/ScheduledReporter.java:[50,30] [ThreadPriorityCheck] Relying on the thread scheduler is discouraged.
    (see https://errorprone.info/bugpattern/ThreadPriorityCheck)
[WARNING] /mnt/ramdisk/build-bench/metrics-4.1.22/metrics-core/src/main/java/com/codahale/metrics/Slf4jReporter.java:[177,34] [InvalidInlineTag] Curly braces should be used for inline Javadoc tags: {@link ...}
    (see https://errorprone.info/bugpattern/InvalidInlineTag)
  Did you mean '* @param loggingLevel a {@link Slf4jReporter.LoggingLevel}'?
[WARNING] /mnt/ramdisk/build-bench/metrics-4.1.22/metrics-core/src/main/java/com/codahale/metrics/WeightedSnapshot.java:[81,21] [UnnecessaryParentheses] These grouping parentheses are unnecessary; it is unlikely the code will be misinterpreted without them
    (see https://errorprone.info/bugpattern/UnnecessaryParentheses)
  Did you mean 'posx = (-posx - 1) - 1;'?
[WARNING] /mnt/ramdisk/build-bench/metrics-4.1.22/metrics-core/src/main/java/com/codahale/metrics/InstrumentedExecutorService.java:[179,32] auto-closeable resource durationContext is never referenced in body of corresponding try statement
[WARNING] /mnt/ramdisk/build-bench/metrics-4.1.22/metrics-core/src/main/java/com/codahale/metrics/InstrumentedExecutorService.java:[201,32] auto-closeable resource context is never referenced in body of corresponding try statement
[WARNING] /mnt/ramdisk/build-bench/metrics-4.1.22/metrics-core/src/main/java/com/codahale/metrics/ConsoleReporter.java:[231,51] [JavaUtilDate] Date has a bad API that leads to bugs; prefer java.time.Instant or LocalDate.
    (see https://errorprone.info/bugpattern/JavaUtilDate)
[INFO] 
[INFO] --- maven-resources-plugin:3.2.0:testResources (default-testResources) @ metrics-core ---
[INFO] Using 'UTF-8' encoding to copy filtered resources.
[INFO] Using 'UTF-8' encoding to copy filtered properties files.
[INFO] skip non existing resourceDirectory /mnt/ramdisk/build-bench/metrics-4.1.22/metrics-core/src/test/resources
[INFO] 
[INFO] --- maven-compiler-plugin:3.8.1:testCompile (default-testCompile) @ metrics-core ---
[INFO] Changes detected - recompiling the module!
[INFO] Compiling 33 source files to /mnt/ramdisk/build-bench/metrics-4.1.22/metrics-core/target/test-classes
[WARNING] bootstrap class path not set in conjunction with -source 8
[WARNING] /mnt/ramdisk/build-bench/metrics-4.1.22/metrics-core/src/test/java/com/codahale/metrics/TimerTest.java:[124,9] verifyZeroInteractions(java.lang.Object...) in org.mockito.Mockito has been deprecated
[WARNING] /mnt/ramdisk/build-bench/metrics-4.1.22/metrics-core/src/test/java/com/codahale/metrics/TimerTest.java:[142,9] verifyZeroInteractions(java.lang.Object...) in org.mockito.Mockito has been deprecated
[WARNING] /mnt/ramdisk/build-bench/metrics-4.1.22/metrics-core/src/test/java/com/codahale/metrics/MetricRegistryListenerTest.java:[28,9] verifyZeroInteractions(java.lang.Object...) in org.mockito.Mockito has been deprecated
[WARNING] /mnt/ramdisk/build-bench/metrics-4.1.22/metrics-core/src/test/java/com/codahale/metrics/MetricRegistryListenerTest.java:[35,9] verifyZeroInteractions(java.lang.Object...) in org.mockito.Mockito has been deprecated
[WARNING] /mnt/ramdisk/build-bench/metrics-4.1.22/metrics-core/src/test/java/com/codahale/metrics/MetricRegistryListenerTest.java:[42,9] verifyZeroInteractions(java.lang.Object...) in org.mockito.Mockito has been deprecated
[WARNING] /mnt/ramdisk/build-bench/metrics-4.1.22/metrics-core/src/test/java/com/codahale/metrics/MetricRegistryListenerTest.java:[49,9] verifyZeroInteractions(java.lang.Object...) in org.mockito.Mockito has been deprecated
[WARNING] /mnt/ramdisk/build-bench/metrics-4.1.22/metrics-core/src/test/java/com/codahale/metrics/SharedMetricRegistriesTest.java:[14,59] none() in org.junit.rules.ExpectedException has been deprecated
[INFO] 
[INFO] --- maven-surefire-plugin:2.22.2:test (default-test) @ metrics-core ---
[INFO] 
[INFO] -------------------------------------------------------
[INFO]  T E S T S
[INFO] -------------------------------------------------------
[INFO] Running com.codahale.metrics.FixedNameCsvFileProviderTest
[INFO] Tests run: 2, Failures: 0, Errors: 0, Skipped: 0, Time elapsed: 0.367 s - in com.codahale.metrics.FixedNameCsvFileProviderTest
[INFO] Running com.codahale.metrics.InstrumentedExecutorServiceTest
[INFO] Tests run: 2, Failures: 0, Errors: 0, Skipped: 0, Time elapsed: 0.026 s - in com.codahale.metrics.InstrumentedExecutorServiceTest
[INFO] Running com.codahale.metrics.SlidingWindowReservoirTest
[INFO] Tests run: 2, Failures: 0, Errors: 0, Skipped: 0, Time elapsed: 0.028 s - in com.codahale.metrics.SlidingWindowReservoirTest
[INFO] Running com.codahale.metrics.UniformSnapshotTest
[INFO] Tests run: 25, Failures: 0, Errors: 0, Skipped: 0, Time elapsed: 0.036 s - in com.codahale.metrics.UniformSnapshotTest
[INFO] Running com.codahale.metrics.MeterApproximationTest
[INFO] Tests run: 12, Failures: 0, Errors: 0, Skipped: 0, Time elapsed: 0.087 s - in com.codahale.metrics.MeterApproximationTest
[INFO] Running com.codahale.metrics.HistogramTest
[INFO] Tests run: 3, Failures: 0, Errors: 0, Skipped: 0, Time elapsed: 0.812 s - in com.codahale.metrics.HistogramTest
[INFO] Running com.codahale.metrics.EWMATest
[INFO] Tests run: 3, Failures: 0, Errors: 0, Skipped: 0, Time elapsed: 0 s - in com.codahale.metrics.EWMATest
[INFO] Running com.codahale.metrics.SlidingTimeWindowArrayReservoirTest
[INFO] Tests run: 4, Failures: 0, Errors: 0, Skipped: 0, Time elapsed: 0.827 s - in com.codahale.metrics.SlidingTimeWindowArrayReservoirTest
[INFO] Running com.codahale.metrics.ConsoleReporterTest
[INFO] Tests run: 8, Failures: 0, Errors: 0, Skipped: 0, Time elapsed: 0.361 s - in com.codahale.metrics.ConsoleReporterTest
[INFO] Running com.codahale.metrics.RatioGaugeTest
[INFO] Tests run: 5, Failures: 0, Errors: 0, Skipped: 0, Time elapsed: 0.005 s - in com.codahale.metrics.RatioGaugeTest
[INFO] Running com.codahale.metrics.CounterTest
[INFO] Tests run: 7, Failures: 0, Errors: 0, Skipped: 0, Time elapsed: 0.004 s - in com.codahale.metrics.CounterTest
[INFO] Running com.codahale.metrics.CachedGaugeTest
[INFO] Tests run: 4, Failures: 0, Errors: 0, Skipped: 0, Time elapsed: 10.162 s - in com.codahale.metrics.CachedGaugeTest
[INFO] Running com.codahale.metrics.MetricFilterTest
[INFO] Tests run: 4, Failures: 0, Errors: 0, Skipped: 0, Time elapsed: 0.012 s - in com.codahale.metrics.MetricFilterTest
[INFO] Running com.codahale.metrics.ChunkedAssociativeLongArrayTest
[INFO] Tests run: 1, Failures: 0, Errors: 0, Skipped: 0, Time elapsed: 0.013 s - in com.codahale.metrics.ChunkedAssociativeLongArrayTest
[INFO] Running com.codahale.metrics.SharedMetricRegistriesTest
[INFO] Tests run: 8, Failures: 0, Errors: 0, Skipped: 0, Time elapsed: 0.038 s - in com.codahale.metrics.SharedMetricRegistriesTest
[INFO] Running com.codahale.metrics.WeightedSnapshotTest
[INFO] Tests run: 27, Failures: 0, Errors: 0, Skipped: 0, Time elapsed: 0.206 s - in com.codahale.metrics.WeightedSnapshotTest
[INFO] Running com.codahale.metrics.SlidingTimeWindowReservoirTest
[INFO] Tests run: 3, Failures: 0, Errors: 0, Skipped: 0, Time elapsed: 1.678 s - in com.codahale.metrics.SlidingTimeWindowReservoirTest
[INFO] Running com.codahale.metrics.MetricRegistryTest
[INFO] Tests run: 46, Failures: 0, Errors: 0, Skipped: 0, Time elapsed: 0.135 s - in com.codahale.metrics.MetricRegistryTest
[INFO] Running com.codahale.metrics.CsvReporterTest
[INFO] Tests run: 7, Failures: 0, Errors: 0, Skipped: 0, Time elapsed: 0.093 s - in com.codahale.metrics.CsvReporterTest
[INFO] Running com.codahale.metrics.MetricRegistryListenerTest
[INFO] Tests run: 6, Failures: 0, Errors: 0, Skipped: 0, Time elapsed: 0.01 s - in com.codahale.metrics.MetricRegistryListenerTest
[INFO] Running com.codahale.metrics.Slf4jReporterTest
[INFO] Tests run: 16, Failures: 0, Errors: 0, Skipped: 0, Time elapsed: 0.242 s - in com.codahale.metrics.Slf4jReporterTest
[INFO] Running com.codahale.metrics.ExponentiallyDecayingReservoirTest
[INFO] Tests run: 12, Failures: 0, Errors: 0, Skipped: 0, Time elapsed: 0.114 s - in com.codahale.metrics.ExponentiallyDecayingReservoirTest
[INFO] Running com.codahale.metrics.ClockTest
[INFO] Tests run: 2, Failures: 0, Errors: 0, Skipped: 0, Time elapsed: 0.001 s - in com.codahale.metrics.ClockTest
[INFO] Running com.codahale.metrics.TimerTest
[INFO] Tests run: 11, Failures: 0, Errors: 0, Skipped: 0, Time elapsed: 0.009 s - in com.codahale.metrics.TimerTest
[INFO] Running com.codahale.metrics.InstrumentedScheduledExecutorServiceTest
[INFO] Tests run: 6, Failures: 0, Errors: 0, Skipped: 0, Time elapsed: 0.641 s - in com.codahale.metrics.InstrumentedScheduledExecutorServiceTest
[INFO] Running com.codahale.metrics.MeterTest
[INFO] Tests run: 2, Failures: 0, Errors: 0, Skipped: 0, Time elapsed: 0.003 s - in com.codahale.metrics.MeterTest
[INFO] Running com.codahale.metrics.UniformReservoirTest
[INFO] Tests run: 1, Failures: 0, Errors: 0, Skipped: 0, Time elapsed: 0.002 s - in com.codahale.metrics.UniformReservoirTest
[INFO] Running com.codahale.metrics.NoopMetricRegistryTest
[INFO] Tests run: 39, Failures: 0, Errors: 0, Skipped: 0, Time elapsed: 0.053 s - in com.codahale.metrics.NoopMetricRegistryTest
[INFO] Running com.codahale.metrics.DerivativeGaugeTest
[INFO] Tests run: 1, Failures: 0, Errors: 0, Skipped: 0, Time elapsed: 0.007 s - in com.codahale.metrics.DerivativeGaugeTest
[INFO] Running com.codahale.metrics.InstrumentedThreadFactoryTest
[INFO] Tests run: 1, Failures: 0, Errors: 0, Skipped: 0, Time elapsed: 0.022 s - in com.codahale.metrics.InstrumentedThreadFactoryTest
[INFO] Running com.codahale.metrics.ScheduledReporterTest
[INFO] Tests run: 15, Failures: 0, Errors: 0, Skipped: 0, Time elapsed: 1.175 s - in com.codahale.metrics.ScheduledReporterTest
[INFO] Running com.codahale.metrics.SlidingTimeWindowMovingAveragesTest
[INFO] Tests run: 9, Failures: 0, Errors: 0, Skipped: 0, Time elapsed: 0.094 s - in com.codahale.metrics.SlidingTimeWindowMovingAveragesTest
[INFO] 
[INFO] Results:
[INFO] 
[INFO] Tests run: 294, Failures: 0, Errors: 0, Skipped: 0
[INFO] 
[INFO] 
[INFO] --- maven-enforcer-plugin:1.4.1:enforce (enforce) @ metrics-core ---
[INFO] 
[INFO] --- jacoco-maven-plugin:0.8.7:prepare-agent (prepare-agent) @ metrics-core ---
[INFO] argLine set to -javaagent:/mnt/ramdisk/.m2/repository/org/jacoco/org.jacoco.agent/0.8.7/org.jacoco.agent-0.8.7-runtime.jar=destfile=/mnt/ramdisk/build-bench/metrics-4.1.22/metrics-core/target/jacoco.exec
[INFO] 
[INFO] --- maven-resources-plugin:3.2.0:resources (default-resources) @ metrics-core ---
[INFO] Using 'UTF-8' encoding to copy filtered resources.
[INFO] Using 'UTF-8' encoding to copy filtered properties files.
[INFO] skip non existing resourceDirectory /mnt/ramdisk/build-bench/metrics-4.1.22/metrics-core/src/main/resources
[INFO] 
[INFO] --- maven-compiler-plugin:3.8.1:compile (default-compile) @ metrics-core ---
[INFO] Changes detected - recompiling the module!
[INFO] Compiling 44 source files to /mnt/ramdisk/build-bench/metrics-4.1.22/metrics-core/target/classes
[WARNING] bootstrap class path not set in conjunction with -source 8
[WARNING] /mnt/ramdisk/build-bench/metrics-4.1.22/metrics-core/src/main/java/com/codahale/metrics/MovingAverages.java:[24,8] [EmptyBlockTag] A block tag (@param, @return, @throws, @deprecated) has an empty description. Block tags without descriptions don't add much value for future readers of the code; consider removing the tag entirely or adding a description.
    (see https://google.github.io/styleguide/javaguide.html#s7.1.3-javadoc-block-tags)
  Did you mean '*'?
[WARNING] /mnt/ramdisk/build-bench/metrics-4.1.22/metrics-core/src/main/java/com/codahale/metrics/ScheduledReporter.java:[50,30] [ThreadPriorityCheck] Relying on the thread scheduler is discouraged.
    (see https://errorprone.info/bugpattern/ThreadPriorityCheck)
[WARNING] /mnt/ramdisk/build-bench/metrics-4.1.22/metrics-core/src/main/java/com/codahale/metrics/Slf4jReporter.java:[177,34] [InvalidInlineTag] Curly braces should be used for inline Javadoc tags: {@link ...}
    (see https://errorprone.info/bugpattern/InvalidInlineTag)
  Did you mean '* @param loggingLevel a {@link Slf4jReporter.LoggingLevel}'?
[WARNING] /mnt/ramdisk/build-bench/metrics-4.1.22/metrics-core/src/main/java/com/codahale/metrics/WeightedSnapshot.java:[81,21] [UnnecessaryParentheses] These grouping parentheses are unnecessary; it is unlikely the code will be misinterpreted without them
    (see https://errorprone.info/bugpattern/UnnecessaryParentheses)
  Did you mean 'posx = (-posx - 1) - 1;'?
[WARNING] /mnt/ramdisk/build-bench/metrics-4.1.22/metrics-core/src/main/java/com/codahale/metrics/InstrumentedExecutorService.java:[179,32] auto-closeable resource durationContext is never referenced in body of corresponding try statement
[WARNING] /mnt/ramdisk/build-bench/metrics-4.1.22/metrics-core/src/main/java/com/codahale/metrics/InstrumentedExecutorService.java:[201,32] auto-closeable resource context is never referenced in body of corresponding try statement
[WARNING] /mnt/ramdisk/build-bench/metrics-4.1.22/metrics-core/src/main/java/com/codahale/metrics/ConsoleReporter.java:[231,51] [JavaUtilDate] Date has a bad API that leads to bugs; prefer java.time.Instant or LocalDate.
    (see https://errorprone.info/bugpattern/JavaUtilDate)
[INFO] 
[INFO] --- maven-resources-plugin:3.2.0:testResources (default-testResources) @ metrics-core ---
[INFO] Using 'UTF-8' encoding to copy filtered resources.
[INFO] Using 'UTF-8' encoding to copy filtered properties files.
[INFO] skip non existing resourceDirectory /mnt/ramdisk/build-bench/metrics-4.1.22/metrics-core/src/test/resources
[INFO] 
[INFO] --- maven-compiler-plugin:3.8.1:testCompile (default-testCompile) @ metrics-core ---
[INFO] Changes detected - recompiling the module!
[INFO] Compiling 33 source files to /mnt/ramdisk/build-bench/metrics-4.1.22/metrics-core/target/test-classes
[WARNING] bootstrap class path not set in conjunction with -source 8
[WARNING] /mnt/ramdisk/build-bench/metrics-4.1.22/metrics-core/src/test/java/com/codahale/metrics/TimerTest.java:[124,9] verifyZeroInteractions(java.lang.Object...) in org.mockito.Mockito has been deprecated
[WARNING] /mnt/ramdisk/build-bench/metrics-4.1.22/metrics-core/src/test/java/com/codahale/metrics/TimerTest.java:[142,9] verifyZeroInteractions(java.lang.Object...) in org.mockito.Mockito has been deprecated
[WARNING] /mnt/ramdisk/build-bench/metrics-4.1.22/metrics-core/src/test/java/com/codahale/metrics/MetricRegistryListenerTest.java:[28,9] verifyZeroInteractions(java.lang.Object...) in org.mockito.Mockito has been deprecated
[WARNING] /mnt/ramdisk/build-bench/metrics-4.1.22/metrics-core/src/test/java/com/codahale/metrics/MetricRegistryListenerTest.java:[35,9] verifyZeroInteractions(java.lang.Object...) in org.mockito.Mockito has been deprecated
[WARNING] /mnt/ramdisk/build-bench/metrics-4.1.22/metrics-core/src/test/java/com/codahale/metrics/MetricRegistryListenerTest.java:[42,9] verifyZeroInteractions(java.lang.Object...) in org.mockito.Mockito has been deprecated
[WARNING] /mnt/ramdisk/build-bench/metrics-4.1.22/metrics-core/src/test/java/com/codahale/metrics/MetricRegistryListenerTest.java:[49,9] verifyZeroInteractions(java.lang.Object...) in org.mockito.Mockito has been deprecated
[WARNING] /mnt/ramdisk/build-bench/metrics-4.1.22/metrics-core/src/test/java/com/codahale/metrics/SharedMetricRegistriesTest.java:[14,59] none() in org.junit.rules.ExpectedException has been deprecated
[INFO] 
[INFO] --- maven-surefire-plugin:2.22.2:test (default-test) @ metrics-core ---
[INFO] Skipping execution of surefire because it has already been run for this configuration
[INFO] 
[INFO] --- maven-bundle-plugin:5.1.2:bundle (default-bundle) @ metrics-core ---
[WARNING] Bundle io.dropwizard.metrics:metrics-core:bundle:4.1.22 : Unused Import-Package instructions: [javax.servlet*, sun.misc.*, com.sun.management.*] 
[INFO] 
[INFO] --------------< io.dropwizard.metrics:metrics-benchmarks >--------------
[INFO] Building Benchmarks for Metrics 4.1.22                            [6/27]
[INFO] --------------------------------[ jar ]---------------------------------
[INFO] 
[INFO] ---------------< io.dropwizard.metrics:metrics-ehcache >----------------
[INFO] 
[INFO] -------------< io.dropwizard.metrics:metrics-httpclient5 >--------------
[INFO] Building Metrics Integration for Apache HttpClient 5.x 4.1.22     [8/27]
[INFO] -------------------------------[ bundle ]-------------------------------
[INFO] 
[INFO] 
[INFO] --------------< io.dropwizard.metrics:metrics-httpclient >--------------
[INFO] ---------------< io.dropwizard.metrics:metrics-graphite >---------------
[INFO] Building Graphite Integration for Metrics 4.1.22                 [10/27]
[INFO] -------------------------------[ bundle ]-------------------------------
[INFO] 
[INFO] Building Metrics Integration for Apache HttpClient 4.1.22         [9/27]
[INFO] -----------------< io.dropwizard.metrics:metrics-jvm >------------------
[INFO] -------------------------------[ bundle ]-------------------------------
[INFO] Building JVM Integration for Metrics 4.1.22                      [11/27]
[INFO] -------------------------------[ bundle ]-------------------------------
[INFO] 
[INFO] Building Metrics Integration for Ehcache 4.1.22                   [7/27]
[INFO] -------------------------------[ bundle ]-------------------------------
[INFO] ---------------< io.dropwizard.metrics:metrics-caffeine >---------------
[INFO] Building Metrics Integration for Caffeine 4.1.22                 [12/27]
[INFO] -------------------------------[ bundle ]-------------------------------
[INFO] 
[INFO] ---------------< io.dropwizard.metrics:metrics-collectd >---------------
[INFO] Building Metrics Integration for Collectd 4.1.22                 [13/27]
[INFO] -------------------------------[ bundle ]-------------------------------
[INFO] 
[INFO] --- maven-clean-plugin:2.5:clean (default-clean) @ metrics-graphite ---
[INFO] 
[INFO] --- maven-clean-plugin:2.5:clean (default-clean) @ metrics-collectd ---
[INFO] 
[INFO] --- maven-clean-plugin:2.5:clean (default-clean) @ metrics-jvm ---
[INFO] 
[INFO] --- maven-clean-plugin:2.5:clean (default-clean) @ metrics-ehcache ---
[INFO] 
[INFO] --- maven-clean-plugin:2.5:clean (default-clean) @ metrics-httpclient ---
[INFO] Deleting /mnt/ramdisk/build-bench/metrics-4.1.22/metrics-collectd/target
[INFO] Deleting /mnt/ramdisk/build-bench/metrics-4.1.22/metrics-graphite/target
[INFO] 
[INFO] --- maven-clean-plugin:2.5:clean (default-clean) @ metrics-caffeine ---
[INFO] 
[INFO] 
[INFO] --- maven-enforcer-plugin:1.4.1:enforce (enforce) @ metrics-graphite ---
[INFO] --- maven-enforcer-plugin:1.4.1:enforce (enforce) @ metrics-collectd ---
[INFO] Deleting /mnt/ramdisk/build-bench/metrics-4.1.22/metrics-ehcache/target
[INFO] 
[INFO] --- maven-enforcer-plugin:1.4.1:enforce (enforce) @ metrics-ehcache ---
[INFO] Deleting /mnt/ramdisk/build-bench/metrics-4.1.22/metrics-jvm/target
[INFO] 
[INFO] --- maven-enforcer-plugin:1.4.1:enforce (enforce) @ metrics-jvm ---
[INFO] 
[INFO] --- maven-clean-plugin:2.5:clean (default-clean) @ metrics-httpclient5 ---
[INFO] Deleting /mnt/ramdisk/build-bench/metrics-4.1.22/metrics-caffeine/target
[INFO] 
[INFO] --- maven-enforcer-plugin:1.4.1:enforce (enforce) @ metrics-caffeine ---
[INFO] 
[INFO] --- jacoco-maven-plugin:0.8.7:prepare-agent (prepare-agent) @ metrics-jvm ---
[INFO] Deleting /mnt/ramdisk/build-bench/metrics-4.1.22/metrics-httpclient/target
[INFO] argLine set to -javaagent:/mnt/ramdisk/.m2/repository/org/jacoco/org.jacoco.agent/0.8.7/org.jacoco.agent-0.8.7-runtime.jar=destfile=/mnt/ramdisk/build-bench/metrics-4.1.22/metrics-jvm/target/jacoco.exec
[INFO] 
[INFO] --- maven-resources-plugin:3.2.0:resources (default-resources) @ metrics-jvm ---
[INFO] 
[INFO] --- maven-enforcer-plugin:1.4.1:enforce (enforce) @ metrics-httpclient ---
[INFO] 
[INFO] --- jacoco-maven-plugin:0.8.7:prepare-agent (prepare-agent) @ metrics-graphite ---
[INFO] argLine set to -javaagent:/mnt/ramdisk/.m2/repository/org/jacoco/org.jacoco.agent/0.8.7/org.jacoco.agent-0.8.7-runtime.jar=destfile=/mnt/ramdisk/build-bench/metrics-4.1.22/metrics-graphite/target/jacoco.exec
[INFO] 
[INFO] --- maven-resources-plugin:3.2.0:resources (default-resources) @ metrics-graphite ---
[INFO] Deleting /mnt/ramdisk/build-bench/metrics-4.1.22/metrics-httpclient5/target
[INFO] 
[INFO] --- jacoco-maven-plugin:0.8.7:prepare-agent (prepare-agent) @ metrics-collectd ---
[INFO] argLine set to -javaagent:/mnt/ramdisk/.m2/repository/org/jacoco/org.jacoco.agent/0.8.7/org.jacoco.agent-0.8.7-runtime.jar=destfile=/mnt/ramdisk/build-bench/metrics-4.1.22/metrics-collectd/target/jacoco.exec
[INFO] 
[INFO] --- maven-resources-plugin:3.2.0:resources (default-resources) @ metrics-collectd ---
[INFO] 
[INFO] --- maven-enforcer-plugin:1.4.1:enforce (enforce) @ metrics-httpclient5 ---
[INFO] 
[INFO] --- jacoco-maven-plugin:0.8.7:prepare-agent (prepare-agent) @ metrics-caffeine ---
[INFO] argLine set to -javaagent:/mnt/ramdisk/.m2/repository/org/jacoco/org.jacoco.agent/0.8.7/org.jacoco.agent-0.8.7-runtime.jar=destfile=/mnt/ramdisk/build-bench/metrics-4.1.22/metrics-caffeine/target/jacoco.exec
[INFO] 
[INFO] --- maven-resources-plugin:3.2.0:resources (default-resources) @ metrics-caffeine ---
[INFO] 
[INFO] --- jacoco-maven-plugin:0.8.7:prepare-agent (prepare-agent) @ metrics-ehcache ---
[INFO] argLine set to -javaagent:/mnt/ramdisk/.m2/repository/org/jacoco/org.jacoco.agent/0.8.7/org.jacoco.agent-0.8.7-runtime.jar=destfile=/mnt/ramdisk/build-bench/metrics-4.1.22/metrics-ehcache/target/jacoco.exec
[INFO] 
[INFO] --- maven-resources-plugin:3.2.0:resources (default-resources) @ metrics-ehcache ---
[INFO] Using 'UTF-8' encoding to copy filtered resources.
[INFO] Using 'UTF-8' encoding to copy filtered properties files.
[INFO] skip non existing resourceDirectory /mnt/ramdisk/build-bench/metrics-4.1.22/metrics-graphite/src/main/resources
[INFO] 
[INFO] --- maven-compiler-plugin:3.8.1:compile (default-compile) @ metrics-graphite ---
[INFO] Using 'UTF-8' encoding to copy filtered resources.
[INFO] Using 'UTF-8' encoding to copy filtered properties files.
[INFO] skip non existing resourceDirectory /mnt/ramdisk/build-bench/metrics-4.1.22/metrics-ehcache/src/main/resources
[INFO] 
[INFO] --- maven-compiler-plugin:3.8.1:compile (default-compile) @ metrics-ehcache ---
[INFO] Using 'UTF-8' encoding to copy filtered resources.
[INFO] Using 'UTF-8' encoding to copy filtered properties files.
[INFO] skip non existing resourceDirectory /mnt/ramdisk/build-bench/metrics-4.1.22/metrics-caffeine/src/main/resources
[INFO] 
[INFO] --- maven-compiler-plugin:3.8.1:compile (default-compile) @ metrics-caffeine ---
[INFO] Using 'UTF-8' encoding to copy filtered resources.
[INFO] Using 'UTF-8' encoding to copy filtered properties files.
[INFO] skip non existing resourceDirectory /mnt/ramdisk/build-bench/metrics-4.1.22/metrics-collectd/src/main/resources
[INFO] 
[INFO] --- maven-compiler-plugin:3.8.1:compile (default-compile) @ metrics-collectd ---
[INFO] 
[INFO] --- maven-clean-plugin:2.5:clean (default-clean) @ metrics-benchmarks ---
[INFO] Deleting /mnt/ramdisk/build-bench/metrics-4.1.22/metrics-benchmarks/target
[INFO] 
[INFO] --- maven-enforcer-plugin:1.4.1:enforce (enforce) @ metrics-benchmarks ---
[INFO] Using 'UTF-8' encoding to copy filtered resources.
[INFO] Using 'UTF-8' encoding to copy filtered properties files.
[INFO] skip non existing resourceDirectory /mnt/ramdisk/build-bench/metrics-4.1.22/metrics-jvm/src/main/resources
[INFO] 
[INFO] --- maven-compiler-plugin:3.8.1:compile (default-compile) @ metrics-jvm ---
[INFO] Changes detected - recompiling the module!
[INFO] Compiling 7 source files to /mnt/ramdisk/build-bench/metrics-4.1.22/metrics-graphite/target/classes
[INFO] 
[INFO] --- jacoco-maven-plugin:0.8.7:prepare-agent (prepare-agent) @ metrics-benchmarks ---
[INFO] argLine set to -javaagent:/mnt/ramdisk/.m2/repository/org/jacoco/org.jacoco.agent/0.8.7/org.jacoco.agent-0.8.7-runtime.jar=destfile=/mnt/ramdisk/build-bench/metrics-4.1.22/metrics-benchmarks/target/jacoco.exec
[INFO] 
[INFO] --- maven-resources-plugin:2.6:resources (default-resources) @ metrics-benchmarks ---
[INFO] 
[INFO] --- jacoco-maven-plugin:0.8.7:prepare-agent (prepare-agent) @ metrics-httpclient5 ---
[INFO] Changes detected - recompiling the module!
[INFO] Compiling 2 source files to /mnt/ramdisk/build-bench/metrics-4.1.22/metrics-ehcache/target/classes
[INFO] Changes detected - recompiling the module!
[INFO] Compiling 7 source files to /mnt/ramdisk/build-bench/metrics-4.1.22/metrics-collectd/target/classes
[INFO] Changes detected - recompiling the module!
[INFO] Compiling 12 source files to /mnt/ramdisk/build-bench/metrics-4.1.22/metrics-jvm/target/classes
[INFO] Changes detected - recompiling the module!
[INFO] Compiling 1 source file to /mnt/ramdisk/build-bench/metrics-4.1.22/metrics-caffeine/target/classes
[INFO] 
[INFO] --- jacoco-maven-plugin:0.8.7:prepare-agent (prepare-agent) @ metrics-httpclient ---
[INFO] argLine set to -javaagent:/mnt/ramdisk/.m2/repository/org/jacoco/org.jacoco.agent/0.8.7/org.jacoco.agent-0.8.7-runtime.jar=destfile=/mnt/ramdisk/build-bench/metrics-4.1.22/metrics-httpclient/target/jacoco.exec
[INFO] 
[INFO] --- maven-resources-plugin:3.2.0:resources (default-resources) @ metrics-httpclient ---
[INFO] Using 'UTF-8' encoding to copy filtered resources.
[INFO] Using 'UTF-8' encoding to copy filtered properties files.
[INFO] skip non existing resourceDirectory /mnt/ramdisk/build-bench/metrics-4.1.22/metrics-httpclient/src/main/resources
[INFO] argLine set to -javaagent:/mnt/ramdisk/.m2/repository/org/jacoco/org.jacoco.agent/0.8.7/org.jacoco.agent-0.8.7-runtime.jar=destfile=/mnt/ramdisk/build-bench/metrics-4.1.22/metrics-httpclient5/target/jacoco.exec
[INFO] 
[INFO] --- maven-compiler-plugin:3.8.1:compile (default-compile) @ metrics-httpclient ---
[INFO] 
[INFO] --- maven-resources-plugin:3.2.0:resources (default-resources) @ metrics-httpclient5 ---
[INFO] Using 'UTF-8' encoding to copy filtered resources.
[INFO] Using 'UTF-8' encoding to copy filtered properties files.
[INFO] skip non existing resourceDirectory /mnt/ramdisk/build-bench/metrics-4.1.22/metrics-httpclient5/src/main/resources
[INFO] 
[INFO] --- maven-compiler-plugin:3.8.1:compile (default-compile) @ metrics-httpclient5 ---
[INFO] Changes detected - recompiling the module!
[INFO] Compiling 5 source files to /mnt/ramdisk/build-bench/metrics-4.1.22/metrics-httpclient/target/classes
[INFO] Changes detected - recompiling the module!
[INFO] Compiling 8 source files to /mnt/ramdisk/build-bench/metrics-4.1.22/metrics-httpclient5/target/classes
[INFO] Using 'UTF-8' encoding to copy filtered resources.
[INFO] skip non existing resourceDirectory /mnt/ramdisk/build-bench/metrics-4.1.22/metrics-benchmarks/src/main/resources
[INFO] 
[INFO] --- maven-compiler-plugin:3.8.1:compile (default-compile) @ metrics-benchmarks ---
[INFO] Changes detected - recompiling the module!
[INFO] Compiling 5 source files to /mnt/ramdisk/build-bench/metrics-4.1.22/metrics-benchmarks/target/classes
[WARNING] bootstrap class path not set in conjunction with -source 8
[INFO] 
[INFO] --- maven-resources-plugin:3.2.0:testResources (default-testResources) @ metrics-caffeine ---
[INFO] Using 'UTF-8' encoding to copy filtered resources.
[INFO] Using 'UTF-8' encoding to copy filtered properties files.
[INFO] skip non existing resourceDirectory /mnt/ramdisk/build-bench/metrics-4.1.22/metrics-caffeine/src/test/resources
[INFO] 
[INFO] --- maven-compiler-plugin:3.8.1:testCompile (default-testCompile) @ metrics-caffeine ---
[INFO] Changes detected - recompiling the module!
[INFO] Compiling 1 source file to /mnt/ramdisk/build-bench/metrics-4.1.22/metrics-caffeine/target/test-classes
[WARNING] bootstrap class path not set in conjunction with -source 8
[INFO] 
[INFO] --- maven-resources-plugin:3.2.0:testResources (default-testResources) @ metrics-ehcache ---
[WARNING] bootstrap class path not set in conjunction with -source 8
[WARNING] bootstrap class path not set in conjunction with -source 8
[WARNING] /mnt/ramdisk/build-bench/metrics-4.1.22/metrics-benchmarks/src/main/java/com/codahale/metrics/benchmarks/SlidingTimeWindowReservoirsBenchmark.java:[23,4] [MissingSummary] A summary line is required on public/protected Javadocs.
    (see https://google.github.io/styleguide/javaguide.html#s7.2-summary-fragment)
[INFO] 
[INFO] --- maven-resources-plugin:2.6:testResources (default-testResources) @ metrics-benchmarks ---
[INFO] 
[INFO] --- maven-resources-plugin:3.2.0:testResources (default-testResources) @ metrics-httpclient ---
[INFO] Using 'UTF-8' encoding to copy filtered resources.
[INFO] Using 'UTF-8' encoding to copy filtered properties files.
[INFO] Copying 1 resource
[INFO] 
[INFO] --- maven-compiler-plugin:3.8.1:testCompile (default-testCompile) @ metrics-ehcache ---
[INFO] Changes detected - recompiling the module!
[INFO] Compiling 2 source files to /mnt/ramdisk/build-bench/metrics-4.1.22/metrics-ehcache/target/test-classes
[INFO] Using 'UTF-8' encoding to copy filtered resources.
[INFO] Using 'UTF-8' encoding to copy filtered properties files.
[INFO] skip non existing resourceDirectory /mnt/ramdisk/build-bench/metrics-4.1.22/metrics-httpclient/src/test/resources
[INFO] 
[INFO] --- maven-compiler-plugin:3.8.1:testCompile (default-testCompile) @ metrics-httpclient ---
[INFO] Using 'UTF-8' encoding to copy filtered resources.
[INFO] skip non existing resourceDirectory /mnt/ramdisk/build-bench/metrics-4.1.22/metrics-benchmarks/src/test/resources
[INFO] 
[INFO] --- maven-compiler-plugin:3.8.1:testCompile (default-testCompile) @ metrics-benchmarks ---
[INFO] Changes detected - recompiling the module!
[INFO] Compiling 3 source files to /mnt/ramdisk/build-bench/metrics-4.1.22/metrics-httpclient/target/test-classes
[INFO] No sources to compile
[INFO] 
[INFO] --- maven-surefire-plugin:2.22.2:test (default-test) @ metrics-benchmarks ---
[INFO] No tests to run.
[INFO] 
[INFO] --- maven-enforcer-plugin:1.4.1:enforce (enforce) @ metrics-benchmarks ---
[INFO] 
[INFO] --- jacoco-maven-plugin:0.8.7:prepare-agent (prepare-agent) @ metrics-benchmarks ---
[INFO] argLine set to -javaagent:/mnt/ramdisk/.m2/repository/org/jacoco/org.jacoco.agent/0.8.7/org.jacoco.agent-0.8.7-runtime.jar=destfile=/mnt/ramdisk/build-bench/metrics-4.1.22/metrics-benchmarks/target/jacoco.exec
[INFO] 
[INFO] --- maven-resources-plugin:2.6:resources (default-resources) @ metrics-benchmarks ---
[INFO] Using 'UTF-8' encoding to copy filtered resources.
[INFO] skip non existing resourceDirectory /mnt/ramdisk/build-bench/metrics-4.1.22/metrics-benchmarks/src/main/resources
[INFO] 
[INFO] --- maven-compiler-plugin:3.8.1:compile (default-compile) @ metrics-benchmarks ---
[INFO] Changes detected - recompiling the module!
[INFO] Compiling 5 source files to /mnt/ramdisk/build-bench/metrics-4.1.22/metrics-benchmarks/target/classes
[WARNING] bootstrap class path not set in conjunction with -source 8
[INFO] 
[INFO] --- maven-resources-plugin:3.2.0:testResources (default-testResources) @ metrics-httpclient5 ---
[INFO] Using 'UTF-8' encoding to copy filtered resources.
[INFO] Using 'UTF-8' encoding to copy filtered properties files.
[INFO] skip non existing resourceDirectory /mnt/ramdisk/build-bench/metrics-4.1.22/metrics-httpclient5/src/test/resources
[INFO] 
[INFO] --- maven-compiler-plugin:3.8.1:testCompile (default-testCompile) @ metrics-httpclient5 ---
[INFO] Changes detected - recompiling the module!
[INFO] Compiling 5 source files to /mnt/ramdisk/build-bench/metrics-4.1.22/metrics-httpclient5/target/test-classes
[WARNING] bootstrap class path not set in conjunction with -source 8
[WARNING] /mnt/ramdisk/build-bench/metrics-4.1.22/metrics-collectd/src/main/java/com/codahale/metrics/collectd/PacketWriter.java:[157,49] redundant cast to java.nio.ByteBuffer
[WARNING] /mnt/ramdisk/build-bench/metrics-4.1.22/metrics-collectd/src/main/java/com/codahale/metrics/collectd/PacketWriter.java:[166,22] redundant cast to java.nio.ByteBuffer
[WARNING] /mnt/ramdisk/build-bench/metrics-4.1.22/metrics-collectd/src/main/java/com/codahale/metrics/collectd/PacketWriter.java:[161,16] redundant cast to java.nio.ByteBuffer
[WARNING] /mnt/ramdisk/build-bench/metrics-4.1.22/metrics-collectd/src/main/java/com/codahale/metrics/collectd/PacketWriter.java:[191,22] redundant cast to java.nio.ByteBuffer
[WARNING] /mnt/ramdisk/build-bench/metrics-4.1.22/metrics-collectd/src/main/java/com/codahale/metrics/collectd/PacketWriter.java:[189,36] redundant cast to java.nio.ByteBuffer
[WARNING] /mnt/ramdisk/build-bench/metrics-4.1.22/metrics-collectd/src/main/java/com/codahale/metrics/collectd/PacketWriter.java:[194,16] redundant cast to java.nio.ByteBuffer
[WARNING] /mnt/ramdisk/build-bench/metrics-4.1.22/metrics-collectd/src/main/java/com/codahale/metrics/collectd/PacketWriter.java:[239,41] redundant cast to java.nio.ByteBuffer
[WARNING] /mnt/ramdisk/build-bench/metrics-4.1.22/metrics-collectd/src/main/java/com/codahale/metrics/collectd/CollectdReporter.java:[182,37] [InconsistentCapitalization] Found the field 'hostName' with the same name as the parameter 'hostname' but with different capitalization.
    (see https://errorprone.info/bugpattern/InconsistentCapitalization)
  Did you mean 'String hostName, Sender sender,'?
[INFO] 
[INFO] --- maven-resources-plugin:3.2.0:testResources (default-testResources) @ metrics-collectd ---
[INFO] Using 'UTF-8' encoding to copy filtered resources.
[INFO] Using 'UTF-8' encoding to copy filtered properties files.
[INFO] skip non existing resourceDirectory /mnt/ramdisk/build-bench/metrics-4.1.22/metrics-collectd/src/test/resources
[INFO] 
[INFO] --- maven-compiler-plugin:3.8.1:testCompile (default-testCompile) @ metrics-collectd ---
[INFO] Changes detected - recompiling the module!
[INFO] Compiling 5 source files to /mnt/ramdisk/build-bench/metrics-4.1.22/metrics-collectd/target/test-classes
[WARNING] bootstrap class path not set in conjunction with -source 8
[WARNING] /mnt/ramdisk/build-bench/metrics-4.1.22/metrics-graphite/src/main/java/com/codahale/metrics/graphite/GraphiteReporter.java:[252,49] [UnnecessaryLambda] Returning a lambda from a helper method or saving it in a constant is unnecessary; prefer to implement the functional interface method directly and use a method reference instead.
    (see https://errorprone.info/bugpattern/UnnecessaryLambda)
  Did you mean 'this.floatingPointFormatter = GraphiteReporter::defaultFpFormatter;'?
[WARNING] /mnt/ramdisk/build-bench/metrics-4.1.22/metrics-graphite/src/main/java/com/codahale/metrics/graphite/Graphite.java:[130,62] [OperatorPrecedence] Use grouping parenthesis to make the operator precedence explicit
    (see https://errorprone.info/bugpattern/OperatorPrecedence)
  Did you mean 'if (address == null || (address.getHostName() == null && hostname != null)) {'?
[INFO] 
[INFO] --- maven-resources-plugin:3.2.0:testResources (default-testResources) @ metrics-graphite ---
[INFO] Using 'UTF-8' encoding to copy filtered resources.
[INFO] Using 'UTF-8' encoding to copy filtered properties files.
[INFO] Copying 1 resource
[INFO] 
[INFO] --- maven-compiler-plugin:3.8.1:testCompile (default-testCompile) @ metrics-graphite ---
[INFO] Changes detected - recompiling the module!
[INFO] Compiling 5 source files to /mnt/ramdisk/build-bench/metrics-4.1.22/metrics-graphite/target/test-classes
[WARNING] bootstrap class path not set in conjunction with -source 8
[INFO] 
[INFO] --- maven-resources-plugin:3.2.0:testResources (default-testResources) @ metrics-jvm ---
[INFO] Using 'UTF-8' encoding to copy filtered resources.
[INFO] Using 'UTF-8' encoding to copy filtered properties files.
[INFO] skip non existing resourceDirectory /mnt/ramdisk/build-bench/metrics-4.1.22/metrics-jvm/src/test/resources
[INFO] 
[INFO] --- maven-compiler-plugin:3.8.1:testCompile (default-testCompile) @ metrics-jvm ---
[INFO] Changes detected - recompiling the module!
[INFO] Compiling 11 source files to /mnt/ramdisk/build-bench/metrics-4.1.22/metrics-jvm/target/test-classes
[WARNING] bootstrap class path not set in conjunction with -source 8
[WARNING] /mnt/ramdisk/build-bench/metrics-4.1.22/metrics-caffeine/src/test/java/com/codahale/metrics/caffeine/MetricsStatsCounterTest.java:[88,10] recordEviction() in com.codahale.metrics.caffeine.MetricsStatsCounter has been deprecated
[WARNING] /mnt/ramdisk/build-bench/metrics-4.1.22/metrics-caffeine/src/test/java/com/codahale/metrics/caffeine/MetricsStatsCounterTest.java:[95,10] recordEviction(int) in com.codahale.metrics.caffeine.MetricsStatsCounter has been deprecated
[INFO] 
[INFO] --- maven-surefire-plugin:2.22.2:test (default-test) @ metrics-caffeine ---
[INFO] 
[INFO] -------------------------------------------------------
[INFO]  T E S T S
[INFO] -------------------------------------------------------
[WARNING] bootstrap class path not set in conjunction with -source 8
[INFO] 
[INFO] --- maven-surefire-plugin:2.22.2:test (default-test) @ metrics-ehcache ---
[INFO] 
[INFO] -------------------------------------------------------
[INFO]  T E S T S
[INFO] -------------------------------------------------------
[WARNING] bootstrap class path not set in conjunction with -source 8
[WARNING] /mnt/ramdisk/build-bench/metrics-4.1.22/metrics-benchmarks/src/main/java/com/codahale/metrics/benchmarks/SlidingTimeWindowReservoirsBenchmark.java:[23,4] [MissingSummary] A summary line is required on public/protected Javadocs.
    (see https://google.github.io/styleguide/javaguide.html#s7.2-summary-fragment)
[INFO] 
[INFO] --- maven-resources-plugin:2.6:testResources (default-testResources) @ metrics-benchmarks ---
[INFO] Using 'UTF-8' encoding to copy filtered resources.
[INFO] skip non existing resourceDirectory /mnt/ramdisk/build-bench/metrics-4.1.22/metrics-benchmarks/src/test/resources
[INFO] 
[INFO] --- maven-compiler-plugin:3.8.1:testCompile (default-testCompile) @ metrics-benchmarks ---
[INFO] No sources to compile
[INFO] 
[INFO] --- maven-surefire-plugin:2.22.2:test (default-test) @ metrics-benchmarks ---
[INFO] No tests to run.
[INFO] Skipping execution of surefire because it has already been run for this configuration
[INFO] 
[INFO] --- maven-jar-plugin:3.2.0:jar (default-jar) @ metrics-benchmarks ---
[INFO] Building jar: /mnt/ramdisk/build-bench/metrics-4.1.22/metrics-benchmarks/target/metrics-benchmarks-4.1.22.jar
[INFO] 
[INFO] --- maven-shade-plugin:3.2.4:shade (default) @ metrics-benchmarks ---
[WARNING] bootstrap class path not set in conjunction with -source 8
[WARNING] /mnt/ramdisk/build-bench/metrics-4.1.22/metrics-httpclient/src/test/java/com/codahale/metrics/httpclient/HttpClientMetricNameStrategiesTest.java:[25,9] <T>assertThat(T,org.hamcrest.Matcher<? super T>) in org.junit.Assert has been deprecated
[WARNING] /mnt/ramdisk/build-bench/metrics-4.1.22/metrics-httpclient/src/test/java/com/codahale/metrics/httpclient/HttpClientMetricNameStrategiesTest.java:[31,9] <T>assertThat(T,org.hamcrest.Matcher<? super T>) in org.junit.Assert has been deprecated
[WARNING] /mnt/ramdisk/build-bench/metrics-4.1.22/metrics-httpclient/src/test/java/com/codahale/metrics/httpclient/HttpClientMetricNameStrategiesTest.java:[37,9] <T>assertThat(T,org.hamcrest.Matcher<? super T>) in org.junit.Assert has been deprecated
[WARNING] /mnt/ramdisk/build-bench/metrics-4.1.22/metrics-httpclient/src/test/java/com/codahale/metrics/httpclient/HttpClientMetricNameStrategiesTest.java:[43,9] <T>assertThat(T,org.hamcrest.Matcher<? super T>) in org.junit.Assert has been deprecated
[WARNING] /mnt/ramdisk/build-bench/metrics-4.1.22/metrics-httpclient/src/test/java/com/codahale/metrics/httpclient/HttpClientMetricNameStrategiesTest.java:[51,9] <T>assertThat(T,org.hamcrest.Matcher<? super T>) in org.junit.Assert has been deprecated
[WARNING] /mnt/ramdisk/build-bench/metrics-4.1.22/metrics-httpclient/src/test/java/com/codahale/metrics/httpclient/HttpClientMetricNameStrategiesTest.java:[59,9] <T>assertThat(T,org.hamcrest.Matcher<? super T>) in org.junit.Assert has been deprecated
[WARNING] /mnt/ramdisk/build-bench/metrics-4.1.22/metrics-httpclient/src/test/java/com/codahale/metrics/httpclient/HttpClientMetricNameStrategiesTest.java:[65,9] <T>assertThat(T,org.hamcrest.Matcher<? super T>) in org.junit.Assert has been deprecated
[WARNING] /mnt/ramdisk/build-bench/metrics-4.1.22/metrics-httpclient/src/test/java/com/codahale/metrics/httpclient/HttpClientMetricNameStrategiesTest.java:[71,9] <T>assertThat(T,org.hamcrest.Matcher<? super T>) in org.junit.Assert has been deprecated
[WARNING] /mnt/ramdisk/build-bench/metrics-4.1.22/metrics-httpclient/src/test/java/com/codahale/metrics/httpclient/HttpClientMetricNameStrategiesTest.java:[78,9] <T>assertThat(T,org.hamcrest.Matcher<? super T>) in org.junit.Assert has been deprecated
[WARNING] /mnt/ramdisk/build-bench/metrics-4.1.22/metrics-httpclient/src/test/java/com/codahale/metrics/httpclient/HttpClientMetricNameStrategiesTest.java:[85,9] <T>assertThat(T,org.hamcrest.Matcher<? super T>) in org.junit.Assert has been deprecated
[WARNING] /mnt/ramdisk/build-bench/metrics-4.1.22/metrics-httpclient/src/test/java/com/codahale/metrics/httpclient/HttpClientMetricNameStrategiesTest.java:[91,9] <T>assertThat(T,org.hamcrest.Matcher<? super T>) in org.junit.Assert has been deprecated
[WARNING] /mnt/ramdisk/build-bench/metrics-4.1.22/metrics-httpclient/src/test/java/com/codahale/metrics/httpclient/HttpClientMetricNameStrategiesTest.java:[100,9] <T>assertThat(T,org.hamcrest.Matcher<? super T>) in org.junit.Assert has been deprecated
[WARNING] /mnt/ramdisk/build-bench/metrics-4.1.22/metrics-httpclient/src/test/java/com/codahale/metrics/httpclient/HttpClientMetricNameStrategiesTest.java:[108,27] rewriteURI(java.net.URI,org.apache.http.HttpHost,boolean) in org.apache.http.client.utils.URIUtils has been deprecated
[INFO] 
[INFO] --- maven-surefire-plugin:2.22.2:test (default-test) @ metrics-httpclient ---
[INFO] Running com.codahale.metrics.caffeine.MetricsStatsCounterTest
[INFO] Including io.dropwizard.metrics:metrics-core:jar:4.1.22 in the shaded jar.
[INFO] 
[INFO] -------------------------------------------------------
[INFO]  T E S T S
[INFO] -------------------------------------------------------
[INFO] Including org.openjdk.jmh:jmh-core:jar:1.31 in the shaded jar.
[INFO] Including net.sf.jopt-simple:jopt-simple:jar:4.6 in the shaded jar.
[INFO] Including org.apache.commons:commons-math3:jar:3.2 in the shaded jar.
[INFO] Including org.slf4j:slf4j-api:jar:1.7.30 in the shaded jar.
[INFO] Running com.codahale.metrics.ehcache.InstrumentedCacheDecoratorFactoryTest
[WARNING] bootstrap class path not set in conjunction with -source 8
[WARNING] /mnt/ramdisk/build-bench/metrics-4.1.22/metrics-httpclient5/src/test/java/com/codahale/metrics/httpclient5/InstrumentedHttpAsyncClientsTest.java:[9,48] org.apache.hc.client5.http.async.methods.SimpleHttpRequests in org.apache.hc.client5.http.async.methods has been deprecated
[WARNING] /mnt/ramdisk/build-bench/metrics-4.1.22/metrics-httpclient5/src/test/java/com/codahale/metrics/httpclient5/HttpClientMetricNameStrategiesTest.java:[24,9] <T>assertThat(T,org.hamcrest.Matcher<? super T>) in org.junit.Assert has been deprecated
[WARNING] /mnt/ramdisk/build-bench/metrics-4.1.22/metrics-httpclient5/src/test/java/com/codahale/metrics/httpclient5/HttpClientMetricNameStrategiesTest.java:[30,9] <T>assertThat(T,org.hamcrest.Matcher<? super T>) in org.junit.Assert has been deprecated
[WARNING] /mnt/ramdisk/build-bench/metrics-4.1.22/metrics-httpclient5/src/test/java/com/codahale/metrics/httpclient5/HttpClientMetricNameStrategiesTest.java:[36,9] <T>assertThat(T,org.hamcrest.Matcher<? super T>) in org.junit.Assert has been deprecated
[WARNING] /mnt/ramdisk/build-bench/metrics-4.1.22/metrics-httpclient5/src/test/java/com/codahale/metrics/httpclient5/HttpClientMetricNameStrategiesTest.java:[42,9] <T>assertThat(T,org.hamcrest.Matcher<? super T>) in org.junit.Assert has been deprecated
[WARNING] /mnt/ramdisk/build-bench/metrics-4.1.22/metrics-httpclient5/src/test/java/com/codahale/metrics/httpclient5/HttpClientMetricNameStrategiesTest.java:[50,9] <T>assertThat(T,org.hamcrest.Matcher<? super T>) in org.junit.Assert has been deprecated
[WARNING] /mnt/ramdisk/build-bench/metrics-4.1.22/metrics-httpclient5/src/test/java/com/codahale/metrics/httpclient5/HttpClientMetricNameStrategiesTest.java:[58,9] <T>assertThat(T,org.hamcrest.Matcher<? super T>) in org.junit.Assert has been deprecated
[WARNING] /mnt/ramdisk/build-bench/metrics-4.1.22/metrics-httpclient5/src/test/java/com/codahale/metrics/httpclient5/HttpClientMetricNameStrategiesTest.java:[64,9] <T>assertThat(T,org.hamcrest.Matcher<? super T>) in org.junit.Assert has been deprecated
[WARNING] /mnt/ramdisk/build-bench/metrics-4.1.22/metrics-httpclient5/src/test/java/com/codahale/metrics/httpclient5/HttpClientMetricNameStrategiesTest.java:[73,9] <T>assertThat(T,org.hamcrest.Matcher<? super T>) in org.junit.Assert has been deprecated
[WARNING] /mnt/ramdisk/build-bench/metrics-4.1.22/metrics-httpclient5/src/test/java/com/codahale/metrics/httpclient5/HttpClientMetricNameStrategiesTest.java:[81,27] rewriteURI(java.net.URI,org.apache.hc.core5.http.HttpHost,boolean) in org.apache.hc.client5.http.utils.URIUtils has been deprecated
[WARNING] /mnt/ramdisk/build-bench/metrics-4.1.22/metrics-httpclient5/src/test/java/com/codahale/metrics/httpclient5/InstrumentedHttpAsyncClientsTest.java:[77,43] org.apache.hc.client5.http.async.methods.SimpleHttpRequests in org.apache.hc.client5.http.async.methods has been deprecated
[WARNING] /mnt/ramdisk/build-bench/metrics-4.1.22/metrics-httpclient5/src/test/java/com/codahale/metrics/httpclient5/InstrumentedHttpAsyncClientsTest.java:[117,43] org.apache.hc.client5.http.async.methods.SimpleHttpRequests in org.apache.hc.client5.http.async.methods has been deprecated
[WARNING] /mnt/ramdisk/build-bench/metrics-4.1.22/metrics-httpclient5/src/test/java/com/codahale/metrics/httpclient5/InstrumentedHttpAsyncClientsTest.java:[163,43] org.apache.hc.client5.http.async.methods.SimpleHttpRequests in org.apache.hc.client5.http.async.methods has been deprecated
[INFO] 
[INFO] --- maven-surefire-plugin:2.22.2:test (default-test) @ metrics-httpclient5 ---
[INFO] 
[INFO] -------------------------------------------------------
[INFO]  T E S T S
[INFO] -------------------------------------------------------
[WARNING] commons-math3-3.2.jar, jmh-core-1.31.jar, jopt-simple-4.6.jar, metrics-benchmarks-4.1.22.jar, metrics-core-4.1.22.jar, slf4j-api-1.7.30.jar define 1 overlapping resource: 
[WARNING]   - META-INF/MANIFEST.MF
[WARNING] maven-shade-plugin has detected that some class files are
[WARNING] present in two or more JARs. When this happens, only one
[WARNING] single version of the class is copied to the uber jar.
[WARNING] Usually this is not harmful and you can skip these warnings,
[WARNING] otherwise try to manually exclude artifacts based on
[WARNING] mvn dependency:tree -Ddetail=true and the above output.
[WARNING] See http://maven.apache.org/plugins/maven-shade-plugin/
[INFO] Replacing /mnt/ramdisk/build-bench/metrics-4.1.22/metrics-benchmarks/target/benchmarks.jar with /mnt/ramdisk/build-bench/metrics-4.1.22/metrics-benchmarks/target/metrics-benchmarks-4.1.22-shaded.jar
[INFO] 
[INFO] ---------------< io.dropwizard.metrics:metrics-jcstress >---------------
[INFO] Building Metrics JCStress tests 4.1.22                           [14/27]
[INFO] --------------------------------[ jar ]---------------------------------
[INFO] 
[INFO] --- maven-clean-plugin:2.5:clean (default-clean) @ metrics-jcstress ---
[INFO] Deleting /mnt/ramdisk/build-bench/metrics-4.1.22/metrics-jcstress/target
[INFO] 
[INFO] --- maven-enforcer-plugin:1.4.1:enforce (enforce) @ metrics-jcstress ---
[INFO] 
[INFO] --- jacoco-maven-plugin:0.8.7:prepare-agent (prepare-agent) @ metrics-jcstress ---
[INFO] argLine set to -javaagent:/mnt/ramdisk/.m2/repository/org/jacoco/org.jacoco.agent/0.8.7/org.jacoco.agent-0.8.7-runtime.jar=destfile=/mnt/ramdisk/build-bench/metrics-4.1.22/metrics-jcstress/target/jacoco.exec
[INFO] 
[INFO] --- maven-resources-plugin:2.6:resources (default-resources) @ metrics-jcstress ---
[INFO] Using 'UTF-8' encoding to copy filtered resources.
[INFO] skip non existing resourceDirectory /mnt/ramdisk/build-bench/metrics-4.1.22/metrics-jcstress/src/main/resources
[INFO] 
[INFO] --- maven-compiler-plugin:3.8.1:compile (default-compile) @ metrics-jcstress ---
[INFO] Changes detected - recompiling the module!
[INFO] Compiling 3 source files to /mnt/ramdisk/build-bench/metrics-4.1.22/metrics-jcstress/target/classes
[INFO] Tests run: 8, Failures: 0, Errors: 0, Skipped: 0, Time elapsed: 1.934 s - in com.codahale.metrics.caffeine.MetricsStatsCounterTest
[INFO] 
[INFO] Results:
[INFO] 
[INFO] Tests run: 8, Failures: 0, Errors: 0, Skipped: 0
[INFO] 
[INFO] 
[INFO] --- maven-enforcer-plugin:1.4.1:enforce (enforce) @ metrics-caffeine ---
[INFO] 
[INFO] --- jacoco-maven-plugin:0.8.7:prepare-agent (prepare-agent) @ metrics-caffeine ---
[INFO] argLine set to -javaagent:/mnt/ramdisk/.m2/repository/org/jacoco/org.jacoco.agent/0.8.7/org.jacoco.agent-0.8.7-runtime.jar=destfile=/mnt/ramdisk/build-bench/metrics-4.1.22/metrics-caffeine/target/jacoco.exec
[INFO] 
[INFO] --- maven-resources-plugin:3.2.0:resources (default-resources) @ metrics-caffeine ---
[INFO] Using 'UTF-8' encoding to copy filtered resources.
[INFO] Using 'UTF-8' encoding to copy filtered properties files.
[INFO] skip non existing resourceDirectory /mnt/ramdisk/build-bench/metrics-4.1.22/metrics-caffeine/src/main/resources
[INFO] 
[INFO] --- maven-compiler-plugin:3.8.1:compile (default-compile) @ metrics-caffeine ---
[INFO] Changes detected - recompiling the module!
[INFO] Compiling 1 source file to /mnt/ramdisk/build-bench/metrics-4.1.22/metrics-caffeine/target/classes
[WARNING] bootstrap class path not set in conjunction with -source 8
[INFO] 
[INFO] --- maven-surefire-plugin:2.22.2:test (default-test) @ metrics-graphite ---
[INFO] 
[INFO] -------------------------------------------------------
[INFO]  T E S T S
[INFO] -------------------------------------------------------
[INFO] Running com.codahale.metrics.httpclient.InstrumentedHttpClientConnectionManagerTest
[WARNING] bootstrap class path not set in conjunction with -source 8
[WARNING] /mnt/ramdisk/build-bench/metrics-4.1.22/metrics-collectd/src/test/java/com/codahale/metrics/collectd/Receiver.java:[49,17] [CatchAndPrintStackTrace] Logging or rethrowing exceptions should usually be preferred to catching and calling printStackTrace
    (see https://errorprone.info/bugpattern/CatchAndPrintStackTrace)
[WARNING] /mnt/ramdisk/build-bench/metrics-4.1.22/metrics-collectd/src/test/java/com/codahale/metrics/collectd/SanitizeTest.java:[24,77] [UnnecessaryParentheses] These grouping parentheses are unnecessary; it is unlikely the code will be misinterpreted without them
    (see https://errorprone.info/bugpattern/UnnecessaryParentheses)
  Did you mean 'assertThat(sanitize.name(longName)).isEqualTo(longName.substring(0, Sanitize.DEFAULT_MAX_LENGTH));'?
[INFO] 
[INFO] --- maven-surefire-plugin:2.22.2:test (default-test) @ metrics-collectd ---
[INFO] 
[INFO] -------------------------------------------------------
[INFO]  T E S T S
[INFO] -------------------------------------------------------
[INFO] Running com.codahale.metrics.httpclient5.InstrumentedAsyncClientConnectionManagerTest
[WARNING] bootstrap class path not set in conjunction with -source 8
[INFO] Tests run: 2, Failures: 0, Errors: 0, Skipped: 0, Time elapsed: 3.812 s - in com.codahale.metrics.ehcache.InstrumentedCacheDecoratorFactoryTest
[WARNING] /mnt/ramdisk/build-bench/metrics-4.1.22/metrics-jvm/src/test/java/com/codahale/metrics/jvm/FileDescriptorRatioGaugeSunManagementNotExistsTest.java:[61,43] [URLEqualsHashCode] Avoid hash-based containers of java.net.URL--the containers rely on equals() and hashCode(), which cause java.net.URL to make blocking internet connections.
    (see https://errorprone.info/bugpattern/URLEqualsHashCode)
[INFO] 
[INFO] --- maven-surefire-plugin:2.22.2:test (default-test) @ metrics-jvm ---
[INFO] Running com.codahale.metrics.ehcache.InstrumentedEhcacheTest
[INFO] 
[INFO] -------------------------------------------------------
[INFO]  T E S T S
[INFO] -------------------------------------------------------
[INFO] Tests run: 1, Failures: 0, Errors: 0, Skipped: 0, Time elapsed: 0.066 s - in com.codahale.metrics.ehcache.InstrumentedEhcacheTest
[INFO] 
[INFO] Results:
[INFO] 
[INFO] Tests run: 3, Failures: 0, Errors: 0, Skipped: 0
[INFO] 
[INFO] 
[INFO] --- maven-enforcer-plugin:1.4.1:enforce (enforce) @ metrics-ehcache ---
[INFO] 
[INFO] --- jacoco-maven-plugin:0.8.7:prepare-agent (prepare-agent) @ metrics-ehcache ---
[INFO] argLine set to -javaagent:/mnt/ramdisk/.m2/repository/org/jacoco/org.jacoco.agent/0.8.7/org.jacoco.agent-0.8.7-runtime.jar=destfile=/mnt/ramdisk/build-bench/metrics-4.1.22/metrics-ehcache/target/jacoco.exec
[INFO] 
[INFO] --- maven-resources-plugin:3.2.0:resources (default-resources) @ metrics-ehcache ---
[INFO] Using 'UTF-8' encoding to copy filtered resources.
[INFO] Using 'UTF-8' encoding to copy filtered properties files.
[INFO] skip non existing resourceDirectory /mnt/ramdisk/build-bench/metrics-4.1.22/metrics-ehcache/src/main/resources
[INFO] 
[INFO] --- maven-compiler-plugin:3.8.1:compile (default-compile) @ metrics-ehcache ---
[INFO] Changes detected - recompiling the module!
[INFO] Compiling 2 source files to /mnt/ramdisk/build-bench/metrics-4.1.22/metrics-ehcache/target/classes
[WARNING] bootstrap class path not set in conjunction with -source 8
[INFO] 
[INFO] --- maven-resources-plugin:2.6:testResources (default-testResources) @ metrics-jcstress ---
[INFO] Using 'UTF-8' encoding to copy filtered resources.
[INFO] skip non existing resourceDirectory /mnt/ramdisk/build-bench/metrics-4.1.22/metrics-jcstress/src/test/resources
[INFO] 
[INFO] --- maven-compiler-plugin:3.8.1:testCompile (default-testCompile) @ metrics-jcstress ---
[INFO] No sources to compile
[INFO] 
[INFO] --- maven-surefire-plugin:2.22.2:test (default-test) @ metrics-jcstress ---
[INFO] No tests to run.
[INFO] 
[INFO] --- maven-enforcer-plugin:1.4.1:enforce (enforce) @ metrics-jcstress ---
[INFO] 
[INFO] --- jacoco-maven-plugin:0.8.7:prepare-agent (prepare-agent) @ metrics-jcstress ---
[INFO] argLine set to -javaagent:/mnt/ramdisk/.m2/repository/org/jacoco/org.jacoco.agent/0.8.7/org.jacoco.agent-0.8.7-runtime.jar=destfile=/mnt/ramdisk/build-bench/metrics-4.1.22/metrics-jcstress/target/jacoco.exec
[INFO] 
[INFO] --- maven-resources-plugin:2.6:resources (default-resources) @ metrics-jcstress ---
[INFO] Using 'UTF-8' encoding to copy filtered resources.
[INFO] skip non existing resourceDirectory /mnt/ramdisk/build-bench/metrics-4.1.22/metrics-jcstress/src/main/resources
[INFO] 
[INFO] --- maven-compiler-plugin:3.8.1:compile (default-compile) @ metrics-jcstress ---
[INFO] Changes detected - recompiling the module!
[INFO] Compiling 3 source files to /mnt/ramdisk/build-bench/metrics-4.1.22/metrics-jcstress/target/classes
[INFO] Running com.codahale.metrics.graphite.GraphiteUDPTest
[INFO] Running com.codahale.metrics.collectd.SanitizeTest
[WARNING] bootstrap class path not set in conjunction with -source 8
[INFO] 
[INFO] --- maven-resources-plugin:3.2.0:testResources (default-testResources) @ metrics-caffeine ---
[INFO] Using 'UTF-8' encoding to copy filtered resources.
[INFO] Using 'UTF-8' encoding to copy filtered properties files.
[INFO] skip non existing resourceDirectory /mnt/ramdisk/build-bench/metrics-4.1.22/metrics-caffeine/src/test/resources
[INFO] 
[INFO] --- maven-compiler-plugin:3.8.1:testCompile (default-testCompile) @ metrics-caffeine ---
[INFO] Changes detected - recompiling the module!
[INFO] Compiling 1 source file to /mnt/ramdisk/build-bench/metrics-4.1.22/metrics-caffeine/target/test-classes
[INFO] Running com.codahale.metrics.jvm.ThreadDeadlockDetectorTest
[INFO] Tests run: 5, Failures: 0, Errors: 0, Skipped: 0, Time elapsed: 2.427 s - in com.codahale.metrics.collectd.SanitizeTest
[INFO] Running com.codahale.metrics.collectd.PacketWriterTest
[INFO] Tests run: 2, Failures: 0, Errors: 0, Skipped: 0, Time elapsed: 1.258 s - in com.codahale.metrics.collectd.PacketWriterTest
[INFO] Running com.codahale.metrics.collectd.CollectdReporterTest
[INFO] Tests run: 2, Failures: 0, Errors: 0, Skipped: 0, Time elapsed: 9.268 s - in com.codahale.metrics.httpclient.InstrumentedHttpClientConnectionManagerTest
[INFO] Running com.codahale.metrics.httpclient.InstrumentedHttpClientsTest
[WARNING] bootstrap class path not set in conjunction with -source 8
[INFO] 
[INFO] --- maven-resources-plugin:3.2.0:testResources (default-testResources) @ metrics-ehcache ---
[INFO] Using 'UTF-8' encoding to copy filtered resources.
[INFO] Using 'UTF-8' encoding to copy filtered properties files.
[INFO] Copying 1 resource
[INFO] 
[INFO] --- maven-compiler-plugin:3.8.1:testCompile (default-testCompile) @ metrics-ehcache ---
[INFO] Changes detected - recompiling the module!
[INFO] Compiling 2 source files to /mnt/ramdisk/build-bench/metrics-4.1.22/metrics-ehcache/target/test-classes
[WARNING] bootstrap class path not set in conjunction with -source 8
[INFO] 
[INFO] --- maven-resources-plugin:2.6:testResources (default-testResources) @ metrics-jcstress ---
[INFO] Using 'UTF-8' encoding to copy filtered resources.
[INFO] skip non existing resourceDirectory /mnt/ramdisk/build-bench/metrics-4.1.22/metrics-jcstress/src/test/resources
[INFO] 
[INFO] --- maven-compiler-plugin:3.8.1:testCompile (default-testCompile) @ metrics-jcstress ---
[INFO] No sources to compile
[INFO] 
[INFO] --- maven-surefire-plugin:2.22.2:test (default-test) @ metrics-jcstress ---
[INFO] No tests to run.
[INFO] Skipping execution of surefire because it has already been run for this configuration
[INFO] 
[INFO] --- maven-jar-plugin:3.2.0:jar (default-jar) @ metrics-jcstress ---
[INFO] Building jar: /mnt/ramdisk/build-bench/metrics-4.1.22/metrics-jcstress/target/metrics-jcstress-4.1.22.jar
[INFO] 
[INFO] --- maven-shade-plugin:3.2.4:shade (main) @ metrics-jcstress ---
[INFO] Including io.dropwizard.metrics:metrics-core:jar:4.1.22 in the shaded jar.
[INFO] Including org.openjdk.jcstress:jcstress-core:jar:0.11 in the shaded jar.
[INFO] Including net.sf.jopt-simple:jopt-simple:jar:4.6 in the shaded jar.
[INFO] Including net.java.dev.jna:jna:jar:4.5.2 in the shaded jar.
[INFO] Including net.java.dev.jna:jna-platform:jar:4.5.2 in the shaded jar.
[INFO] Including org.slf4j:slf4j-api:jar:1.7.30 in the shaded jar.
[WARNING] bootstrap class path not set in conjunction with -source 8
[WARNING] /mnt/ramdisk/build-bench/metrics-4.1.22/metrics-caffeine/src/test/java/com/codahale/metrics/caffeine/MetricsStatsCounterTest.java:[88,10] recordEviction() in com.codahale.metrics.caffeine.MetricsStatsCounter has been deprecated
[WARNING] /mnt/ramdisk/build-bench/metrics-4.1.22/metrics-caffeine/src/test/java/com/codahale/metrics/caffeine/MetricsStatsCounterTest.java:[95,10] recordEviction(int) in com.codahale.metrics.caffeine.MetricsStatsCounter has been deprecated
[INFO] 
[INFO] --- maven-surefire-plugin:2.22.2:test (default-test) @ metrics-caffeine ---
[INFO] Skipping execution of surefire because it has already been run for this configuration
[INFO] 
[INFO] --- maven-bundle-plugin:5.1.2:bundle (default-bundle) @ metrics-caffeine ---
[INFO] Tests run: 2, Failures: 0, Errors: 0, Skipped: 0, Time elapsed: 8.859 s - in com.codahale.metrics.graphite.GraphiteUDPTest
[INFO] Running com.codahale.metrics.graphite.GraphiteRabbitMQTest
[INFO] Tests run: 2, Failures: 0, Errors: 0, Skipped: 0, Time elapsed: 10.827 s - in com.codahale.metrics.httpclient5.InstrumentedAsyncClientConnectionManagerTest
[INFO] Running com.codahale.metrics.httpclient5.InstrumentedHttpClientConnectionManagerTest
[INFO] Tests run: 2, Failures: 0, Errors: 0, Skipped: 0, Time elapsed: 0.038 s - in com.codahale.metrics.httpclient5.InstrumentedHttpClientConnectionManagerTest
[INFO] Running com.codahale.metrics.httpclient5.InstrumentedHttpAsyncClientsTest
[WARNING] Bundle io.dropwizard.metrics:metrics-caffeine:bundle:4.1.22 : Unused Import-Package instructions: [javax.servlet*, org.slf4j*, sun.misc.*, com.sun.management.*] 
[INFO] 
[INFO] -----------------< io.dropwizard.metrics:metrics-jdbi >-----------------
[INFO] Building Metrics Integration for JDBI 4.1.22                     [15/27]
[INFO] -------------------------------[ bundle ]-------------------------------
[WARNING] jcstress-core-0.11.jar, jna-4.5.2.jar, jna-platform-4.5.2.jar, jopt-simple-4.6.jar, metrics-core-4.1.22.jar, metrics-jcstress-4.1.22.jar, slf4j-api-1.7.30.jar define 1 overlapping resource: 
[WARNING]   - META-INF/MANIFEST.MF
[WARNING] maven-shade-plugin has detected that some class files are
[WARNING] present in two or more JARs. When this happens, only one
[WARNING] single version of the class is copied to the uber jar.
[WARNING] Usually this is not harmful and you can skip these warnings,
[WARNING] otherwise try to manually exclude artifacts based on
[WARNING] mvn dependency:tree -Ddetail=true and the above output.
[WARNING] See http://maven.apache.org/plugins/maven-shade-plugin/
[INFO] Replacing /mnt/ramdisk/build-bench/metrics-4.1.22/metrics-jcstress/target/jcstress.jar with /mnt/ramdisk/build-bench/metrics-4.1.22/metrics-jcstress/target/metrics-jcstress-4.1.22-shaded.jar
[INFO] Tests run: 2, Failures: 0, Errors: 0, Skipped: 0, Time elapsed: 4.002 s - in com.codahale.metrics.httpclient.InstrumentedHttpClientsTest
[INFO] Running com.codahale.metrics.httpclient.HttpClientMetricNameStrategiesTest
[INFO] 
[INFO] ----------------< io.dropwizard.metrics:metrics-jdbi3 >-----------------
[INFO] Building Metrics Integration for JDBI3 4.1.22                    [16/27]
[INFO] -------------------------------[ bundle ]-------------------------------
[INFO] Tests run: 12, Failures: 0, Errors: 0, Skipped: 0, Time elapsed: 0.102 s - in com.codahale.metrics.httpclient.HttpClientMetricNameStrategiesTest
Downloading from central: https://repo.maven.apache.org/maven2/org/jdbi/jdbi3-core/3.18.1/jdbi3-core-3.18.1.pom
Downloading from central: https://repo.maven.apache.org/maven2/org/jdbi/jdbi/2.78/jdbi-2.78.pom
[INFO] 
[INFO] Results:
[INFO] 
[INFO] Tests run: 16, Failures: 0, Errors: 0, Skipped: 0
[INFO] 
[INFO] 
[INFO] --- maven-enforcer-plugin:1.4.1:enforce (enforce) @ metrics-httpclient ---
[INFO] 
[INFO] --- jacoco-maven-plugin:0.8.7:prepare-agent (prepare-agent) @ metrics-httpclient ---
[INFO] argLine set to -javaagent:/mnt/ramdisk/.m2/repository/org/jacoco/org.jacoco.agent/0.8.7/org.jacoco.agent-0.8.7-runtime.jar=destfile=/mnt/ramdisk/build-bench/metrics-4.1.22/metrics-httpclient/target/jacoco.exec
[INFO] 
[INFO] --- maven-resources-plugin:3.2.0:resources (default-resources) @ metrics-httpclient ---
[INFO] Using 'UTF-8' encoding to copy filtered resources.
[INFO] Using 'UTF-8' encoding to copy filtered properties files.
[INFO] skip non existing resourceDirectory /mnt/ramdisk/build-bench/metrics-4.1.22/metrics-httpclient/src/main/resources
[INFO] 
[INFO] --- maven-compiler-plugin:3.8.1:compile (default-compile) @ metrics-httpclient ---
[INFO] Changes detected - recompiling the module!
[INFO] Compiling 5 source files to /mnt/ramdisk/build-bench/metrics-4.1.22/metrics-httpclient/target/classes
[INFO] Tests run: 3, Failures: 0, Errors: 0, Skipped: 0, Time elapsed: 8.034 s - in com.codahale.metrics.jvm.ThreadDeadlockDetectorTest
[INFO] Running com.codahale.metrics.jvm.CpuTimeClockTest
[ERROR] Tests run: 1, Failures: 1, Errors: 0, Skipped: 0, Time elapsed: 0.467 s <<< FAILURE! - in com.codahale.metrics.jvm.CpuTimeClockTest
[ERROR] cpuTimeClock(com.codahale.metrics.jvm.CpuTimeClockTest)  Time elapsed: 0.464 s  <<< FAILURE!
java.lang.AssertionError: 

Expecting:
  1.640541355729E12
to be close to:
  1.640541356076E12
by less than 200.0 but difference was 347.0.
(a difference of exactly 200.0 being considered valid)
	at com.codahale.metrics.jvm.CpuTimeClockTest.cpuTimeClock(CpuTimeClockTest.java:17)

[INFO] Running com.codahale.metrics.jvm.GarbageCollectorMetricSetTest
Progress (1): 2.7/7.5 kBProgress (2): 2.7/7.5 kB | 2.7/11 kBProgress (2): 5.5/7.5 kB | 2.7/11 kBProgress (2): 7.5 kB | 2.7/11 kB    Progress (2): 7.5 kB | 5.5/11 kBProgress (2): 7.5 kB | 8.2/11 kBProgress (2): 7.5 kB | 11/11 kB Progress (2): 7.5 kB | 11 kB                               Downloaded from central: https://repo.maven.apache.org/maven2/org/jdbi/jdbi3-core/3.18.1/jdbi3-core-3.18.1.pom (7.5 kB at 6.9 kB/s)
Downloaded from central: https://repo.maven.apache.org/maven2/org/jdbi/jdbi/2.78/jdbi-2.78.pom (11 kB at 10 kB/s)
Downloading from central: https://repo.maven.apache.org/maven2/org/jdbi/jdbi3-parent/3.18.1/jdbi3-parent-3.18.1.pom
[INFO] Tests run: 4, Failures: 0, Errors: 0, Skipped: 0, Time elapsed: 0.388 s - in com.codahale.metrics.jvm.GarbageCollectorMetricSetTest
[INFO] Running com.codahale.metrics.jvm.JmxAttributeGaugeTest
Downloading from central: https://repo.maven.apache.org/maven2/org/basepom/basepom-oss/19/basepom-oss-19.pom
Progress (1): 2.7/32 kBProgress (1): 5.5/32 kBProgress (1): 8.2/32 kBProgress (2): 8.2/32 kB | 2.7/9.6 kBProgress (2): 11/32 kB | 2.7/9.6 kB Progress (2): 11/32 kB | 5.5/9.6 kBProgress (2): 14/32 kB | 5.5/9.6 kBProgress (2): 16/32 kB | 5.5/9.6 kBProgress (2): 16/32 kB | 8.2/9.6 kBProgress (2): 16/32 kB | 9.6 kB    Progress (2): 19/32 kB | 9.6 kBProgress (2): 22/32 kB | 9.6 kBProgress (2): 25/32 kB | 9.6 kBProgress (2): 27/32 kB | 9.6 kBProgress (2): 30/32 kB | 9.6 kBProgress (2): 32 kB | 9.6 kB                               Downloaded from central: https://repo.maven.apache.org/maven2/org/basepom/basepom-oss/19/basepom-oss-19.pom (9.6 kB at 145 kB/s)
Downloading from central: https://repo.maven.apache.org/maven2/org/basepom/basepom-minimal/19/basepom-minimal-19.pom
[main] WARN com.codahale.metrics.collectd.CollectdReporter - Failed to process metric 'unsupported'. Unsupported gauge of type: java.lang.String 
Downloaded from central: https://repo.maven.apache.org/maven2/org/jdbi/jdbi3-parent/3.18.1/jdbi3-parent-3.18.1.pom (32 kB at 325 kB/s)
Downloading from central: https://repo.maven.apache.org/maven2/org/basepom/basepom8-oss/33/basepom8-oss-33.pom
Progress (1): 2.7/12 kBProgress (1): 5.5/12 kBProgress (1): 8.2/12 kBProgress (1): 11/12 kB Progress (1): 12 kB   Progress (2): 12 kB | 2.7/9.3 kBProgress (2): 12 kB | 5.5/9.3 kBProgress (2): 12 kB | 8.2/9.3 kBProgress (2): 12 kB | 9.3 kB                                Downloaded from central: https://repo.maven.apache.org/maven2/org/basepom/basepom8-oss/33/basepom8-oss-33.pom (9.3 kB at 34 kB/s)
Downloading from central: https://repo.maven.apache.org/maven2/org/basepom/basepom8-minimal/33/basepom8-minimal-33.pom
Downloaded from central: https://repo.maven.apache.org/maven2/org/basepom/basepom-minimal/19/basepom-minimal-19.pom (12 kB at 40 kB/s)
Downloading from central: https://repo.maven.apache.org/maven2/org/basepom/basepom-foundation/19/basepom-foundation-19.pom
Progress (1): 2.7/17 kBProgress (1): 5.5/17 kBProgress (1): 8.2/17 kBProgress (1): 12/17 kB Progress (1): 16/17 kBProgress (1): 17 kB   [WARNING] bootstrap class path not set in conjunction with -source 8
[INFO] 
[INFO] --- maven-surefire-plugin:2.22.2:test (default-test) @ metrics-ehcache ---
[INFO] Skipping execution of surefire because it has already been run for this configuration
[INFO] 
[INFO] --- maven-bundle-plugin:5.1.2:bundle (default-bundle) @ metrics-ehcache ---
Progress (2): 17 kB | 2.7/47 kBProgress (2): 17 kB | 5.5/47 kBProgress (2): 17 kB | 8.2/47 kBProgress (2): 17 kB | 11/47 kB Progress (2): 17 kB | 14/47 kBProgress (2): 17 kB | 16/47 kBProgress (2): 17 kB | 19/47 kBProgress (2): 17 kB | 22/47 kBProgress (2): 17 kB | 25/47 kBProgress (2): 17 kB | 27/47 kBProgress (2): 17 kB | 30/47 kB                              Downloaded from central: https://repo.maven.apache.org/maven2/org/basepom/basepom8-minimal/33/basepom8-minimal-33.pom (17 kB at 75 kB/s)
Downloading from central: https://repo.maven.apache.org/maven2/org/basepom/basepom8-foundation/33/basepom8-foundation-33.pom
Progress (1): 33/47 kBProgress (1): 37/47 kBProgress (1): 41/47 kBProgress (1): 45/47 kBProgress (1): 47 kB   [INFO] Tests run: 5, Failures: 0, Errors: 0, Skipped: 0, Time elapsed: 0.616 s - in com.codahale.metrics.jvm.JmxAttributeGaugeTest
[INFO] Running com.codahale.metrics.jvm.FileDescriptorRatioGaugeSunManagementNotExistsTest
[INFO] Tests run: 1, Failures: 0, Errors: 0, Skipped: 0, Time elapsed: 0.037 s - in com.codahale.metrics.jvm.FileDescriptorRatioGaugeSunManagementNotExistsTest
[INFO] Running com.codahale.metrics.jvm.MemoryUsageGaugeSetTest
                   Downloaded from central: https://repo.maven.apache.org/maven2/org/basepom/basepom-foundation/19/basepom-foundation-19.pom (47 kB at 155 kB/s)
Downloading from central: https://repo.maven.apache.org/maven2/org/jdbi/jdbi/2.78/jdbi-2.78.jar
Progress (1): 4.1/53 kBProgress (1): 8.2/53 kBProgress (1): 12/53 kB Progress (1): 16/53 kBProgress (1): 20/53 kBProgress (1): 25/53 kBProgress (1): 29/53 kBProgress (1): 33/53 kBProgress (1): 37/53 kBProgress (1): 41/53 kBProgress (1): 45/53 kBProgress (1): 49/53 kBProgress (1): 53 kB   Progress (2): 53 kB | 0/1.0 MBProgress (2): 53 kB | 0/1.0 MB                              Downloaded from central: https://repo.maven.apache.org/maven2/org/basepom/basepom8-foundation/33/basepom8-foundation-33.pom (53 kB at 264 kB/s)
Progress (1): 0/1.0 MBProgress (1): 0/1.0 MBProgress (1): 0/1.0 MBProgress (1): 0/1.0 MBProgress (1): 0.1/1.0 MBProgress (1): 0.1/1.0 MBProgress (1): 0.1/1.0 MBProgress (1): 0.1/1.0 MBProgress (1): 0.1/1.0 MBProgress (1): 0.1/1.0 MBProgress (1): 0.1/1.0 MBProgress (1): 0.1/1.0 MBProgress (1): 0.1/1.0 MB                        Downloading from central: https://repo.maven.apache.org/maven2/io/leangen/geantyref/geantyref/1.3.7/geantyref-1.3.7.pom
Progress (1): 0.1/1.0 MBProgress (1): 0.1/1.0 MBProgress (1): 0.1/1.0 MBProgress (1): 0.2/1.0 MBProgress (1): 0.2/1.0 MBProgress (1): 0.2/1.0 MBProgress (1): 0.2/1.0 MBProgress (1): 0.2/1.0 MBProgress (2): 0.2/1.0 MB | 4.1/7.8 kBProgress (2): 0.2/1.0 MB | 7.8 kB    Progress (2): 0.2/1.0 MB | 7.8 kBProgress (2): 0.2/1.0 MB | 7.8 kBProgress (2): 0.2/1.0 MB | 7.8 kBProgress (2): 0.2/1.0 MB | 7.8 kBProgress (2): 0.2/1.0 MB | 7.8 kBProgress (2): 0.2/1.0 MB | 7.8 kBProgress (2): 0.2/1.0 MB | 7.8 kBProgress (2): 0.3/1.0 MB | 7.8 kBProgress (2): 0.3/1.0 MB | 7.8 kBProgress (2): 0.3/1.0 MB | 7.8 kBProgress (2): 0.3/1.0 MB | 7.8 kBProgress (2): 0.3/1.0 MB | 7.8 kB                                 Downloaded from central: https://repo.maven.apache.org/maven2/io/leangen/geantyref/geantyref/1.3.7/geantyref-1.3.7.pom (7.8 kB at 90 kB/s)
Downloading from central: https://repo.maven.apache.org/maven2/com/github/ben-manes/caffeine/caffeine/2.8.0/caffeine-2.8.0.pom
Progress (1): 0.3/1.0 MBProgress (1): 0.3/1.0 MBProgress (1): 0.3/1.0 MBProgress (1): 0.3/1.0 MBProgress (1): 0.3/1.0 MBProgress (1): 0.3/1.0 MBProgress (1): 0.3/1.0 MBProgress (1): 0.4/1.0 MBProgress (1): 0.4/1.0 MBProgress (1): 0.4/1.0 MBProgress (1): 0.4/1.0 MBProgress (1): 0.4/1.0 MBProgress (1): 0.4/1.0 MBProgress (1): 0.4/1.0 MBProgress (1): 0.4/1.0 MBProgress (1): 0.4/1.0 MBProgress (1): 0.4/1.0 MBProgress (1): 0.4/1.0 MBProgress (1): 0.4/1.0 MBProgress (1): 0.5/1.0 MBProgress (2): 0.5/1.0 MB | 4.1/5.3 kBProgress (2): 0.5/1.0 MB | 5.3 kB    Progress (2): 0.5/1.0 MB | 5.3 kBProgress (2): 0.5/1.0 MB | 5.3 kBProgress (2): 0.5/1.0 MB | 5.3 kBProgress (2): 0.5/1.0 MB | 5.3 kBProgress (2): 0.5/1.0 MB | 5.3 kBProgress (2): 0.5/1.0 MB | 5.3 kBProgress (2): 0.5/1.0 MB | 5.3 kBProgress (2): 0.5/1.0 MB | 5.3 kBProgress (2): 0.5/1.0 MB | 5.3 kBProgress (2): 0.5/1.0 MB | 5.3 kBProgress (2): 0.5/1.0 MB | 5.3 kBProgress (2): 0.5/1.0 MB | 5.3 kBProgress (2): 0.6/1.0 MB | 5.3 kBProgress (2): 0.6/1.0 MB | 5.3 kBProgress (2): 0.6/1.0 MB | 5.3 kBProgress (2): 0.6/1.0 MB | 5.3 kB                                 Downloaded from central: https://repo.maven.apache.org/maven2/com/github/ben-manes/caffeine/caffeine/2.8.0/caffeine-2.8.0.pom (5.3 kB at 44 kB/s)
Downloading from central: https://repo.maven.apache.org/maven2/org/checkerframework/checker-qual/2.10.0/checker-qual-2.10.0.pom
Progress (1): 0.6/1.0 MB[INFO] Tests run: 7, Failures: 0, Errors: 0, Skipped: 0, Time elapsed: 4.011 s - in com.codahale.metrics.graphite.GraphiteRabbitMQTest
[INFO] Running com.codahale.metrics.graphite.GraphiteTest
Progress (1): 0.6/1.0 MBProgress (1): 0.6/1.0 MBProgress (1): 0.6/1.0 MBProgress (1): 0.6/1.0 MBProgress (1): 0.6/1.0 MBProgress (1): 0.6/1.0 MBProgress (1): 0.6/1.0 MBProgress (1): 0.7/1.0 MBProgress (1): 0.7/1.0 MBProgress (1): 0.7/1.0 MBProgress (2): 0.7/1.0 MB | 2.4 kBProgress (2): 0.7/1.0 MB | 2.4 kBProgress (2): 0.7/1.0 MB | 2.4 kBProgress (2): 0.7/1.0 MB | 2.4 kBProgress (2): 0.7/1.0 MB | 2.4 kBProgress (2): 0.7/1.0 MB | 2.4 kBProgress (2): 0.7/1.0 MB | 2.4 kBProgress (2): 0.7/1.0 MB | 2.4 kBProgress (2): 0.7/1.0 MB | 2.4 kBProgress (2): 0.7/1.0 MB | 2.4 kBProgress (2): 0.8/1.0 MB | 2.4 kB                                 Downloaded from central: https://repo.maven.apache.org/maven2/org/checkerframework/checker-qual/2.10.0/checker-qual-2.10.0.pom (2.4 kB at 27 kB/s)
Progress (1): 0.8/1.0 MBProgress (1): 0.8/1.0 MBProgress (1): 0.8/1.0 MBProgress (1): 0.8/1.0 MBProgress (1): 0.8/1.0 MBProgress (1): 0.8/1.0 MBProgress (1): 0.8/1.0 MBProgress (1): 0.8/1.0 MBProgress (1): 0.8/1.0 MBProgress (1): 0.8/1.0 MBProgress (1): 0.8/1.0 MB                        Downloading from central: https://repo.maven.apache.org/maven2/org/jdbi/jdbi3-core/3.18.1/jdbi3-core-3.18.1.jar
Progress (1): 0.8/1.0 MBProgress (1): 0.9/1.0 MBProgress (1): 0.9/1.0 MBProgress (1): 0.9/1.0 MBProgress (1): 0.9/1.0 MBProgress (1): 0.9/1.0 MBProgress (1): 0.9/1.0 MB                        Downloading from central: https://repo.maven.apache.org/maven2/io/leangen/geantyref/geantyref/1.3.7/geantyref-1.3.7.jar
Progress (1): 0.9/1.0 MBProgress (1): 0.9/1.0 MBProgress (1): 0.9/1.0 MBProgress (1): 0.9/1.0 MBProgress (1): 0.9/1.0 MB[WARNING] Bundle io.dropwizard.metrics:metrics-ehcache:bundle:4.1.22 : Unused Import-Package instructions: [javax.servlet*, org.slf4j*, sun.misc.*, com.sun.management.*] 
Progress (1): 0.9/1.0 MBProgress (1): 1.0/1.0 MB                        Downloading from central: https://repo.maven.apache.org/maven2/com/github/ben-manes/caffeine/caffeine/2.8.0/caffeine-2.8.0.jar
Progress (1): 1.0/1.0 MBProgress (1): 1.0/1.0 MBProgress (1): 1.0/1.0 MBProgress (1): 1.0/1.0 MBProgress (1): 1.0/1.0 MBProgress (1): 1.0/1.0 MBProgress (1): 1.0/1.0 MBProgress (1): 1.0/1.0 MBProgress (2): 1.0/1.0 MB | 4.1/517 kBProgress (2): 1.0/1.0 MB | 8.2/517 kBProgress (2): 1.0/1.0 MB | 12/517 kB Progress (2): 1.0/1.0 MB | 16/517 kB                                    Downloading from central: https://repo.maven.apache.org/maven2/org/checkerframework/checker-qual/2.10.0/checker-qual-2.10.0.jar
Progress (2): 1.0/1.0 MB | 20/517 kBProgress (2): 1.0/1.0 MB | 25/517 kBProgress (2): 1.0/1.0 MB | 29/517 kBProgress (2): 1.0/1.0 MB | 33/517 kBProgress (2): 1.0/1.0 MB | 37/517 kBProgress (2): 1.0/1.0 MB | 41/517 kBProgress (2): 1.0/1.0 MB | 45/517 kBProgress (2): 1.0/1.0 MB | 49/517 kBProgress (2): 1.0/1.0 MB | 53/517 kBProgress (2): 1.0/1.0 MB | 57/517 kBProgress (2): 1.0/1.0 MB | 61/517 kBProgress (2): 1.0/1.0 MB | 66/517 kBProgress (2): 1.0/1.0 MB | 70/517 kBProgress (2): 1.0/1.0 MB | 74/517 kBProgress (2): 1.0/1.0 MB | 78/517 kBProgress (2): 1.0/1.0 MB | 82/517 kBProgress (2): 1.0/1.0 MB | 86/517 kBProgress (2): 1.0/1.0 MB | 90/517 kBProgress (2): 1.0/1.0 MB | 94/517 kBProgress (2): 1.0/1.0 MB | 98/517 kBProgress (2): 1.0/1.0 MB | 102/517 kBProgress (2): 1.0/1.0 MB | 106/517 kBProgress (2): 1.0/1.0 MB | 111/517 kBProgress (2): 1.0/1.0 MB | 115/517 kBProgress (2): 1.0/1.0 MB | 119/517 kBProgress (2): 1.0/1.0 MB | 123/517 kBProgress (2): 1.0/1.0 MB | 127/517 kBProgress (2): 1.0/1.0 MB | 131/517 kBProgress (2): 1.0/1.0 MB | 135/517 kBProgress (2): 1.0/1.0 MB | 139/517 kBProgress (2): 1.0/1.0 MB | 143/517 kBProgress (2): 1.0/1.0 MB | 147/517 kBProgress (2): 1.0/1.0 MB | 152/517 kBProgress (2): 1.0/1.0 MB | 156/517 kBProgress (2): 1.0/1.0 MB | 160/517 kBProgress (2): 1.0/1.0 MB | 164/517 kBProgress (2): 1.0/1.0 MB | 168/517 kBProgress (2): 1.0/1.0 MB | 172/517 kBProgress (2): 1.0/1.0 MB | 176/517 kBProgress (2): 1.0/1.0 MB | 176/517 kBProgress (2): 1.0/1.0 MB | 176/517 kBProgress (2): 1.0/1.0 MB | 176/517 kBProgress (2): 1.0 MB | 176/517 kB    [INFO] 
[INFO] ---------------< io.dropwizard.metrics:metrics-jersey2 >----------------
[INFO] Building Metrics Integration for Jersey 2.x 4.1.22               [17/27]
[INFO] -------------------------------[ bundle ]-------------------------------
Progress (2): 1.0 MB | 180/517 kBProgress (2): 1.0 MB | 184/517 kBProgress (2): 1.0 MB | 188/517 kBProgress (2): 1.0 MB | 193/517 kBProgress (2): 1.0 MB | 197/517 kBProgress (2): 1.0 MB | 201/517 kBProgress (2): 1.0 MB | 205/517 kBProgress (2): 1.0 MB | 209/517 kBProgress (2): 1.0 MB | 213/517 kBProgress (2): 1.0 MB | 217/517 kBProgress (2): 1.0 MB | 221/517 kBProgress (2): 1.0 MB | 225/517 kBProgress (2): 1.0 MB | 229/517 kBProgress (2): 1.0 MB | 233/517 kBProgress (2): 1.0 MB | 238/517 kBProgress (2): 1.0 MB | 242/517 kBProgress (2): 1.0 MB | 246/517 kBProgress (2): 1.0 MB | 250/517 kBProgress (2): 1.0 MB | 254/517 kBProgress (2): 1.0 MB | 258/517 kB                                 Downloaded from central: https://repo.maven.apache.org/maven2/org/jdbi/jdbi/2.78/jdbi-2.78.jar (1.0 MB at 1.6 MB/s)
[INFO] 
[INFO] --- maven-clean-plugin:2.5:clean (default-clean) @ metrics-jdbi ---
[INFO] 
[INFO] --- maven-enforcer-plugin:1.4.1:enforce (enforce) @ metrics-jdbi ---
Progress (2): 258/517 kB | 2.7/67 kBProgress (2): 258/517 kB | 5.5/67 kBProgress (2): 258/517 kB | 8.2/67 kBProgress (2): 258/517 kB | 11/67 kB Progress (2): 258/517 kB | 14/67 kBProgress (2): 258/517 kB | 16/67 kBProgress (2): 258/517 kB | 19/67 kBProgress (2): 258/517 kB | 22/67 kBProgress (2): 262/517 kB | 22/67 kBProgress (2): 262/517 kB | 25/67 kBProgress (2): 262/517 kB | 27/67 kBProgress (2): 262/517 kB | 30/67 kBProgress (3): 262/517 kB | 30/67 kB | 2.7/201 kBProgress (3): 262/517 kB | 33/67 kB | 2.7/201 kBProgress (3): 262/517 kB | 33/67 kB | 5.5/201 kBProgress (3): 262/517 kB | 36/67 kB | 5.5/201 kBProgress (3): 262/517 kB | 36/67 kB | 8.2/201 kBProgress (3): 262/517 kB | 38/67 kB | 8.2/201 kBProgress (3): 262/517 kB | 41/67 kB | 8.2/201 kBProgress (3): 262/517 kB | 44/67 kB | 8.2/201 kBProgress (3): 262/517 kB | 47/67 kB | 8.2/201 kBProgress (3): 262/517 kB | 49/67 kB | 8.2/201 kBProgress (3): 262/517 kB | 52/67 kB | 8.2/201 kBProgress (3): 262/517 kB | 55/67 kB | 8.2/201 kBProgress (3): 262/517 kB | 58/67 kB | 8.2/201 kBProgress (3): 262/517 kB | 60/67 kB | 8.2/201 kBProgress (3): 262/517 kB | 63/67 kB | 8.2/201 kBProgress (3): 262/517 kB | 66/67 kB | 8.2/201 kBProgress (3): 262/517 kB | 67 kB | 8.2/201 kB   Progress (3): 266/517 kB | 67 kB | 8.2/201 kBProgress (4): 266/517 kB | 67 kB | 8.2/201 kB | 4.1/880 kBProgress (4): 270/517 kB | 67 kB | 8.2/201 kB | 4.1/880 kBProgress (4): 270/517 kB | 67 kB | 8.2/201 kB | 8.2/880 kBProgress (4): 274/517 kB | 67 kB | 8.2/201 kB | 8.2/880 kBProgress (4): 274/517 kB | 67 kB | 8.2/201 kB | 12/880 kB Progress (4): 274/517 kB | 67 kB | 8.2/201 kB | 16/880 kBProgress (4): 274/517 kB | 67 kB | 8.2/201 kB | 21/880 kBProgress (4): 274/517 kB | 67 kB | 8.2/201 kB | 25/880 kBProgress (4): 274/517 kB | 67 kB | 8.2/201 kB | 29/880 kBProgress (4): 274/517 kB | 67 kB | 8.2/201 kB | 33/880 kBProgress (4): 274/517 kB | 67 kB | 11/201 kB | 33/880 kB Progress (4): 279/517 kB | 67 kB | 11/201 kB | 33/880 kBProgress (4): 283/517 kB | 67 kB | 11/201 kB | 33/880 kBProgress (4): 287/517 kB | 67 kB | 11/201 kB | 33/880 kBProgress (4): 291/517 kB | 67 kB | 11/201 kB | 33/880 kBProgress (4): 295/517 kB | 67 kB | 11/201 kB | 33/880 kBProgress (4): 299/517 kB | 67 kB | 11/201 kB | 33/880 kBProgress (4): 303/517 kB | 67 kB | 11/201 kB | 33/880 kBProgress (4): 307/517 kB | 67 kB | 11/201 kB | 33/880 kBProgress (4): 311/517 kB | 67 kB | 11/201 kB | 33/880 kBProgress (4): 315/517 kB | 67 kB | 11/201 kB | 33/880 kBProgress (4): 319/517 kB | 67 kB | 11/201 kB | 33/880 kBProgress (4): 324/517 kB | 67 kB | 11/201 kB | 33/880 kBProgress (4): 328/517 kB | 67 kB | 11/201 kB | 33/880 kBProgress (4): 332/517 kB | 67 kB | 11/201 kB | 33/880 kBProgress (4): 336/517 kB | 67 kB | 11/201 kB | 33/880 kBProgress (4): 336/517 kB | 67 kB | 14/201 kB | 33/880 kBProgress (4): 336/517 kB | 67 kB | 16/201 kB | 33/880 kBProgress (4): 340/517 kB | 67 kB | 16/201 kB | 33/880 kBProgress (4): 344/517 kB | 67 kB | 16/201 kB | 33/880 kBProgress (4): 348/517 kB | 67 kB | 16/201 kB | 33/880 kBProgress (4): 348/517 kB | 67 kB | 19/201 kB | 33/880 kBProgress (4): 348/517 kB | 67 kB | 19/201 kB | 37/880 kBProgress (4): 348/517 kB | 67 kB | 22/201 kB | 37/880 kBProgress (4): 348/517 kB | 67 kB | 25/201 kB | 37/880 kBProgress (4): 348/517 kB | 67 kB | 27/201 kB | 37/880 kBProgress (4): 348/517 kB | 67 kB | 30/201 kB | 37/880 kB[INFO] 
[INFO] --- jacoco-maven-plugin:0.8.7:prepare-agent (prepare-agent) @ metrics-jdbi ---
Progress (4): 348/517 kB | 67 kB | 33/201 kB | 37/880 kBProgress (4): 348/517 kB | 67 kB | 36/201 kB | 37/880 kBProgress (4): 348/517 kB | 67 kB | 38/201 kB | 37/880 kB[INFO] argLine set to -javaagent:/mnt/ramdisk/.m2/repository/org/jacoco/org.jacoco.agent/0.8.7/org.jacoco.agent-0.8.7-runtime.jar=destfile=/mnt/ramdisk/build-bench/metrics-4.1.22/metrics-jdbi/target/jacoco.exec
[INFO] 
[INFO] --- maven-resources-plugin:3.2.0:resources (default-resources) @ metrics-jdbi ---
[INFO] Using 'UTF-8' encoding to copy filtered resources.
[INFO] Using 'UTF-8' encoding to copy filtered properties files.
[INFO] skip non existing resourceDirectory /mnt/ramdisk/build-bench/metrics-4.1.22/metrics-jdbi/src/main/resources
[INFO] 
[INFO] --- maven-compiler-plugin:3.8.1:compile (default-compile) @ metrics-jdbi ---
Progress (4): 348/517 kB | 67 kB | 41/201 kB | 37/880 kBProgress (4): 348/517 kB | 67 kB | 44/201 kB | 37/880 kBProgress (4): 348/517 kB | 67 kB | 47/201 kB | 37/880 kBProgress (4): 348/517 kB | 67 kB | 49/201 kB | 37/880 kBProgress (4): 348/517 kB | 67 kB | 52/201 kB | 37/880 kBProgress (4): 348/517 kB | 67 kB | 55/201 kB | 37/880 kBProgress (4): 348/517 kB | 67 kB | 58/201 kB | 37/880 kBProgress (4): 348/517 kB | 67 kB | 60/201 kB | 37/880 kBProgress (4): 348/517 kB | 67 kB | 63/201 kB | 37/880 kBProgress (4): 348/517 kB | 67 kB | 66/201 kB | 37/880 kBProgress (4): 348/517 kB | 67 kB | 66/201 kB | 41/880 kBProgress (4): 352/517 kB | 67 kB | 66/201 kB | 41/880 kBProgress (4): 352/517 kB | 67 kB | 66/201 kB | 45/880 kBProgress (4): 356/517 kB | 67 kB | 66/201 kB | 45/880 kBProgress (4): 360/517 kB | 67 kB | 66/201 kB | 45/880 kBProgress (4): 365/517 kB | 67 kB | 66/201 kB | 45/880 kBProgress (4): 369/517 kB | 67 kB | 66/201 kB | 45/880 kBProgress (4): 373/517 kB | 67 kB | 66/201 kB | 45/880 kBProgress (4): 377/517 kB | 67 kB | 66/201 kB | 45/880 kBProgress (4): 381/517 kB | 67 kB | 66/201 kB | 45/880 kBProgress (4): 385/517 kB | 67 kB | 66/201 kB | 45/880 kBProgress (4): 389/517 kB | 67 kB | 66/201 kB | 45/880 kBProgress (4): 393/517 kB | 67 kB | 66/201 kB | 45/880 kBProgress (4): 397/517 kB | 67 kB | 66/201 kB | 45/880 kBProgress (4): 401/517 kB | 67 kB | 66/201 kB | 45/880 kBProgress (4): 401/517 kB | 67 kB | 66/201 kB | 49/880 kBProgress (4): 406/517 kB | 67 kB | 66/201 kB | 49/880 kBProgress (4): 410/517 kB | 67 kB | 66/201 kB | 49/880 kBProgress (4): 414/517 kB | 67 kB | 66/201 kB | 49/880 kBProgress (4): 418/517 kB | 67 kB | 66/201 kB | 49/880 kBProgress (4): 418/517 kB | 67 kB | 66/201 kB | 53/880 kBProgress (4): 418/517 kB | 67 kB | 66/201 kB | 58/880 kBProgress (4): 422/517 kB | 67 kB | 66/201 kB | 58/880 kBProgress (4): 422/517 kB | 67 kB | 66/201 kB | 62/880 kBProgress (4): 426/517 kB | 67 kB | 66/201 kB | 62/880 kBProgress (4): 430/517 kB | 67 kB | 66/201 kB | 62/880 kBProgress (4): 434/517 kB | 67 kB | 66/201 kB | 62/880 kBProgress (4): 434/517 kB | 67 kB | 66/201 kB | 66/880 kBProgress (4): 438/517 kB | 67 kB | 66/201 kB | 66/880 kBProgress (4): 442/517 kB | 67 kB | 66/201 kB | 66/880 kBProgress (4): 446/517 kB | 67 kB | 66/201 kB | 66/880 kBProgress (4): 451/517 kB | 67 kB | 66/201 kB | 66/880 kBProgress (4): 455/517 kB | 67 kB | 66/201 kB | 66/880 kBProgress (4): 459/517 kB | 67 kB | 66/201 kB | 66/880 kBProgress (4): 463/517 kB | 67 kB | 66/201 kB | 66/880 kBProgress (4): 467/517 kB | 67 kB | 66/201 kB | 66/880 kBProgress (4): 471/517 kB | 67 kB | 66/201 kB | 66/880 kBProgress (4): 471/517 kB | 67 kB | 66/201 kB | 74/880 kBProgress (4): 471/517 kB | 67 kB | 66/201 kB | 82/880 kBProgress (4): 471/517 kB | 67 kB | 70/201 kB | 82/880 kB                                                        Downloading from central: https://repo.maven.apache.org/maven2/org/javassist/javassist/3.25.0-GA/javassist-3.25.0-GA.pom
Downloaded from central: https://repo.maven.apache.org/maven2/io/leangen/geantyref/geantyref/1.3.7/geantyref-1.3.7.jar (67 kB at 214 kB/s)
Progress (3): 471/517 kB | 74/201 kB | 82/880 kBProgress (3): 475/517 kB | 74/201 kB | 82/880 kBProgress (3): 479/517 kB | 74/201 kB | 82/880 kBProgress (3): 483/517 kB | 74/201 kB | 82/880 kBProgress (3): 483/517 kB | 78/201 kB | 82/880 kBProgress (3): 487/517 kB | 78/201 kB | 82/880 kBProgress (3): 492/517 kB | 78/201 kB | 82/880 kBProgress (3): 496/517 kB | 78/201 kB | 82/880 kBProgress (3): 500/517 kB | 78/201 kB | 82/880 kBProgress (3): 504/517 kB | 78/201 kB | 82/880 kBProgress (3): 508/517 kB | 78/201 kB | 82/880 kBProgress (3): 512/517 kB | 78/201 kB | 82/880 kBProgress (3): 516/517 kB | 78/201 kB | 82/880 kBProgress (3): 517 kB | 78/201 kB | 82/880 kB    [INFO] Changes detected - recompiling the module!
[INFO] Compiling 9 source files to /mnt/ramdisk/build-bench/metrics-4.1.22/metrics-jdbi/target/classes
Progress (3): 517 kB | 78/201 kB | 90/880 kBProgress (3): 517 kB | 78/201 kB | 99/880 kBProgress (3): 517 kB | 78/201 kB | 107/880 kBProgress (3): 517 kB | 82/201 kB | 107/880 kBProgress (3): 517 kB | 86/201 kB | 107/880 kBProgress (3): 517 kB | 90/201 kB | 107/880 kBProgress (3): 517 kB | 94/201 kB | 107/880 kBProgress (3): 517 kB | 99/201 kB | 107/880 kBProgress (3): 517 kB | 99/201 kB | 115/880 kBProgress (3): 517 kB | 99/201 kB | 123/880 kBProgress (3): 517 kB | 99/201 kB | 131/880 kBProgress (3): 517 kB | 99/201 kB | 140/880 kBProgress (3): 517 kB | 99/201 kB | 148/880 kBProgress (3): 517 kB | 103/201 kB | 148/880 kBProgress (3): 517 kB | 107/201 kB | 148/880 kBProgress (3): 517 kB | 111/201 kB | 148/880 kBProgress (3): 517 kB | 115/201 kB | 148/880 kBProgress (3): 517 kB | 115/201 kB | 156/880 kBProgress (3): 517 kB | 115/201 kB | 164/880 kBProgress (3): 517 kB | 119/201 kB | 164/880 kBProgress (3): 517 kB | 123/201 kB | 164/880 kBProgress (3): 517 kB | 127/201 kB | 164/880 kBProgress (3): 517 kB | 131/201 kB | 164/880 kBProgress (4): 517 kB | 131/201 kB | 164/880 kB | 4.1/11 kBProgress (4): 517 kB | 131/201 kB | 164/880 kB | 8.2/11 kBProgress (4): 517 kB | 131/201 kB | 164/880 kB | 11 kB    Progress (4): 517 kB | 135/201 kB | 164/880 kB | 11 kBProgress (4): 517 kB | 140/201 kB | 164/880 kB | 11 kBProgress (4): 517 kB | 144/201 kB | 164/880 kB | 11 kBProgress (4): 517 kB | 148/201 kB | 164/880 kB | 11 kBProgress (4): 517 kB | 148/201 kB | 172/880 kB | 11 kBProgress (4): 517 kB | 148/201 kB | 180/880 kB | 11 kBProgress (4): 517 kB | 148/201 kB | 189/880 kB | 11 kBProgress (4): 517 kB | 148/201 kB | 197/880 kB | 11 kBProgress (4): 517 kB | 152/201 kB | 197/880 kB | 11 kBProgress (4): 517 kB | 156/201 kB | 197/880 kB | 11 kBProgress (4): 517 kB | 160/201 kB | 197/880 kB | 11 kBProgress (4): 517 kB | 164/201 kB | 197/880 kB | 11 kBProgress (4): 517 kB | 164/201 kB | 205/880 kB | 11 kBProgress (4): 517 kB | 164/201 kB | 213/880 kB | 11 kBProgress (4): 517 kB | 168/201 kB | 213/880 kB | 11 kBProgress (4): 517 kB | 172/201 kB | 213/880 kB | 11 kBProgress (4): 517 kB | 176/201 kB | 213/880 kB | 11 kBProgress (4): 517 kB | 180/201 kB | 213/880 kB | 11 kBProgress (4): 517 kB | 180/201 kB | 221/880 kB | 11 kBProgress (4): 517 kB | 180/201 kB | 230/880 kB | 11 kBProgress (4): 517 kB | 185/201 kB | 230/880 kB | 11 kBProgress (4): 517 kB | 189/201 kB | 230/880 kB | 11 kBProgress (4): 517 kB | 193/201 kB | 230/880 kB | 11 kBProgress (4): 517 kB | 197/201 kB | 230/880 kB | 11 kBProgress (4): 517 kB | 197/201 kB | 238/880 kB | 11 kBProgress (4): 517 kB | 197/201 kB | 246/880 kB | 11 kBProgress (4): 517 kB | 201/201 kB | 246/880 kB | 11 kBProgress (4): 517 kB | 201 kB | 246/880 kB | 11 kB    Progress (4): 517 kB | 201 kB | 254/880 kB | 11 kBProgress (4): 517 kB | 201 kB | 262/880 kB | 11 kBProgress (4): 517 kB | 201 kB | 271/880 kB | 11 kBProgress (4): 517 kB | 201 kB | 279/880 kB | 11 kB[INFO] Tests run: 23, Failures: 0, Errors: 0, Skipped: 0, Time elapsed: 1.027 s - in com.codahale.metrics.jvm.MemoryUsageGaugeSetTest
[INFO] Running com.codahale.metrics.jvm.ThreadStatesGaugeSetTest
                                                  Downloaded from central: https://repo.maven.apache.org/maven2/org/javassist/javassist/3.25.0-GA/javassist-3.25.0-GA.pom (11 kB at 42 kB/s)
Downloaded from central: https://repo.maven.apache.org/maven2/org/checkerframework/checker-qual/2.10.0/checker-qual-2.10.0.jar (201 kB at 373 kB/s)
Downloaded from central: https://repo.maven.apache.org/maven2/org/jdbi/jdbi3-core/3.18.1/jdbi3-core-3.18.1.jar (517 kB at 883 kB/s)
Progress (1): 287/880 kBProgress (1): 295/880 kBProgress (1): 303/880 kBProgress (1): 312/880 kB                        Downloading from central: https://repo.maven.apache.org/maven2/jakarta/servlet/jakarta.servlet-api/4.0.3/jakarta.servlet-api-4.0.3.pom
Progress (1): 320/880 kBProgress (1): 328/880 kBProgress (1): 336/880 kBProgress (1): 344/880 kBProgress (1): 353/880 kBProgress (1): 361/880 kBProgress (1): 369/880 kBProgress (1): 377/880 kBProgress (1): 385/880 kBProgress (1): 393/880 kB[INFO] Tests run: 3, Failures: 0, Errors: 0, Skipped: 0, Time elapsed: 4.537 s - in com.codahale.metrics.httpclient5.InstrumentedHttpAsyncClientsTest
[INFO] Running com.codahale.metrics.httpclient5.HttpClientMetricNameStrategiesTest
Progress (1): 402/880 kBProgress (1): 410/880 kBProgress (2): 410/880 kB | 4.1/17 kBProgress (2): 410/880 kB | 8.2/17 kBProgress (2): 410/880 kB | 12/17 kB Progress (2): 410/880 kB | 16/17 kBProgress (2): 410/880 kB | 17 kB   Progress (2): 418/880 kB | 17 kBProgress (2): 426/880 kB | 17 kBProgress (2): 434/880 kB | 17 kBProgress (2): 443/880 kB | 17 kBProgress (2): 451/880 kB | 17 kBProgress (2): 459/880 kB | 17 kBProgress (2): 467/880 kB | 17 kBProgress (2): 475/880 kB | 17 kBProgress (2): 484/880 kB | 17 kB[INFO] Tests run: 9, Failures: 0, Errors: 0, Skipped: 0, Time elapsed: 0.182 s - in com.codahale.metrics.jvm.ThreadStatesGaugeSetTest
[INFO] Running com.codahale.metrics.jvm.BufferPoolMetricSetTest
Progress (2): 492/880 kB | 17 kBProgress (2): 500/880 kB | 17 kB[INFO] Tests run: 8, Failures: 0, Errors: 0, Skipped: 0, Time elapsed: 0.102 s - in com.codahale.metrics.httpclient5.HttpClientMetricNameStrategiesTest
[INFO] Running com.codahale.metrics.httpclient5.InstrumentedHttpClientsTest
                                Downloaded from central: https://repo.maven.apache.org/maven2/jakarta/servlet/jakarta.servlet-api/4.0.3/jakarta.servlet-api-4.0.3.pom (17 kB at 63 kB/s)
Progress (1): 508/880 kBProgress (1): 516/880 kBProgress (1): 525/880 kBProgress (1): 533/880 kBProgress (1): 541/880 kBProgress (1): 549/880 kB                        Downloading from central: https://repo.maven.apache.org/maven2/org/javassist/javassist/3.25.0-GA/javassist-3.25.0-GA.jar
Downloading from central: https://repo.maven.apache.org/maven2/jakarta/servlet/jakarta.servlet-api/4.0.3/jakarta.servlet-api-4.0.3.jar
Progress (1): 557/880 kBProgress (1): 566/880 kBProgress (1): 574/880 kBProgress (1): 582/880 kBProgress (1): 590/880 kBProgress (1): 598/880 kBProgress (1): 606/880 kBProgress (1): 615/880 kBProgress (1): 623/880 kBProgress (1): 631/880 kBProgress (1): 639/880 kBProgress (1): 647/880 kBProgress (1): 656/880 kBProgress (2): 656/880 kB | 4.1/780 kBProgress (2): 656/880 kB | 8.2/780 kBProgress (2): 656/880 kB | 12/780 kB Progress (2): 656/880 kB | 16/780 kBProgress (2): 664/880 kB | 16/780 kBProgress (2): 672/880 kB | 16/780 kBProgress (2): 680/880 kB | 16/780 kBProgress (2): 688/880 kB | 16/780 kBProgress (2): 697/880 kB | 16/780 kBProgress (2): 705/880 kB | 16/780 kBjava.net.SocketException: Socket closed
	at java.base/java.net.PlainDatagramSocketImpl.receive0(Native Method)
	at java.base/java.net.AbstractPlainDatagramSocketImpl.receive(AbstractPlainDatagramSocketImpl.java:181)
	at java.base/java.net.DatagramSocket.receive(DatagramSocket.java:814)
	at org.collectd.protocol.UdpReceiver.listen(UdpReceiver.java:266)
	at com.codahale.metrics.collectd.Receiver.lambda$before$0(Receiver.java:47)
	at java.base/java.lang.Thread.run(Thread.java:829)
Progress (2): 705/880 kB | 20/780 kBProgress (2): 705/880 kB | 25/780 kBProgress (2): 705/880 kB | 29/780 kBProgress (2): 705/880 kB | 33/780 kBProgress (2): 713/880 kB | 33/780 kBProgress (2): 721/880 kB | 33/780 kB[INFO] Tests run: 15, Failures: 0, Errors: 0, Skipped: 0, Time elapsed: 9.31 s - in com.codahale.metrics.collectd.CollectdReporterTest
Progress (2): 729/880 kB | 33/780 kBProgress (2): 738/880 kB | 33/780 kB[INFO] Running com.codahale.metrics.collectd.CollectdReporterSecurityTest
Progress (2): 746/880 kB | 33/780 kBProgress (2): 754/880 kB | 33/780 kBProgress (2): 762/880 kB | 33/780 kBProgress (2): 770/880 kB | 33/780 kBProgress (2): 770/880 kB | 37/780 kBProgress (2): 770/880 kB | 41/780 kBProgress (2): 770/880 kB | 45/780 kBProgress (2): 770/880 kB | 49/780 kBProgress (3): 770/880 kB | 49/780 kB | 4.1/83 kBProgress (3): 770/880 kB | 49/780 kB | 8.2/83 kBProgress (3): 770/880 kB | 49/780 kB | 12/83 kB Progress (3): 770/880 kB | 49/780 kB | 16/83 kBProgress (3): 770/880 kB | 53/780 kB | 16/83 kBProgress (3): 770/880 kB | 57/780 kB | 16/83 kBProgress (3): 770/880 kB | 61/780 kB | 16/83 kBProgress (3): 770/880 kB | 66/780 kB | 16/83 kBProgress (3): 779/880 kB | 66/780 kB | 16/83 kBProgress (3): 787/880 kB | 66/780 kB | 16/83 kBProgress (3): 795/880 kB | 66/780 kB | 16/83 kBProgress (3): 803/880 kB | 66/780 kB | 16/83 kBProgress (3): 803/880 kB | 70/780 kB | 16/83 kBProgress (3): 803/880 kB | 74/780 kB | 16/83 kBProgress (3): 803/880 kB | 78/780 kB | 16/83 kBProgress (3): 803/880 kB | 82/780 kB | 16/83 kBProgress (3): 811/880 kB | 82/780 kB | 16/83 kBProgress (3): 819/880 kB | 82/780 kB | 16/83 kBProgress (3): 819/880 kB | 86/780 kB | 16/83 kBProgress (3): 819/880 kB | 90/780 kB | 16/83 kBProgress (3): 819/880 kB | 94/780 kB | 16/83 kB[INFO] Tests run: 2, Failures: 0, Errors: 0, Skipped: 0, Time elapsed: 0.036 s - in com.codahale.metrics.collectd.CollectdReporterSecurityTest
Progress (3): 828/880 kB | 94/780 kB | 16/83 kB[INFO] Tests run: 9, Failures: 0, Errors: 0, Skipped: 0, Time elapsed: 1.126 s - in com.codahale.metrics.graphite.GraphiteTest
[INFO] Running com.codahale.metrics.graphite.GraphiteSanitizeTest
Progress (3): 828/880 kB | 94/780 kB | 20/83 kBProgress (3): 828/880 kB | 94/780 kB | 25/83 kBProgress (3): 828/880 kB | 94/780 kB | 29/83 kBProgress (3): 828/880 kB | 94/780 kB | 33/83 kBProgress (3): 828/880 kB | 94/780 kB | 37/83 kBProgress (3): 828/880 kB | 94/780 kB | 41/83 kBProgress (3): 828/880 kB | 94/780 kB | 45/83 kBProgress (3): 828/880 kB | 94/780 kB | 49/83 kBProgress (3): 828/880 kB | 94/780 kB | 53/83 kBProgress (3): 828/880 kB | 94/780 kB | 57/83 kBProgress (3): 828/880 kB | 94/780 kB | 61/83 kBProgress (3): 828/880 kB | 94/780 kB | 66/83 kBProgress (3): 828/880 kB | 94/780 kB | 70/83 kBProgress (3): 828/880 kB | 94/780 kB | 74/83 kBProgress (3): 828/880 kB | 94/780 kB | 78/83 kBProgress (3): 828/880 kB | 94/780 kB | 82/83 kBProgress (3): 828/880 kB | 94/780 kB | 83 kB   Progress (3): 828/880 kB | 98/780 kB | 83 kBProgress (3): 828/880 kB | 102/780 kB | 83 kBProgress (3): 828/880 kB | 106/780 kB | 83 kBProgress (3): 828/880 kB | 111/780 kB | 83 kBProgress (3): 828/880 kB | 115/780 kB | 83 kBProgress (3): 828/880 kB | 119/780 kB | 83 kBProgress (3): 828/880 kB | 123/780 kB | 83 kBProgress (3): 828/880 kB | 127/780 kB | 83 kBProgress (3): 828/880 kB | 131/780 kB | 83 kBProgress (3): 828/880 kB | 135/780 kB | 83 kBProgress (3): 828/880 kB | 139/780 kB | 83 kBProgress (3): 828/880 kB | 143/780 kB | 83 kBProgress (3): 828/880 kB | 147/780 kB | 83 kBProgress (3): 828/880 kB | 152/780 kB | 83 kBProgress (3): 828/880 kB | 156/780 kB | 83 kBProgress (3): 828/880 kB | 160/780 kB | 83 kBProgress (3): 828/880 kB | 164/780 kB | 83 kBProgress (3): 828/880 kB | 168/780 kB | 83 kBProgress (3): 828/880 kB | 172/780 kB | 83 kBProgress (3): 828/880 kB | 176/780 kB | 83 kBProgress (3): 828/880 kB | 180/780 kB | 83 kBProgress (3): 828/880 kB | 184/780 kB | 83 kBProgress (3): 828/880 kB | 188/780 kB | 83 kBProgress (3): 828/880 kB | 193/780 kB | 83 kBProgress (3): 828/880 kB | 197/780 kB | 83 kBProgress (3): 828/880 kB | 201/780 kB | 83 kBProgress (3): 836/880 kB | 201/780 kB | 83 kBProgress (3): 844/880 kB | 201/780 kB | 83 kBProgress (3): 852/880 kB | 201/780 kB | 83 kBProgress (3): 860/880 kB | 201/780 kB | 83 kBProgress (3): 869/880 kB | 201/780 kB | 83 kBProgress (3): 877/880 kB | 201/780 kB | 83 kBProgress (3): 880 kB | 201/780 kB | 83 kB    Progress (3): 880 kB | 205/780 kB | 83 kBProgress (3): 880 kB | 209/780 kB | 83 kBProgress (3): 880 kB | 213/780 kB | 83 kBProgress (3): 880 kB | 217/780 kB | 83 kBProgress (3): 880 kB | 221/780 kB | 83 kBProgress (3): 880 kB | 225/780 kB | 83 kBProgress (3): 880 kB | 229/780 kB | 83 kBProgress (3): 880 kB | 233/780 kB | 83 kBProgress (3): 880 kB | 238/780 kB | 83 kBProgress (3): 880 kB | 242/780 kB | 83 kBProgress (3): 880 kB | 246/780 kB | 83 kB[INFO] Tests run: 8, Failures: 0, Errors: 0, Skipped: 0, Time elapsed: 0.409 s - in com.codahale.metrics.jvm.BufferPoolMetricSetTest
[INFO] Running com.codahale.metrics.jvm.ThreadDumpTest
Progress (3): 880 kB | 250/780 kB | 83 kBProgress (3): 880 kB | 254/780 kB | 83 kBProgress (3): 880 kB | 258/780 kB | 83 kBProgress (3): 880 kB | 262/780 kB | 83 kBProgress (3): 880 kB | 266/780 kB | 83 kBProgress (3): 880 kB | 270/780 kB | 83 kBProgress (3): 880 kB | 274/780 kB | 83 kBProgress (3): 880 kB | 279/780 kB | 83 kBProgress (3): 880 kB | 283/780 kB | 83 kBProgress (3): 880 kB | 287/780 kB | 83 kBProgress (3): 880 kB | 291/780 kB | 83 kBProgress (3): 880 kB | 295/780 kB | 83 kBProgress (3): 880 kB | 299/780 kB | 83 kBProgress (3): 880 kB | 303/780 kB | 83 kBProgress (3): 880 kB | 307/780 kB | 83 kBProgress (3): 880 kB | 311/780 kB | 83 kBProgress (3): 880 kB | 315/780 kB | 83 kBProgress (3): 880 kB | 319/780 kB | 83 kBProgress (3): 880 kB | 324/780 kB | 83 kBProgress (3): 880 kB | 328/780 kB | 83 kB[INFO] Tests run: 1, Failures: 0, Errors: 0, Skipped: 0, Time elapsed: 0.036 s - in com.codahale.metrics.jvm.ThreadDumpTest
[INFO] Running com.codahale.metrics.jvm.JvmAttributeGaugeSetTest
[INFO] Tests run: 5, Failures: 0, Errors: 0, Skipped: 0, Time elapsed: 0.083 s - in com.codahale.metrics.jvm.JvmAttributeGaugeSetTest
[INFO] Running com.codahale.metrics.jvm.ClassLoadingGaugeSetTest
[INFO] Tests run: 2, Failures: 0, Errors: 0, Skipped: 0, Time elapsed: 0.051 s - in com.codahale.metrics.jvm.ClassLoadingGaugeSetTest
                                         Downloaded from central: https://repo.maven.apache.org/maven2/com/github/ben-manes/caffeine/caffeine/2.8.0/caffeine-2.8.0.jar (880 kB at 605 kB/s)
Downloaded from central: https://repo.maven.apache.org/maven2/jakarta/servlet/jakarta.servlet-api/4.0.3/jakarta.servlet-api-4.0.3.jar (83 kB at 146 kB/s)
Progress (1): 332/780 kBProgress (1): 336/780 kBProgress (1): 340/780 kBProgress (1): 344/780 kBProgress (1): 348/780 kBProgress (1): 352/780 kBProgress (1): 356/780 kB[INFO] Tests run: 2, Failures: 0, Errors: 0, Skipped: 0, Time elapsed: 0.742 s - in com.codahale.metrics.httpclient5.InstrumentedHttpClientsTest
Progress (1): 360/780 kBProgress (1): 365/780 kBProgress (1): 369/780 kBProgress (1): 373/780 kBProgress (1): 377/780 kB[INFO] 
[INFO] --- maven-clean-plugin:2.5:clean (default-clean) @ metrics-jdbi3 ---
Progress (1): 381/780 kBProgress (1): 385/780 kBProgress (1): 389/780 kBProgress (1): 393/780 kB[INFO] 
Progress (1): 397/780 kB[INFO] --- maven-enforcer-plugin:1.4.1:enforce (enforce) @ metrics-jdbi3 ---
Progress (1): 401/780 kBProgress (1): 406/780 kBProgress (1): 410/780 kBProgress (1): 414/780 kBProgress (1): 418/780 kBProgress (1): 422/780 kBProgress (1): 426/780 kB[INFO] 
[INFO] Results:
[INFO] 
[INFO] Tests run: 24, Failures: 0, Errors: 0, Skipped: 0
[INFO] 
[INFO] 
[INFO] --- maven-enforcer-plugin:1.4.1:enforce (enforce) @ metrics-collectd ---
[INFO] 
[INFO] --- jacoco-maven-plugin:0.8.7:prepare-agent (prepare-agent) @ metrics-collectd ---
[INFO] argLine set to -javaagent:/mnt/ramdisk/.m2/repository/org/jacoco/org.jacoco.agent/0.8.7/org.jacoco.agent-0.8.7-runtime.jar=destfile=/mnt/ramdisk/build-bench/metrics-4.1.22/metrics-collectd/target/jacoco.exec
[INFO] 
[INFO] --- maven-resources-plugin:3.2.0:resources (default-resources) @ metrics-collectd ---
[INFO] Using 'UTF-8' encoding to copy filtered resources.
[INFO] Using 'UTF-8' encoding to copy filtered properties files.
[INFO] skip non existing resourceDirectory /mnt/ramdisk/build-bench/metrics-4.1.22/metrics-collectd/src/main/resources
[INFO] 
[INFO] --- maven-compiler-plugin:3.8.1:compile (default-compile) @ metrics-collectd ---
Progress (1): 430/780 kBProgress (1): 434/780 kBProgress (1): 438/780 kBProgress (1): 442/780 kB[INFO] Changes detected - recompiling the module!
[INFO] Compiling 7 source files to /mnt/ramdisk/build-bench/metrics-4.1.22/metrics-collectd/target/classes
Progress (1): 446/780 kBProgress (1): 451/780 kBProgress (1): 455/780 kBProgress (1): 459/780 kBProgress (1): 463/780 kBProgress (1): 467/780 kBProgress (1): 471/780 kBProgress (1): 475/780 kBProgress (1): 479/780 kBProgress (1): 483/780 kBProgress (1): 487/780 kBProgress (1): 491/780 kBProgress (1): 495/780 kBProgress (1): 499/780 kBProgress (1): 503/780 kBProgress (1): 507/780 kBProgress (1): 511/780 kBProgress (1): 515/780 kBProgress (1): 520/780 kBProgress (1): 524/780 kBProgress (1): 528/780 kBProgress (1): 532/780 kBProgress (1): 536/780 kBProgress (1): 540/780 kBProgress (1): 544/780 kBProgress (1): 548/780 kBProgress (1): 552/780 kBProgress (1): 556/780 kBProgress (1): 561/780 kBProgress (1): 565/780 kBProgress (1): 569/780 kBProgress (1): 573/780 kBProgress (1): 577/780 kBProgress (1): 581/780 kBProgress (1): 585/780 kBProgress (1): 589/780 kBProgress (1): 593/780 kBProgress (1): 597/780 kBProgress (1): 602/780 kBProgress (1): 606/780 kBProgress (1): 610/780 kBProgress (1): 614/780 kBProgress (1): 618/780 kBProgress (1): 622/780 kBProgress (1): 626/780 kBProgress (1): 630/780 kBProgress (1): 634/780 kBProgress (1): 638/780 kB[INFO] 
[INFO] --- jacoco-maven-plugin:0.8.7:prepare-agent (prepare-agent) @ metrics-jdbi3 ---
[INFO] argLine set to -javaagent:/mnt/ramdisk/.m2/repository/org/jacoco/org.jacoco.agent/0.8.7/org.jacoco.agent-0.8.7-runtime.jar=destfile=/mnt/ramdisk/build-bench/metrics-4.1.22/metrics-jdbi3/target/jacoco.exec
[INFO] 
[INFO] --- maven-resources-plugin:3.2.0:resources (default-resources) @ metrics-jdbi3 ---
[INFO] Using 'UTF-8' encoding to copy filtered resources.
[INFO] Using 'UTF-8' encoding to copy filtered properties files.
[INFO] skip non existing resourceDirectory /mnt/ramdisk/build-bench/metrics-4.1.22/metrics-jdbi3/src/main/resources
[INFO] 
[INFO] --- maven-compiler-plugin:3.8.1:compile (default-compile) @ metrics-jdbi3 ---
[INFO] Changes detected - recompiling the module!
[INFO] Compiling 9 source files to /mnt/ramdisk/build-bench/metrics-4.1.22/metrics-jdbi3/target/classes
Progress (1): 642/780 kBProgress (1): 647/780 kBProgress (1): 651/780 kBProgress (1): 655/780 kB[INFO] 
[INFO] Results:
[INFO] 
[ERROR] Failures: 
[ERROR]   CpuTimeClockTest.cpuTimeClock:17 
Expecting:
  1.640541355729E12
to be close to:
  1.640541356076E12
by less than 200.0 but difference was 347.0.
(a difference of exactly 200.0 being considered valid)
[INFO] 
[ERROR] Tests run: 62, Failures: 1, Errors: 0, Skipped: 0
[INFO] 
[INFO] 
[INFO] ------------------------------------------------------------------------
[INFO] Skipping Metrics Integration for Jetty 9.3 and higher
[INFO] This project has been banned from the build due to previous failures.
[INFO] ------------------------------------------------------------------------
[INFO] 
[INFO] ------------------------------------------------------------------------
[INFO] Skipping Metrics Integration with JMX
[INFO] This project has been banned from the build due to previous failures.
[INFO] ------------------------------------------------------------------------
[INFO] 
[INFO] ------------------------------------------------------------------------
[INFO] Skipping Metrics Integration for Log4j 2.x
[INFO] This project has been banned from the build due to previous failures.
[INFO] ------------------------------------------------------------------------
[INFO] 
[INFO] ------------------------------------------------------------------------
[INFO] Skipping Metrics Integration for Logback
[INFO] This project has been banned from the build due to previous failures.
[INFO] ------------------------------------------------------------------------
[INFO] 
[INFO] ------------------------------------------------------------------------
[INFO] Skipping Metrics Integration for Servlets
[INFO] This project has been banned from the build due to previous failures.
[INFO] ------------------------------------------------------------------------
Progress (1): 659/780 kBProgress (1): 663/780 kBProgress (1): 667/780 kBProgress (1): 671/780 kBProgress (1): 675/780 kBProgress (1): 679/780 kBProgress (1): 683/780 kBProgress (1): 688/780 kBProgress (1): 692/780 kBProgress (1): 694/780 kBProgress (1): 698/780 kBProgress (1): 702/780 kBProgress (1): 706/780 kBProgress (1): 710/780 kBProgress (1): 714/780 kBProgress (1): 718/780 kBProgress (1): 722/780 kBProgress (1): 727/780 kBProgress (1): 731/780 kBProgress (1): 735/780 kBProgress (1): 739/780 kBProgress (1): 743/780 kBProgress (1): 747/780 kBProgress (1): 751/780 kBProgress (1): 755/780 kBProgress (1): 759/780 kBProgress (1): 763/780 kBProgress (1): 768/780 kBProgress (1): 772/780 kBProgress (1): 776/780 kBProgress (1): 780/780 kBProgress (1): 780 kB                        Downloaded from central: https://repo.maven.apache.org/maven2/org/javassist/javassist/3.25.0-GA/javassist-3.25.0-GA.jar (780 kB at 823 kB/s)
[INFO] 
[INFO] --- maven-clean-plugin:2.5:clean (default-clean) @ metrics-jersey2 ---
[INFO] 
[INFO] --- maven-enforcer-plugin:1.4.1:enforce (enforce) @ metrics-jersey2 ---
[INFO] 
[INFO] Results:
[INFO] 
[INFO] Tests run: 17, Failures: 0, Errors: 0, Skipped: 0
[INFO] 
[INFO] 
[INFO] --- maven-enforcer-plugin:1.4.1:enforce (enforce) @ metrics-httpclient5 ---
[INFO] 
[INFO] --- jacoco-maven-plugin:0.8.7:prepare-agent (prepare-agent) @ metrics-httpclient5 ---
[INFO] argLine set to -javaagent:/mnt/ramdisk/.m2/repository/org/jacoco/org.jacoco.agent/0.8.7/org.jacoco.agent-0.8.7-runtime.jar=destfile=/mnt/ramdisk/build-bench/metrics-4.1.22/metrics-httpclient5/target/jacoco.exec
[INFO] 
[INFO] --- maven-resources-plugin:3.2.0:resources (default-resources) @ metrics-httpclient5 ---
[INFO] Using 'UTF-8' encoding to copy filtered resources.
[INFO] Using 'UTF-8' encoding to copy filtered properties files.
[INFO] skip non existing resourceDirectory /mnt/ramdisk/build-bench/metrics-4.1.22/metrics-httpclient5/src/main/resources
[INFO] 
[INFO] --- maven-compiler-plugin:3.8.1:compile (default-compile) @ metrics-httpclient5 ---
[INFO] Changes detected - recompiling the module!
[INFO] Compiling 8 source files to /mnt/ramdisk/build-bench/metrics-4.1.22/metrics-httpclient5/target/classes
[WARNING] bootstrap class path not set in conjunction with -source 8
[INFO] 
[INFO] --- maven-resources-plugin:3.2.0:testResources (default-testResources) @ metrics-httpclient ---
[INFO] Using 'UTF-8' encoding to copy filtered resources.
[INFO] Using 'UTF-8' encoding to copy filtered properties files.
[INFO] skip non existing resourceDirectory /mnt/ramdisk/build-bench/metrics-4.1.22/metrics-httpclient/src/test/resources
[INFO] 
[INFO] --- maven-compiler-plugin:3.8.1:testCompile (default-testCompile) @ metrics-httpclient ---
[INFO] Changes detected - recompiling the module!
[INFO] Compiling 3 source files to /mnt/ramdisk/build-bench/metrics-4.1.22/metrics-httpclient/target/test-classes
[INFO] 
[INFO] --- jacoco-maven-plugin:0.8.7:prepare-agent (prepare-agent) @ metrics-jersey2 ---
[INFO] argLine set to -javaagent:/mnt/ramdisk/.m2/repository/org/jacoco/org.jacoco.agent/0.8.7/org.jacoco.agent-0.8.7-runtime.jar=destfile=/mnt/ramdisk/build-bench/metrics-4.1.22/metrics-jersey2/target/jacoco.exec
[INFO] 
[INFO] --- maven-resources-plugin:3.2.0:resources (default-resources) @ metrics-jersey2 ---
[INFO] Using 'UTF-8' encoding to copy filtered resources.
[INFO] Using 'UTF-8' encoding to copy filtered properties files.
[INFO] skip non existing resourceDirectory /mnt/ramdisk/build-bench/metrics-4.1.22/metrics-jersey2/src/main/resources
[INFO] 
[INFO] --- maven-compiler-plugin:3.8.1:compile (default-compile) @ metrics-jersey2 ---
[INFO] Changes detected - recompiling the module!
[INFO] Compiling 2 source files to /mnt/ramdisk/build-bench/metrics-4.1.22/metrics-jersey2/target/classes
[WARNING] bootstrap class path not set in conjunction with -source 8
[WARNING] Cannot find annotation method 'value()' in type 'edu.umd.cs.findbugs.annotations.SuppressFBWarnings': class file for edu.umd.cs.findbugs.annotations.SuppressFBWarnings not found
[INFO] 
[INFO] --- maven-resources-plugin:3.2.0:testResources (default-testResources) @ metrics-jdbi ---
[INFO] Using 'UTF-8' encoding to copy filtered resources.
[INFO] Using 'UTF-8' encoding to copy filtered properties files.
[INFO] skip non existing resourceDirectory /mnt/ramdisk/build-bench/metrics-4.1.22/metrics-jdbi/src/test/resources
[INFO] 
[INFO] --- maven-compiler-plugin:3.8.1:testCompile (default-testCompile) @ metrics-jdbi ---
[INFO] Changes detected - recompiling the module!
[INFO] Compiling 1 source file to /mnt/ramdisk/build-bench/metrics-4.1.22/metrics-jdbi/target/test-classes
[INFO] Tests run: 1, Failures: 0, Errors: 0, Skipped: 0, Time elapsed: 2.809 s - in com.codahale.metrics.graphite.GraphiteSanitizeTest
[INFO] Running com.codahale.metrics.graphite.PickledGraphiteTest
[WARNING] bootstrap class path not set in conjunction with -source 8
[WARNING] /mnt/ramdisk/build-bench/metrics-4.1.22/metrics-jdbi3/src/main/java/com/codahale/metrics/jdbi3/InstrumentedTimingCollector.java:[8,34] org.jdbi.v3.core.statement.TimingCollector in org.jdbi.v3.core.statement has been deprecated
[INFO] 
[INFO] --- maven-resources-plugin:3.2.0:testResources (default-testResources) @ metrics-jdbi3 ---
[INFO] Using 'UTF-8' encoding to copy filtered resources.
[INFO] Using 'UTF-8' encoding to copy filtered properties files.
[INFO] skip non existing resourceDirectory /mnt/ramdisk/build-bench/metrics-4.1.22/metrics-jdbi3/src/test/resources
[INFO] 
[INFO] --- maven-compiler-plugin:3.8.1:testCompile (default-testCompile) @ metrics-jdbi3 ---
[INFO] Changes detected - recompiling the module!
[INFO] Compiling 6 source files to /mnt/ramdisk/build-bench/metrics-4.1.22/metrics-jdbi3/target/test-classes
[WARNING] bootstrap class path not set in conjunction with -source 8
[WARNING] /mnt/ramdisk/build-bench/metrics-4.1.22/metrics-collectd/src/main/java/com/codahale/metrics/collectd/PacketWriter.java:[157,49] redundant cast to java.nio.ByteBuffer
[WARNING] /mnt/ramdisk/build-bench/metrics-4.1.22/metrics-collectd/src/main/java/com/codahale/metrics/collectd/PacketWriter.java:[166,22] redundant cast to java.nio.ByteBuffer
[WARNING] /mnt/ramdisk/build-bench/metrics-4.1.22/metrics-collectd/src/main/java/com/codahale/metrics/collectd/PacketWriter.java:[161,16] redundant cast to java.nio.ByteBuffer
[WARNING] /mnt/ramdisk/build-bench/metrics-4.1.22/metrics-collectd/src/main/java/com/codahale/metrics/collectd/PacketWriter.java:[191,22] redundant cast to java.nio.ByteBuffer
[WARNING] /mnt/ramdisk/build-bench/metrics-4.1.22/metrics-collectd/src/main/java/com/codahale/metrics/collectd/PacketWriter.java:[189,36] redundant cast to java.nio.ByteBuffer
[WARNING] /mnt/ramdisk/build-bench/metrics-4.1.22/metrics-collectd/src/main/java/com/codahale/metrics/collectd/PacketWriter.java:[194,16] redundant cast to java.nio.ByteBuffer
[WARNING] /mnt/ramdisk/build-bench/metrics-4.1.22/metrics-collectd/src/main/java/com/codahale/metrics/collectd/PacketWriter.java:[239,41] redundant cast to java.nio.ByteBuffer
[WARNING] /mnt/ramdisk/build-bench/metrics-4.1.22/metrics-collectd/src/main/java/com/codahale/metrics/collectd/CollectdReporter.java:[182,37] [InconsistentCapitalization] Found the field 'hostName' with the same name as the parameter 'hostname' but with different capitalization.
    (see https://errorprone.info/bugpattern/InconsistentCapitalization)
  Did you mean 'String hostName, Sender sender,'?
[INFO] 
[INFO] --- maven-resources-plugin:3.2.0:testResources (default-testResources) @ metrics-collectd ---
[INFO] Using 'UTF-8' encoding to copy filtered resources.
[INFO] Using 'UTF-8' encoding to copy filtered properties files.
[INFO] skip non existing resourceDirectory /mnt/ramdisk/build-bench/metrics-4.1.22/metrics-collectd/src/test/resources
[INFO] 
[INFO] --- maven-compiler-plugin:3.8.1:testCompile (default-testCompile) @ metrics-collectd ---
[INFO] Changes detected - recompiling the module!
[INFO] Compiling 5 source files to /mnt/ramdisk/build-bench/metrics-4.1.22/metrics-collectd/target/test-classes
[WARNING] bootstrap class path not set in conjunction with -source 8
[WARNING] /mnt/ramdisk/build-bench/metrics-4.1.22/metrics-httpclient/src/test/java/com/codahale/metrics/httpclient/HttpClientMetricNameStrategiesTest.java:[25,9] <T>assertThat(T,org.hamcrest.Matcher<? super T>) in org.junit.Assert has been deprecated
[WARNING] /mnt/ramdisk/build-bench/metrics-4.1.22/metrics-httpclient/src/test/java/com/codahale/metrics/httpclient/HttpClientMetricNameStrategiesTest.java:[31,9] <T>assertThat(T,org.hamcrest.Matcher<? super T>) in org.junit.Assert has been deprecated
[WARNING] /mnt/ramdisk/build-bench/metrics-4.1.22/metrics-httpclient/src/test/java/com/codahale/metrics/httpclient/HttpClientMetricNameStrategiesTest.java:[37,9] <T>assertThat(T,org.hamcrest.Matcher<? super T>) in org.junit.Assert has been deprecated
[WARNING] /mnt/ramdisk/build-bench/metrics-4.1.22/metrics-httpclient/src/test/java/com/codahale/metrics/httpclient/HttpClientMetricNameStrategiesTest.java:[43,9] <T>assertThat(T,org.hamcrest.Matcher<? super T>) in org.junit.Assert has been deprecated
[WARNING] /mnt/ramdisk/build-bench/metrics-4.1.22/metrics-httpclient/src/test/java/com/codahale/metrics/httpclient/HttpClientMetricNameStrategiesTest.java:[51,9] <T>assertThat(T,org.hamcrest.Matcher<? super T>) in org.junit.Assert has been deprecated
[WARNING] /mnt/ramdisk/build-bench/metrics-4.1.22/metrics-httpclient/src/test/java/com/codahale/metrics/httpclient/HttpClientMetricNameStrategiesTest.java:[59,9] <T>assertThat(T,org.hamcrest.Matcher<? super T>) in org.junit.Assert has been deprecated
[WARNING] /mnt/ramdisk/build-bench/metrics-4.1.22/metrics-httpclient/src/test/java/com/codahale/metrics/httpclient/HttpClientMetricNameStrategiesTest.java:[65,9] <T>assertThat(T,org.hamcrest.Matcher<? super T>) in org.junit.Assert has been deprecated
[WARNING] /mnt/ramdisk/build-bench/metrics-4.1.22/metrics-httpclient/src/test/java/com/codahale/metrics/httpclient/HttpClientMetricNameStrategiesTest.java:[71,9] <T>assertThat(T,org.hamcrest.Matcher<? super T>) in org.junit.Assert has been deprecated
[WARNING] /mnt/ramdisk/build-bench/metrics-4.1.22/metrics-httpclient/src/test/java/com/codahale/metrics/httpclient/HttpClientMetricNameStrategiesTest.java:[78,9] <T>assertThat(T,org.hamcrest.Matcher<? super T>) in org.junit.Assert has been deprecated
[WARNING] /mnt/ramdisk/build-bench/metrics-4.1.22/metrics-httpclient/src/test/java/com/codahale/metrics/httpclient/HttpClientMetricNameStrategiesTest.java:[85,9] <T>assertThat(T,org.hamcrest.Matcher<? super T>) in org.junit.Assert has been deprecated
[WARNING] /mnt/ramdisk/build-bench/metrics-4.1.22/metrics-httpclient/src/test/java/com/codahale/metrics/httpclient/HttpClientMetricNameStrategiesTest.java:[91,9] <T>assertThat(T,org.hamcrest.Matcher<? super T>) in org.junit.Assert has been deprecated
[WARNING] /mnt/ramdisk/build-bench/metrics-4.1.22/metrics-httpclient/src/test/java/com/codahale/metrics/httpclient/HttpClientMetricNameStrategiesTest.java:[100,9] <T>assertThat(T,org.hamcrest.Matcher<? super T>) in org.junit.Assert has been deprecated
[WARNING] /mnt/ramdisk/build-bench/metrics-4.1.22/metrics-httpclient/src/test/java/com/codahale/metrics/httpclient/HttpClientMetricNameStrategiesTest.java:[108,27] rewriteURI(java.net.URI,org.apache.http.HttpHost,boolean) in org.apache.http.client.utils.URIUtils has been deprecated
[INFO] 
[INFO] --- maven-surefire-plugin:2.22.2:test (default-test) @ metrics-httpclient ---
[INFO] Skipping execution of surefire because it has already been run for this configuration
[INFO] 
[INFO] --- maven-bundle-plugin:5.1.2:bundle (default-bundle) @ metrics-httpclient ---
[WARNING] bootstrap class path not set in conjunction with -source 8
[INFO] 
[INFO] --- maven-resources-plugin:3.2.0:testResources (default-testResources) @ metrics-httpclient5 ---
[INFO] Using 'UTF-8' encoding to copy filtered resources.
[INFO] Using 'UTF-8' encoding to copy filtered properties files.
[INFO] skip non existing resourceDirectory /mnt/ramdisk/build-bench/metrics-4.1.22/metrics-httpclient5/src/test/resources
[INFO] 
[INFO] --- maven-compiler-plugin:3.8.1:testCompile (default-testCompile) @ metrics-httpclient5 ---
[INFO] Changes detected - recompiling the module!
[INFO] Compiling 5 source files to /mnt/ramdisk/build-bench/metrics-4.1.22/metrics-httpclient5/target/test-classes
[WARNING] Bundle io.dropwizard.metrics:metrics-httpclient:bundle:4.1.22 : Unused Import-Package instructions: [javax.servlet*, org.slf4j*, sun.misc.*, com.sun.management.*] 
[WARNING] bootstrap class path not set in conjunction with -source 8
[WARNING] /mnt/ramdisk/build-bench/metrics-4.1.22/metrics-jersey2/src/main/java/com/codahale/metrics/jersey2/InstrumentedResourceMethodApplicationListener.java:[495,24] [EqualsGetClass] Prefer instanceof to getClass when implementing Object#equals.
    (see https://errorprone.info/bugpattern/EqualsGetClass)
  Did you mean 'if (!(o instanceof EventTypeAndMethod)) {'?
[INFO] 
[INFO] --- maven-resources-plugin:3.2.0:testResources (default-testResources) @ metrics-jersey2 ---
[INFO] Using 'UTF-8' encoding to copy filtered resources.
[INFO] Using 'UTF-8' encoding to copy filtered properties files.
[INFO] skip non existing resourceDirectory /mnt/ramdisk/build-bench/metrics-4.1.22/metrics-jersey2/src/test/resources
[INFO] 
[INFO] --- maven-compiler-plugin:3.8.1:testCompile (default-testCompile) @ metrics-jersey2 ---
[INFO] Changes detected - recompiling the module!
[INFO] Compiling 22 source files to /mnt/ramdisk/build-bench/metrics-4.1.22/metrics-jersey2/target/test-classes
[WARNING] bootstrap class path not set in conjunction with -source 8
[INFO] 
[INFO] --- maven-surefire-plugin:2.22.2:test (default-test) @ metrics-jdbi ---
[INFO] 
[INFO] -------------------------------------------------------
[INFO]  T E S T S
[INFO] -------------------------------------------------------
[WARNING] bootstrap class path not set in conjunction with -source 8
[WARNING] /mnt/ramdisk/build-bench/metrics-4.1.22/metrics-jdbi3/src/test/java/com/codahale/metrics/jdbi3/strategies/SmartNameStrategyTest.java:[3,34] com.codahale.metrics.jdbi3.InstrumentedTimingCollector in com.codahale.metrics.jdbi3 has been deprecated
[WARNING] /mnt/ramdisk/build-bench/metrics-4.1.22/metrics-jdbi3/src/test/java/com/codahale/metrics/jdbi3/strategies/SmartNameStrategyTest.java:[18,13] com.codahale.metrics.jdbi3.InstrumentedTimingCollector in com.codahale.metrics.jdbi3 has been deprecated
[WARNING] /mnt/ramdisk/build-bench/metrics-4.1.22/metrics-jdbi3/src/test/java/com/codahale/metrics/jdbi3/strategies/SmartNameStrategyTest.java:[24,25] com.codahale.metrics.jdbi3.InstrumentedTimingCollector in com.codahale.metrics.jdbi3 has been deprecated
[INFO] 
[INFO] --- maven-surefire-plugin:2.22.2:test (default-test) @ metrics-jdbi3 ---
[INFO] 
[INFO] -------------------------------------------------------
[INFO]  T E S T S
[INFO] -------------------------------------------------------
[INFO] Running com.codahale.metrics.jdbi.InstrumentedTimingCollectorTest
[WARNING] bootstrap class path not set in conjunction with -source 8
[WARNING] /mnt/ramdisk/build-bench/metrics-4.1.22/metrics-httpclient5/src/test/java/com/codahale/metrics/httpclient5/InstrumentedHttpAsyncClientsTest.java:[9,48] org.apache.hc.client5.http.async.methods.SimpleHttpRequests in org.apache.hc.client5.http.async.methods has been deprecated
[WARNING] /mnt/ramdisk/build-bench/metrics-4.1.22/metrics-httpclient5/src/test/java/com/codahale/metrics/httpclient5/HttpClientMetricNameStrategiesTest.java:[24,9] <T>assertThat(T,org.hamcrest.Matcher<? super T>) in org.junit.Assert has been deprecated
[WARNING] /mnt/ramdisk/build-bench/metrics-4.1.22/metrics-httpclient5/src/test/java/com/codahale/metrics/httpclient5/HttpClientMetricNameStrategiesTest.java:[30,9] <T>assertThat(T,org.hamcrest.Matcher<? super T>) in org.junit.Assert has been deprecated
[WARNING] /mnt/ramdisk/build-bench/metrics-4.1.22/metrics-httpclient5/src/test/java/com/codahale/metrics/httpclient5/HttpClientMetricNameStrategiesTest.java:[36,9] <T>assertThat(T,org.hamcrest.Matcher<? super T>) in org.junit.Assert has been deprecated
[WARNING] /mnt/ramdisk/build-bench/metrics-4.1.22/metrics-httpclient5/src/test/java/com/codahale/metrics/httpclient5/HttpClientMetricNameStrategiesTest.java:[42,9] <T>assertThat(T,org.hamcrest.Matcher<? super T>) in org.junit.Assert has been deprecated
[WARNING] /mnt/ramdisk/build-bench/metrics-4.1.22/metrics-httpclient5/src/test/java/com/codahale/metrics/httpclient5/HttpClientMetricNameStrategiesTest.java:[50,9] <T>assertThat(T,org.hamcrest.Matcher<? super T>) in org.junit.Assert has been deprecated
[WARNING] /mnt/ramdisk/build-bench/metrics-4.1.22/metrics-httpclient5/src/test/java/com/codahale/metrics/httpclient5/HttpClientMetricNameStrategiesTest.java:[58,9] <T>assertThat(T,org.hamcrest.Matcher<? super T>) in org.junit.Assert has been deprecated
[WARNING] /mnt/ramdisk/build-bench/metrics-4.1.22/metrics-httpclient5/src/test/java/com/codahale/metrics/httpclient5/HttpClientMetricNameStrategiesTest.java:[64,9] <T>assertThat(T,org.hamcrest.Matcher<? super T>) in org.junit.Assert has been deprecated
[WARNING] /mnt/ramdisk/build-bench/metrics-4.1.22/metrics-httpclient5/src/test/java/com/codahale/metrics/httpclient5/HttpClientMetricNameStrategiesTest.java:[73,9] <T>assertThat(T,org.hamcrest.Matcher<? super T>) in org.junit.Assert has been deprecated
[WARNING] /mnt/ramdisk/build-bench/metrics-4.1.22/metrics-httpclient5/src/test/java/com/codahale/metrics/httpclient5/HttpClientMetricNameStrategiesTest.java:[81,27] rewriteURI(java.net.URI,org.apache.hc.core5.http.HttpHost,boolean) in org.apache.hc.client5.http.utils.URIUtils has been deprecated
[WARNING] /mnt/ramdisk/build-bench/metrics-4.1.22/metrics-httpclient5/src/test/java/com/codahale/metrics/httpclient5/InstrumentedHttpAsyncClientsTest.java:[77,43] org.apache.hc.client5.http.async.methods.SimpleHttpRequests in org.apache.hc.client5.http.async.methods has been deprecated
[WARNING] /mnt/ramdisk/build-bench/metrics-4.1.22/metrics-httpclient5/src/test/java/com/codahale/metrics/httpclient5/InstrumentedHttpAsyncClientsTest.java:[117,43] org.apache.hc.client5.http.async.methods.SimpleHttpRequests in org.apache.hc.client5.http.async.methods has been deprecated
[WARNING] /mnt/ramdisk/build-bench/metrics-4.1.22/metrics-httpclient5/src/test/java/com/codahale/metrics/httpclient5/InstrumentedHttpAsyncClientsTest.java:[163,43] org.apache.hc.client5.http.async.methods.SimpleHttpRequests in org.apache.hc.client5.http.async.methods has been deprecated
[INFO] 
[INFO] --- maven-surefire-plugin:2.22.2:test (default-test) @ metrics-httpclient5 ---
[INFO] Skipping execution of surefire because it has already been run for this configuration
[INFO] 
[INFO] --- maven-bundle-plugin:5.1.2:bundle (default-bundle) @ metrics-httpclient5 ---
[WARNING] Bundle io.dropwizard.metrics:metrics-httpclient5:bundle:4.1.22 : Unused Import-Package instructions: [javax.servlet*, org.slf4j*, sun.misc.*, com.sun.management.*] 
[INFO] Running com.codahale.metrics.jdbi3.InstrumentedSqlLoggerTest
[WARNING] bootstrap class path not set in conjunction with -source 8
[WARNING] /mnt/ramdisk/build-bench/metrics-4.1.22/metrics-collectd/src/test/java/com/codahale/metrics/collectd/Receiver.java:[49,17] [CatchAndPrintStackTrace] Logging or rethrowing exceptions should usually be preferred to catching and calling printStackTrace
    (see https://errorprone.info/bugpattern/CatchAndPrintStackTrace)
[WARNING] /mnt/ramdisk/build-bench/metrics-4.1.22/metrics-collectd/src/test/java/com/codahale/metrics/collectd/SanitizeTest.java:[24,77] [UnnecessaryParentheses] These grouping parentheses are unnecessary; it is unlikely the code will be misinterpreted without them
    (see https://errorprone.info/bugpattern/UnnecessaryParentheses)
  Did you mean 'assertThat(sanitize.name(longName)).isEqualTo(longName.substring(0, Sanitize.DEFAULT_MAX_LENGTH));'?
[INFO] 
[INFO] --- maven-surefire-plugin:2.22.2:test (default-test) @ metrics-collectd ---
[INFO] Skipping execution of surefire because it has already been run for this configuration
[INFO] 
[INFO] --- maven-bundle-plugin:5.1.2:bundle (default-bundle) @ metrics-collectd ---
[WARNING] Bundle io.dropwizard.metrics:metrics-collectd:bundle:4.1.22 : Unused Import-Package instructions: [javax.servlet*, sun.misc.*, com.sun.management.*] 
[WARNING] bootstrap class path not set in conjunction with -source 8
[INFO] 
[INFO] --- maven-surefire-plugin:2.22.2:test (default-test) @ metrics-jersey2 ---
[INFO] 
[INFO] -------------------------------------------------------
[INFO]  T E S T S
[INFO] -------------------------------------------------------
[INFO] Tests run: 11, Failures: 0, Errors: 0, Skipped: 0, Time elapsed: 4.506 s - in com.codahale.metrics.jdbi.InstrumentedTimingCollectorTest
[INFO] 
[INFO] Results:
[INFO] 
[INFO] Tests run: 11, Failures: 0, Errors: 0, Skipped: 0
[INFO] 
[INFO] 
[INFO] --- maven-enforcer-plugin:1.4.1:enforce (enforce) @ metrics-jdbi ---
[INFO] 
[INFO] --- jacoco-maven-plugin:0.8.7:prepare-agent (prepare-agent) @ metrics-jdbi ---
[INFO] argLine set to -javaagent:/mnt/ramdisk/.m2/repository/org/jacoco/org.jacoco.agent/0.8.7/org.jacoco.agent-0.8.7-runtime.jar=destfile=/mnt/ramdisk/build-bench/metrics-4.1.22/metrics-jdbi/target/jacoco.exec
[INFO] 
[INFO] --- maven-resources-plugin:3.2.0:resources (default-resources) @ metrics-jdbi ---
[INFO] Using 'UTF-8' encoding to copy filtered resources.
[INFO] Using 'UTF-8' encoding to copy filtered properties files.
[INFO] skip non existing resourceDirectory /mnt/ramdisk/build-bench/metrics-4.1.22/metrics-jdbi/src/main/resources
[INFO] 
[INFO] --- maven-compiler-plugin:3.8.1:compile (default-compile) @ metrics-jdbi ---
[INFO] Changes detected - recompiling the module!
[INFO] Compiling 9 source files to /mnt/ramdisk/build-bench/metrics-4.1.22/metrics-jdbi/target/classes
[INFO] Running com.codahale.metrics.jersey2.SingletonMetricsMeteredPerClassJerseyTest
[INFO] Tests run: 2, Failures: 0, Errors: 0, Skipped: 0, Time elapsed: 5.052 s - in com.codahale.metrics.jdbi3.InstrumentedSqlLoggerTest
[INFO] Running com.codahale.metrics.jdbi3.strategies.NaiveNameStrategyTest
[INFO] Tests run: 1, Failures: 0, Errors: 0, Skipped: 0, Time elapsed: 0.542 s - in com.codahale.metrics.jdbi3.strategies.NaiveNameStrategyTest
[INFO] Running com.codahale.metrics.jdbi3.strategies.SmartNameStrategyTest
[INFO] Tests run: 4, Failures: 0, Errors: 0, Skipped: 0, Time elapsed: 0.099 s - in com.codahale.metrics.jdbi3.strategies.SmartNameStrategyTest
[INFO] Running com.codahale.metrics.jdbi3.strategies.TimedAnnotationNameStrategyTest
[INFO] Tests run: 7, Failures: 0, Errors: 0, Skipped: 0, Time elapsed: 0.071 s - in com.codahale.metrics.jdbi3.strategies.TimedAnnotationNameStrategyTest
[INFO] Running com.codahale.metrics.jdbi3.strategies.BasicSqlNameStrategyTest
[INFO] Tests run: 1, Failures: 0, Errors: 0, Skipped: 0, Time elapsed: 0.032 s - in com.codahale.metrics.jdbi3.strategies.BasicSqlNameStrategyTest
[INFO] 
[INFO] Results:
[INFO] 
[INFO] Tests run: 15, Failures: 0, Errors: 0, Skipped: 0
[INFO] 
[INFO] 
[INFO] --- maven-enforcer-plugin:1.4.1:enforce (enforce) @ metrics-jdbi3 ---
[INFO] 
[INFO] --- jacoco-maven-plugin:0.8.7:prepare-agent (prepare-agent) @ metrics-jdbi3 ---
[INFO] argLine set to -javaagent:/mnt/ramdisk/.m2/repository/org/jacoco/org.jacoco.agent/0.8.7/org.jacoco.agent-0.8.7-runtime.jar=destfile=/mnt/ramdisk/build-bench/metrics-4.1.22/metrics-jdbi3/target/jacoco.exec
[INFO] 
[INFO] --- maven-resources-plugin:3.2.0:resources (default-resources) @ metrics-jdbi3 ---
[INFO] Using 'UTF-8' encoding to copy filtered resources.
[INFO] Using 'UTF-8' encoding to copy filtered properties files.
[INFO] skip non existing resourceDirectory /mnt/ramdisk/build-bench/metrics-4.1.22/metrics-jdbi3/src/main/resources
[INFO] 
[INFO] --- maven-compiler-plugin:3.8.1:compile (default-compile) @ metrics-jdbi3 ---
[INFO] Changes detected - recompiling the module!
[INFO] Compiling 9 source files to /mnt/ramdisk/build-bench/metrics-4.1.22/metrics-jdbi3/target/classes
[WARNING] bootstrap class path not set in conjunction with -source 8
[WARNING] Cannot find annotation method 'value()' in type 'edu.umd.cs.findbugs.annotations.SuppressFBWarnings': class file for edu.umd.cs.findbugs.annotations.SuppressFBWarnings not found
[INFO] 
[INFO] --- maven-resources-plugin:3.2.0:testResources (default-testResources) @ metrics-jdbi ---
[INFO] Using 'UTF-8' encoding to copy filtered resources.
[INFO] Using 'UTF-8' encoding to copy filtered properties files.
[INFO] skip non existing resourceDirectory /mnt/ramdisk/build-bench/metrics-4.1.22/metrics-jdbi/src/test/resources
[INFO] 
[INFO] --- maven-compiler-plugin:3.8.1:testCompile (default-testCompile) @ metrics-jdbi ---
[INFO] Changes detected - recompiling the module!
[INFO] Compiling 1 source file to /mnt/ramdisk/build-bench/metrics-4.1.22/metrics-jdbi/target/test-classes
[WARNING] bootstrap class path not set in conjunction with -source 8
[WARNING] /mnt/ramdisk/build-bench/metrics-4.1.22/metrics-jdbi3/src/main/java/com/codahale/metrics/jdbi3/InstrumentedTimingCollector.java:[8,34] org.jdbi.v3.core.statement.TimingCollector in org.jdbi.v3.core.statement has been deprecated
[INFO] 
[INFO] --- maven-resources-plugin:3.2.0:testResources (default-testResources) @ metrics-jdbi3 ---
[INFO] Using 'UTF-8' encoding to copy filtered resources.
[INFO] Using 'UTF-8' encoding to copy filtered properties files.
[INFO] skip non existing resourceDirectory /mnt/ramdisk/build-bench/metrics-4.1.22/metrics-jdbi3/src/test/resources
[INFO] 
[INFO] --- maven-compiler-plugin:3.8.1:testCompile (default-testCompile) @ metrics-jdbi3 ---
[INFO] Changes detected - recompiling the module!
[INFO] Compiling 6 source files to /mnt/ramdisk/build-bench/metrics-4.1.22/metrics-jdbi3/target/test-classes
[INFO] Tests run: 2, Failures: 0, Errors: 0, Skipped: 0, Time elapsed: 7.072 s - in com.codahale.metrics.jersey2.SingletonMetricsMeteredPerClassJerseyTest
[INFO] Running com.codahale.metrics.jersey2.CustomReservoirImplementationTest
[WARNING] bootstrap class path not set in conjunction with -source 8
[INFO] 
[INFO] --- maven-surefire-plugin:2.22.2:test (default-test) @ metrics-jdbi ---
[INFO] Skipping execution of surefire because it has already been run for this configuration
[INFO] 
[INFO] --- maven-bundle-plugin:5.1.2:bundle (default-bundle) @ metrics-jdbi ---
[INFO] Tests run: 1, Failures: 0, Errors: 0, Skipped: 0, Time elapsed: 0.302 s - in com.codahale.metrics.jersey2.CustomReservoirImplementationTest
[INFO] Running com.codahale.metrics.jersey2.SingletonFilterMetricsJerseyTest
[WARNING] Bundle io.dropwizard.metrics:metrics-jdbi:bundle:4.1.22 : Unused Import-Package instructions: [javax.servlet*, org.slf4j*, sun.misc.*, com.sun.management.*] 
[INFO] Tests run: 9, Failures: 0, Errors: 0, Skipped: 0, Time elapsed: 1.694 s - in com.codahale.metrics.jersey2.SingletonFilterMetricsJerseyTest
[INFO] Running com.codahale.metrics.jersey2.SingletonMetricsTimedPerClassJerseyTest
[INFO] Tests run: 2, Failures: 0, Errors: 0, Skipped: 0, Time elapsed: 0.418 s - in com.codahale.metrics.jersey2.SingletonMetricsTimedPerClassJerseyTest
[INFO] Running com.codahale.metrics.jersey2.SingletonMetricsExceptionMeteredPerClassJerseyTest
[WARNING] bootstrap class path not set in conjunction with -source 8
[WARNING] /mnt/ramdisk/build-bench/metrics-4.1.22/metrics-jdbi3/src/test/java/com/codahale/metrics/jdbi3/strategies/SmartNameStrategyTest.java:[3,34] com.codahale.metrics.jdbi3.InstrumentedTimingCollector in com.codahale.metrics.jdbi3 has been deprecated
[WARNING] /mnt/ramdisk/build-bench/metrics-4.1.22/metrics-jdbi3/src/test/java/com/codahale/metrics/jdbi3/strategies/SmartNameStrategyTest.java:[18,13] com.codahale.metrics.jdbi3.InstrumentedTimingCollector in com.codahale.metrics.jdbi3 has been deprecated
[WARNING] /mnt/ramdisk/build-bench/metrics-4.1.22/metrics-jdbi3/src/test/java/com/codahale/metrics/jdbi3/strategies/SmartNameStrategyTest.java:[24,25] com.codahale.metrics.jdbi3.InstrumentedTimingCollector in com.codahale.metrics.jdbi3 has been deprecated
[INFO] 
[INFO] --- maven-surefire-plugin:2.22.2:test (default-test) @ metrics-jdbi3 ---
[INFO] Skipping execution of surefire because it has already been run for this configuration
[INFO] 
[INFO] --- maven-bundle-plugin:5.1.2:bundle (default-bundle) @ metrics-jdbi3 ---
[INFO] Tests run: 2, Failures: 0, Errors: 0, Skipped: 0, Time elapsed: 0.376 s - in com.codahale.metrics.jersey2.SingletonMetricsExceptionMeteredPerClassJerseyTest
[INFO] Running com.codahale.metrics.jersey2.SingletonMetricsJerseyTest
[WARNING] Bundle io.dropwizard.metrics:metrics-jdbi3:bundle:4.1.22 : Unused Import-Package instructions: [javax.servlet*, org.slf4j*, sun.misc.*, com.sun.management.*] 
[INFO] Tests run: 6, Failures: 0, Errors: 0, Skipped: 0, Time elapsed: 0.755 s - in com.codahale.metrics.jersey2.SingletonMetricsJerseyTest
[INFO] Running com.codahale.metrics.jersey2.SingletonMetricsResponseMeteredPerClassJerseyTest
[INFO] Tests run: 6, Failures: 0, Errors: 0, Skipped: 0, Time elapsed: 0.648 s - in com.codahale.metrics.jersey2.SingletonMetricsResponseMeteredPerClassJerseyTest
[INFO] 
[INFO] Results:
[INFO] 
[INFO] Tests run: 28, Failures: 0, Errors: 0, Skipped: 0
[INFO] 
[INFO] 
[INFO] --- maven-enforcer-plugin:1.4.1:enforce (enforce) @ metrics-jersey2 ---
[INFO] 
[INFO] --- jacoco-maven-plugin:0.8.7:prepare-agent (prepare-agent) @ metrics-jersey2 ---
[INFO] argLine set to -javaagent:/mnt/ramdisk/.m2/repository/org/jacoco/org.jacoco.agent/0.8.7/org.jacoco.agent-0.8.7-runtime.jar=destfile=/mnt/ramdisk/build-bench/metrics-4.1.22/metrics-jersey2/target/jacoco.exec
[INFO] 
[INFO] --- maven-resources-plugin:3.2.0:resources (default-resources) @ metrics-jersey2 ---
[INFO] Using 'UTF-8' encoding to copy filtered resources.
[INFO] Using 'UTF-8' encoding to copy filtered properties files.
[INFO] skip non existing resourceDirectory /mnt/ramdisk/build-bench/metrics-4.1.22/metrics-jersey2/src/main/resources
[INFO] 
[INFO] --- maven-compiler-plugin:3.8.1:compile (default-compile) @ metrics-jersey2 ---
[INFO] Changes detected - recompiling the module!
[INFO] Compiling 2 source files to /mnt/ramdisk/build-bench/metrics-4.1.22/metrics-jersey2/target/classes
[WARNING] bootstrap class path not set in conjunction with -source 8
[WARNING] /mnt/ramdisk/build-bench/metrics-4.1.22/metrics-jersey2/src/main/java/com/codahale/metrics/jersey2/InstrumentedResourceMethodApplicationListener.java:[495,24] [EqualsGetClass] Prefer instanceof to getClass when implementing Object#equals.
    (see https://errorprone.info/bugpattern/EqualsGetClass)
  Did you mean 'if (!(o instanceof EventTypeAndMethod)) {'?
[INFO] 
[INFO] --- maven-resources-plugin:3.2.0:testResources (default-testResources) @ metrics-jersey2 ---
[INFO] Using 'UTF-8' encoding to copy filtered resources.
[INFO] Using 'UTF-8' encoding to copy filtered properties files.
[INFO] skip non existing resourceDirectory /mnt/ramdisk/build-bench/metrics-4.1.22/metrics-jersey2/src/test/resources
[INFO] 
[INFO] --- maven-compiler-plugin:3.8.1:testCompile (default-testCompile) @ metrics-jersey2 ---
[INFO] Changes detected - recompiling the module!
[INFO] Compiling 22 source files to /mnt/ramdisk/build-bench/metrics-4.1.22/metrics-jersey2/target/test-classes
[INFO] Tests run: 7, Failures: 0, Errors: 0, Skipped: 0, Time elapsed: 27.559 s - in com.codahale.metrics.graphite.PickledGraphiteTest
[WARNING] bootstrap class path not set in conjunction with -source 8
[INFO] 
[INFO] --- maven-surefire-plugin:2.22.2:test (default-test) @ metrics-jersey2 ---
[INFO] Skipping execution of surefire because it has already been run for this configuration
[INFO] 
[INFO] --- maven-bundle-plugin:5.1.2:bundle (default-bundle) @ metrics-jersey2 ---
[WARNING] Bundle io.dropwizard.metrics:metrics-jersey2:bundle:4.1.22 : Unused Import-Package instructions: [javax.servlet*, org.slf4j*, sun.misc.*, com.sun.management.*] 
[INFO] 
[INFO] Results:
[INFO] 
[INFO] Tests run: 26, Failures: 0, Errors: 0, Skipped: 0
[INFO] 
[INFO] 
[INFO] --- maven-enforcer-plugin:1.4.1:enforce (enforce) @ metrics-graphite ---
[INFO] 
[INFO] --- jacoco-maven-plugin:0.8.7:prepare-agent (prepare-agent) @ metrics-graphite ---
[INFO] argLine set to -javaagent:/mnt/ramdisk/.m2/repository/org/jacoco/org.jacoco.agent/0.8.7/org.jacoco.agent-0.8.7-runtime.jar=destfile=/mnt/ramdisk/build-bench/metrics-4.1.22/metrics-graphite/target/jacoco.exec
[INFO] 
[INFO] --- maven-resources-plugin:3.2.0:resources (default-resources) @ metrics-graphite ---
[INFO] Using 'UTF-8' encoding to copy filtered resources.
[INFO] Using 'UTF-8' encoding to copy filtered properties files.
[INFO] skip non existing resourceDirectory /mnt/ramdisk/build-bench/metrics-4.1.22/metrics-graphite/src/main/resources
[INFO] 
[INFO] --- maven-compiler-plugin:3.8.1:compile (default-compile) @ metrics-graphite ---
[INFO] Changes detected - recompiling the module!
[INFO] Compiling 7 source files to /mnt/ramdisk/build-bench/metrics-4.1.22/metrics-graphite/target/classes
[WARNING] bootstrap class path not set in conjunction with -source 8
[WARNING] /mnt/ramdisk/build-bench/metrics-4.1.22/metrics-graphite/src/main/java/com/codahale/metrics/graphite/GraphiteReporter.java:[252,49] [UnnecessaryLambda] Returning a lambda from a helper method or saving it in a constant is unnecessary; prefer to implement the functional interface method directly and use a method reference instead.
    (see https://errorprone.info/bugpattern/UnnecessaryLambda)
  Did you mean 'this.floatingPointFormatter = GraphiteReporter::defaultFpFormatter;'?
[WARNING] /mnt/ramdisk/build-bench/metrics-4.1.22/metrics-graphite/src/main/java/com/codahale/metrics/graphite/Graphite.java:[130,62] [OperatorPrecedence] Use grouping parenthesis to make the operator precedence explicit
    (see https://errorprone.info/bugpattern/OperatorPrecedence)
  Did you mean 'if (address == null || (address.getHostName() == null && hostname != null)) {'?
[INFO] 
[INFO] --- maven-resources-plugin:3.2.0:testResources (default-testResources) @ metrics-graphite ---
[INFO] Using 'UTF-8' encoding to copy filtered resources.
[INFO] Using 'UTF-8' encoding to copy filtered properties files.
[INFO] Copying 1 resource
[INFO] 
[INFO] --- maven-compiler-plugin:3.8.1:testCompile (default-testCompile) @ metrics-graphite ---
[INFO] Changes detected - recompiling the module!
[INFO] Compiling 5 source files to /mnt/ramdisk/build-bench/metrics-4.1.22/metrics-graphite/target/test-classes
[WARNING] bootstrap class path not set in conjunction with -source 8
[INFO] 
[INFO] --- maven-surefire-plugin:2.22.2:test (default-test) @ metrics-graphite ---
[INFO] Skipping execution of surefire because it has already been run for this configuration
[INFO] 
[INFO] --- maven-bundle-plugin:5.1.2:bundle (default-bundle) @ metrics-graphite ---
[WARNING] Bundle io.dropwizard.metrics:metrics-graphite:bundle:4.1.22 : Unused Import-Package instructions: [javax.servlet*, sun.misc.*, com.sun.management.*] 
[INFO] ------------------------------------------------------------------------
[INFO] Reactor Summary for Metrics Parent 4.1.22:
[INFO] 
[INFO] Metrics Parent ..................................... SUCCESS [  0.565 s]
[INFO] Metrics Documentation .............................. SUCCESS [  3.591 s]
[INFO] Metrics BOM ........................................ SUCCESS [  0.076 s]
[INFO] Annotations for Metrics ............................ SUCCESS [  5.559 s]
[INFO] Metrics Core ....................................... SUCCESS [ 38.803 s]
[INFO] Benchmarks for Metrics ............................. SUCCESS [ 10.401 s]
[INFO] Metrics Integration for Caffeine ................... SUCCESS [ 24.267 s]
[INFO] Metrics Integration for Collectd ................... SUCCESS [ 41.323 s]
[INFO] Metrics Integration for Ehcache .................... SUCCESS [ 27.976 s]
[INFO] Graphite Integration for Metrics ................... SUCCESS [01:02 min]
[INFO] JVM Integration for Metrics ........................ FAILURE [ 29.551 s]
[INFO] Metrics Health Checks .............................. SKIPPED
[INFO] Metrics Integration for Apache HttpClient .......... SUCCESS [ 35.292 s]
[INFO] Metrics Integration for Apache HttpClient 5.x ...... SUCCESS [ 39.313 s]
[INFO] Metrics Integration for Apache HttpAsyncClient ..... SKIPPED
[INFO] Metrics Integration for JCache ..................... SKIPPED
[INFO] Metrics JCStress tests ............................. SUCCESS [ 14.681 s]
[INFO] Metrics Integration for JDBI ....................... SUCCESS [ 27.315 s]
[INFO] Metrics Integration for JDBI3 ...................... SUCCESS [ 28.747 s]
[INFO] Metrics Integration for Jersey 2.x ................. SUCCESS [ 31.660 s]
[INFO] Metrics Integration for Jetty 9.3 and higher ....... SKIPPED
[INFO] Metrics Integration with JMX ....................... SKIPPED
[INFO] Jackson Integration for Metrics .................... SKIPPED
[INFO] Metrics Integration for Log4j 2.x .................. SKIPPED
[INFO] Metrics Integration for Logback .................... SKIPPED
[INFO] Metrics Integration for Servlets ................... SKIPPED
[INFO] Metrics Utility Servlets ........................... SKIPPED
[INFO] ------------------------------------------------------------------------
[INFO] BUILD FAILURE
[INFO] ------------------------------------------------------------------------
[INFO] Total time:  01:42 min (Wall Clock)
[INFO] Finished at: 2021-12-26T18:56:32+01:00
[INFO] ------------------------------------------------------------------------
[ERROR] Failed to execute goal org.apache.maven.plugins:maven-surefire-plugin:2.22.2:test (default-test) on project metrics-jvm: There are test failures.
[ERROR] 
[ERROR] Please refer to /mnt/ramdisk/build-bench/metrics-4.1.22/metrics-jvm/target/surefire-reports for the individual test results.
[ERROR] Please refer to dump files (if any exist) [date].dump, [date]-jvmRun[N].dump and [date].dumpstream.
[ERROR] -> [Help 1]
[ERROR] 
[ERROR] To see the full stack trace of the errors, re-run Maven with the -e switch.
[ERROR] Re-run Maven using the -X switch to enable full debug logging.
[ERROR] 
[ERROR] For more information about the errors and possible solutions, please read the following articles:
[ERROR] [Help 1] http://cwiki.apache.org/confluence/display/MAVEN/MojoFailureException
[ERROR] 
[ERROR] After correcting the problems, you can resume the build with the command
[ERROR]   mvn <args> -rf :metrics-jvm
20211226T175632
ELAPSED TIME: 105 s
